Log file open, 02/14/23 17:41:51
LogWindows: Failed to load 'aqProf.dll' (GetLastError=126)
LogWindows: File 'aqProf.dll' does not exist
LogWindows: Failed to load 'VtuneApi.dll' (GetLastError=126)
LogWindows: File 'VtuneApi.dll' does not exist
LogWindows: Failed to load 'VtuneApi32e.dll' (GetLastError=126)
LogWindows: File 'VtuneApi32e.dll' does not exist
LogConsoleResponse: Display: Failed to find resolution value strings in scalability ini. Falling back to default.
LogConsoleResponse: Display: Failed to find resolution value strings in scalability ini. Falling back to default.
LogInit: Display: Running engine for game: ElementalBrawl
LogPlatformFile: Not using cached read wrapper
LogTaskGraph: Started task graph with 5 named threads and 35 total threads with 3 sets of task threads.
LogStats: Stats thread started at 0.355812
LogICUInternationalization: ICU TimeZone Detection - Raw Offset: -8:00, Platform Override: ''
LogInit: Display: Loading text-based GConfig....
LogPluginManager: Mounting plugin MeshPainting
LogPluginManager: Mounting plugin XGEController
LogPluginManager: Mounting plugin Paper2D
LogPluginManager: Mounting plugin AISupport
LogPluginManager: Mounting plugin EnvironmentQueryEditor
LogPluginManager: Mounting plugin LightPropagationVolume
LogPluginManager: Mounting plugin LiveLink
LogPluginManager: Mounting plugin CameraShakePreviewer
LogPluginManager: Mounting plugin OodleNetwork
LogPluginManager: Mounting plugin AnimationSharing
LogPluginManager: Mounting plugin CodeLiteSourceCodeAccess
LogPluginManager: Mounting plugin GameplayCameras
LogPluginManager: Mounting plugin OodleData
LogPluginManager: Mounting plugin CLionSourceCodeAccess
LogPluginManager: Mounting plugin GitSourceControl
LogPluginManager: Mounting plugin NullSourceCodeAccess
LogPluginManager: Mounting plugin PerforceSourceControl
LogPluginManager: Mounting plugin PixWinPlugin
LogPluginManager: Mounting plugin PluginUtils
LogPluginManager: Mounting plugin PropertyAccessNode
LogPluginManager: Mounting plugin PlasticSourceControl
LogPluginManager: Mounting plugin AssetManagerEditor
LogPluginManager: Mounting plugin CryptoKeys
LogPluginManager: Mounting plugin RiderSourceCodeAccess
LogPluginManager: Mounting plugin CurveEditorTools
LogPluginManager: Mounting plugin DataValidation
LogPluginManager: Mounting plugin FacialAnimation
LogPluginManager: Mounting plugin GameplayTagsEditor
LogPluginManager: Mounting plugin SubversionSourceControl
LogPluginManager: Mounting plugin GeometryMode
LogPluginManager: Mounting plugin TextureFormatOodle
LogPluginManager: Mounting plugin UObjectPlugin
LogPluginManager: Mounting plugin VisualStudioCodeSourceCodeAccess
LogPluginManager: Mounting plugin VisualStudioSourceCodeAccess
LogPluginManager: Mounting plugin MacGraphicsSwitching
LogPluginManager: Mounting plugin MaterialAnalyzer
LogPluginManager: Mounting plugin XCodeSourceCodeAccess
LogPluginManager: Mounting plugin MobileLauncherProfileWizard
LogPluginManager: Mounting plugin PluginBrowser
LogPluginManager: Mounting plugin SpeedTreeImporter
LogPluginManager: Mounting plugin DatasmithContent
LogPluginManager: Mounting plugin KDevelopSourceCodeAccess
LogPluginManager: Mounting plugin VariantManagerContent
LogPluginManager: Mounting plugin AlembicImporter
LogPluginManager: Mounting plugin AutomationUtils
LogPluginManager: Mounting plugin BackChannel
LogPluginManager: Mounting plugin ChaosCloth
LogPluginManager: Mounting plugin ChaosClothEditor
LogPluginManager: Mounting plugin ChaosEditor
LogPluginManager: Mounting plugin ChaosNiagara
LogPluginManager: Mounting plugin ChaosSolverPlugin
LogPluginManager: Mounting plugin CharacterAI
LogPluginManager: Mounting plugin Niagara
LogPluginManager: Mounting plugin GeometryCache
LogPluginManager: Mounting plugin LuminPlatformFeatures
LogPluginManager: Mounting plugin MagicLeap
LogPluginManager: Mounting plugin GeometryCollectionPlugin
LogPluginManager: Mounting plugin GeometryProcessing
LogPluginManager: Mounting plugin MagicLeapLightEstimation
LogPluginManager: Mounting plugin MagicLeapMedia
LogPluginManager: Mounting plugin OpenImageDenoise
LogPluginManager: Mounting plugin MagicLeapPassableWorld
LogPluginManager: Mounting plugin PlanarCut
LogPluginManager: Mounting plugin PlatformCrypto
LogPluginManager: Mounting plugin MLSDK
LogPluginManager: Mounting plugin ProxyLODPlugin
LogPluginManager: Mounting plugin PythonScriptPlugin
LogPluginManager: Mounting plugin SkeletalReduction
LogPluginManager: Mounting plugin AndroidMedia
LogPluginManager: Mounting plugin AvfMedia
LogPluginManager: Mounting plugin ImgMedia
LogPluginManager: Mounting plugin MediaCompositing
LogPluginManager: Mounting plugin MediaPlayerEditor
LogPluginManager: Mounting plugin WebMMedia
LogPluginManager: Mounting plugin WmfMedia
LogPluginManager: Mounting plugin UdpMessaging
LogPluginManager: Mounting plugin ActorSequence
LogPluginManager: Mounting plugin TcpMessaging
LogPluginManager: Mounting plugin MatineeToLevelSequence
LogPluginManager: Mounting plugin LevelSequenceEditor
LogPluginManager: Mounting plugin MotoSynth
LogPluginManager: Mounting plugin TemplateSequence
LogPluginManager: Mounting plugin OnlineSubsystemNull
LogPluginManager: Mounting plugin OnlineSubsystemUtils
LogPluginManager: Mounting plugin OnlineSubsystem
LogPluginManager: Mounting plugin LauncherChunkInstaller
LogPluginManager: Mounting plugin ActorLayerUtilities
LogPluginManager: Mounting plugin AndroidDeviceProfileSelector
LogPluginManager: Mounting plugin AndroidMoviePlayer
LogPluginManager: Mounting plugin AndroidPermission
LogPluginManager: Mounting plugin AppleImageUtils
LogPluginManager: Mounting plugin AppleMoviePlayer
LogPluginManager: Mounting plugin ArchVisCharacter
LogPluginManager: Mounting plugin AssetTags
LogPluginManager: Mounting plugin AudioCapture
LogPluginManager: Mounting plugin AudioSynesthesia
LogPluginManager: Mounting plugin ChunkDownloader
LogPluginManager: Mounting plugin EditableMesh
LogPluginManager: Mounting plugin CustomMeshComponent
LogPluginManager: Mounting plugin ExampleDeviceProfileSelector
LogPluginManager: Mounting plugin CableComponent
LogPluginManager: Mounting plugin GoogleCloudMessaging
LogPluginManager: Mounting plugin GooglePAD
LogPluginManager: Mounting plugin IOSDeviceProfileSelector
LogPluginManager: Mounting plugin LinuxDeviceProfileSelector
LogPluginManager: Mounting plugin LocationServicesBPLibrary
LogPluginManager: Mounting plugin MobilePatchingUtils
LogPluginManager: Mounting plugin OpenXR
LogPluginManager: Mounting plugin OpenXREyeTracker
LogPluginManager: Mounting plugin OpenXRHandTracking
LogPluginManager: Mounting plugin PhysXVehicles
LogPluginManager: Mounting plugin ScreenshotTools
LogPluginManager: Mounting plugin PostSplashScreen
LogPluginManager: Mounting plugin ProceduralMeshComponent
LogPluginManager: Mounting plugin PropertyAccessEditor
LogPluginManager: Mounting plugin SignificanceManager
LogPluginManager: Mounting plugin RuntimePhysXCooking
LogPluginManager: Mounting plugin Synthesis
LogPluginManager: Mounting plugin WebMMoviePlayer
LogPluginManager: Mounting plugin WindowsMoviePlayer
LogPluginManager: Mounting plugin SoundFields
LogPluginManager: Mounting plugin Takes
LogPluginManager: Mounting plugin ContentBrowserAssetDataSource
LogPluginManager: Mounting plugin ContentBrowserClassDataSource
LogPluginManager: Mounting plugin ContentBrowserFileDataSource
LogPluginManager: Mounting plugin OnlineSubsystemGooglePlay
LogPluginManager: Mounting plugin OnlineSubsystemIOS
LogPluginManager: Mounting plugin OculusVR
LogPluginManager: Mounting plugin SteamVR
PixWinPlugin: PIX capture plugin failed to initialize! Check that the process is launched from PIX.
LogInit: Using libcurl 7.55.1-DEV
LogInit:  - built for x86_64-pc-win32
LogInit:  - supports SSL with OpenSSL/1.1.1
LogInit:  - supports HTTP deflate (compression) using libz 1.2.8
LogInit:  - other features:
LogInit:      CURL_VERSION_SSL
LogInit:      CURL_VERSION_LIBZ
LogInit:      CURL_VERSION_IPV6
LogInit:      CURL_VERSION_ASYNCHDNS
LogInit:      CURL_VERSION_LARGEFILE
LogInit:      CURL_VERSION_IDN
LogInit:  CurlRequestOptions (configurable via config and command line):
LogInit:  - bVerifyPeer = true  - Libcurl will verify peer certificate
LogInit:  - bUseHttpProxy = false  - Libcurl will NOT use HTTP proxy
LogInit:  - bDontReuseConnections = false  - Libcurl will reuse connections
LogInit:  - MaxHostConnections = 16  - Libcurl will limit the number of connections to a host
LogInit:  - LocalHostAddr = Default
LogInit:  - BufferSize = 65536
LogOnline: OSS: Creating online subsystem instance for: NULL
LogInit: WinSock: version 1.1 (2.2), MaxSocks=32767, MaxUdp=65467
LogOnline: OSS: TryLoadSubsystemAndSetDefault: Loaded subsystem for module [NULL]
LogOculusPluginWrapper: OculusPlugin initialized successfully
LogHMD: Failed initializing OVRPlugin 1.59.0
LogInit: Build: ++UE4+Release-4.27-CL-18319896
LogInit: Engine Version: 4.27.2-18319896+++UE4+Release-4.27
LogInit: Compatible Engine Version: 4.27.0-17155196+++UE4+Release-4.27
LogInit: Net CL: 17155196
LogInit: OS: Windows 10 (Release 2009) (), CPU: Intel(R) Core(TM) i7-6850K CPU @ 3.60GHz, GPU: NVIDIA GeForce GTX 1080
LogInit: Compiled (64-bit): Nov 30 2021 07:12:08
LogInit: Compiled with Visual C++: 19.24.28315.00
LogInit: Build Configuration: Development
LogInit: Branch Name: ++UE4+Release-4.27
LogInit: Command Line:  -skipcompile
LogInit: Base Directory: C:/Program Files/Epic Games/UE_4.27/Engine/Binaries/Win64/
LogInit: Allocator: TBB
LogInit: Installed Engine Build: 1
LogDevObjectVersion: Number of dev versions registered: 29
LogDevObjectVersion:   Dev-Blueprints (B0D832E4-1F89-4F0D-ACCF-7EB736FD4AA2): 10
LogDevObjectVersion:   Dev-Build (E1C64328-A22C-4D53-A36C-8E866417BD8C): 0
LogDevObjectVersion:   Dev-Core (375EC13C-06E4-48FB-B500-84F0262A717E): 4
LogDevObjectVersion:   Dev-Editor (E4B068ED-F494-42E9-A231-DA0B2E46BB41): 40
LogDevObjectVersion:   Dev-Framework (CFFC743F-43B0-4480-9391-14DF171D2073): 37
LogDevObjectVersion:   Dev-Mobile (B02B49B5-BB20-44E9-A304-32B752E40360): 3
LogDevObjectVersion:   Dev-Networking (A4E4105C-59A1-49B5-A7C5-40C4547EDFEE): 0
LogDevObjectVersion:   Dev-Online (39C831C9-5AE6-47DC-9A44-9C173E1C8E7C): 0
LogDevObjectVersion:   Dev-Physics (78F01B33-EBEA-4F98-B9B4-84EACCB95AA2): 14
LogDevObjectVersion:   Dev-Platform (6631380F-2D4D-43E0-8009-CF276956A95A): 0
LogDevObjectVersion:   Dev-Rendering (12F88B9F-8875-4AFC-A67C-D90C383ABD29): 45
LogDevObjectVersion:   Dev-Sequencer (7B5AE74C-D270-4C10-A958-57980B212A5A): 13
LogDevObjectVersion:   Dev-VR (D7296918-1DD6-4BDD-9DE2-64A83CC13884): 3
LogDevObjectVersion:   Dev-LoadTimes (C2A15278-BFE7-4AFE-6C17-90FF531DF755): 1
LogDevObjectVersion:   Private-Geometry (6EACA3D4-40EC-4CC1-B786-8BED09428FC5): 3
LogDevObjectVersion:   Dev-AnimPhys (29E575DD-E0A3-4627-9D10-D276232CDCEA): 17
LogDevObjectVersion:   Dev-Anim (AF43A65D-7FD3-4947-9873-3E8ED9C1BB05): 15
LogDevObjectVersion:   Dev-ReflectionCapture (6B266CEC-1EC7-4B8F-A30B-E4D90942FC07): 1
LogDevObjectVersion:   Dev-Automation (0DF73D61-A23F-47EA-B727-89E90C41499A): 1
LogDevObjectVersion:   FortniteMain (601D1886-AC64-4F84-AA16-D3DE0DEAC7D6): 47
LogDevObjectVersion:   FortniteRelease (E7086368-6B23-4C58-8439-1B7016265E91): 1
LogDevObjectVersion:   Dev-Enterprise (9DFFBCD6-494F-0158-E221-12823C92A888): 10
LogDevObjectVersion:   Dev-Niagara (F2AED0AC-9AFE-416F-8664-AA7FFA26D6FC): 1
LogDevObjectVersion:   Dev-Destruction (174F1F0B-B4C6-45A5-B13F-2EE8D0FB917D): 10
LogDevObjectVersion:   Dev-Physics-Ext (35F94A83-E258-406C-A318-09F59610247C): 41
LogDevObjectVersion:   Dev-PhysicsMaterial-Chaos (B68FC16E-8B1B-42E2-B453-215C058844FE): 1
LogDevObjectVersion:   Dev-CineCamera (B2E18506-4273-CFC2-A54E-F4BB758BBA07): 1
LogDevObjectVersion:   Dev-VirtualProduction (64F58936-FD1B-42BA-BA96-7289D5D0FA4E): 1
LogDevObjectVersion:   Dev-MediaFramework (6F0ED827-A609-4895-9C91-998D90180EA4): 2
LogInit: Presizing for max 25165824 objects, including 0 objects not considered by GC, pre-allocating 0 bytes for permanent pool.
LogConfig: Applying CVar settings from Section [/Script/Engine.StreamingSettings] File [D:/Programming/ElementalBrawl/ElementalBrawl/ElementalBrawl/Saved/Config/Windows/Engine.ini]
LogConfig: Setting CVar [[s.MinBulkDataSizeForAsyncLoading:131072]]
LogConfig: Setting CVar [[s.AsyncLoadingThreadEnabled:0]]
LogConfig: Setting CVar [[s.EventDrivenLoaderEnabled:1]]
LogConfig: Setting CVar [[s.WarnIfTimeLimitExceeded:0]]
LogConfig: Setting CVar [[s.TimeLimitExceededMultiplier:1.5]]
LogConfig: Setting CVar [[s.TimeLimitExceededMinTime:0.005]]
LogConfig: Setting CVar [[s.UseBackgroundLevelStreaming:1]]
LogConfig: Setting CVar [[s.PriorityAsyncLoadingExtraTime:15.0]]
LogConfig: Setting CVar [[s.LevelStreamingActorsUpdateTimeLimit:5.0]]
LogConfig: Setting CVar [[s.PriorityLevelStreamingActorsUpdateExtraTime:5.0]]
LogConfig: Setting CVar [[s.LevelStreamingComponentsRegistrationGranularity:10]]
LogConfig: Setting CVar [[s.UnregisterComponentsTimeLimit:1.0]]
LogConfig: Setting CVar [[s.LevelStreamingComponentsUnregistrationGranularity:5]]
LogConfig: Setting CVar [[s.FlushStreamingOnExit:1]]
LogInit: Object subsystem initialized
LogConfig: Setting CVar [[con.DebugEarlyDefault:1]]
LogConfig: Setting CVar [[r.setres:1280x720]]
[2023.02.15-01.41.53:631][  0]LogConfig: Setting CVar [[r.VSync:0]]
[2023.02.15-01.41.53:631][  0]LogConfig: Setting CVar [[r.RHICmdBypass:0]]
[2023.02.15-01.41.53:631][  0]LogConfig: Applying CVar settings from Section [/Script/Engine.RendererSettings] File [D:/Programming/ElementalBrawl/ElementalBrawl/ElementalBrawl/Saved/Config/Windows/Engine.ini]
[2023.02.15-01.41.53:631][  0]LogConfig: Setting CVar [[r.GPUCrashDebugging:0]]
[2023.02.15-01.41.53:631][  0]LogConfig: Applying CVar settings from Section [/Script/Engine.RendererOverrideSettings] File [D:/Programming/ElementalBrawl/ElementalBrawl/ElementalBrawl/Saved/Config/Windows/Engine.ini]
[2023.02.15-01.41.53:631][  0]LogConfig: Applying CVar settings from Section [/Script/Engine.StreamingSettings] File [D:/Programming/ElementalBrawl/ElementalBrawl/ElementalBrawl/Saved/Config/Windows/Engine.ini]
[2023.02.15-01.41.53:632][  0]LogConfig: Setting CVar [[s.MinBulkDataSizeForAsyncLoading:131072]]
[2023.02.15-01.41.53:632][  0]LogConfig: Setting CVar [[s.AsyncLoadingThreadEnabled:0]]
[2023.02.15-01.41.53:632][  0]LogConfig: Setting CVar [[s.EventDrivenLoaderEnabled:1]]
[2023.02.15-01.41.53:632][  0]LogConfig: Setting CVar [[s.WarnIfTimeLimitExceeded:0]]
[2023.02.15-01.41.53:632][  0]LogConfig: Setting CVar [[s.TimeLimitExceededMultiplier:1.5]]
[2023.02.15-01.41.53:632][  0]LogConfig: Setting CVar [[s.TimeLimitExceededMinTime:0.005]]
[2023.02.15-01.41.53:632][  0]LogConfig: Setting CVar [[s.UseBackgroundLevelStreaming:1]]
[2023.02.15-01.41.53:632][  0]LogConfig: Setting CVar [[s.PriorityAsyncLoadingExtraTime:15.0]]
[2023.02.15-01.41.53:632][  0]LogConfig: Setting CVar [[s.LevelStreamingActorsUpdateTimeLimit:5.0]]
[2023.02.15-01.41.53:632][  0]LogConfig: Setting CVar [[s.PriorityLevelStreamingActorsUpdateExtraTime:5.0]]
[2023.02.15-01.41.53:632][  0]LogConfig: Setting CVar [[s.LevelStreamingComponentsRegistrationGranularity:10]]
[2023.02.15-01.41.53:632][  0]LogConfig: Setting CVar [[s.UnregisterComponentsTimeLimit:1.0]]
[2023.02.15-01.41.53:632][  0]LogConfig: Setting CVar [[s.LevelStreamingComponentsUnregistrationGranularity:5]]
[2023.02.15-01.41.53:632][  0]LogConfig: Setting CVar [[s.FlushStreamingOnExit:1]]
[2023.02.15-01.41.53:632][  0]LogConfig: Applying CVar settings from Section [/Script/Engine.GarbageCollectionSettings] File [D:/Programming/ElementalBrawl/ElementalBrawl/ElementalBrawl/Saved/Config/Windows/Engine.ini]
[2023.02.15-01.41.53:632][  0]LogConfig: Setting CVar [[gc.MaxObjectsNotConsideredByGC:1]]
[2023.02.15-01.41.53:633][  0]LogConfig: Setting CVar [[gc.SizeOfPermanentObjectPool:0]]
[2023.02.15-01.41.53:633][  0]LogConfig: Setting CVar [[gc.FlushStreamingOnGC:0]]
[2023.02.15-01.41.53:633][  0]LogConfig: Setting CVar [[gc.NumRetriesBeforeForcingGC:10]]
[2023.02.15-01.41.53:633][  0]LogConfig: Setting CVar [[gc.AllowParallelGC:1]]
[2023.02.15-01.41.53:633][  0]LogConfig: Setting CVar [[gc.TimeBetweenPurgingPendingKillObjects:61.1]]
[2023.02.15-01.41.53:633][  0]LogConfig: Setting CVar [[gc.MaxObjectsInEditor:25165824]]
[2023.02.15-01.41.53:633][  0]LogConfig: Setting CVar [[gc.IncrementalBeginDestroyEnabled:1]]
[2023.02.15-01.41.53:633][  0]LogConfig: Setting CVar [[gc.CreateGCClusters:1]]
[2023.02.15-01.41.53:633][  0]LogConfig: Setting CVar [[gc.MinGCClusterSize:5]]
[2023.02.15-01.41.53:633][  0]LogConfig: Setting CVar [[gc.ActorClusteringEnabled:0]]
[2023.02.15-01.41.53:633][  0]LogConfig: Setting CVar [[gc.BlueprintClusteringEnabled:0]]
[2023.02.15-01.41.53:633][  0]LogConfig: Setting CVar [[gc.UseDisregardForGCOnDedicatedServers:0]]
[2023.02.15-01.41.53:633][  0]LogConfig: Setting CVar [[gc.MultithreadedDestructionEnabled:1]]
[2023.02.15-01.41.53:633][  0]LogConfig: Applying CVar settings from Section [/Script/Engine.NetworkSettings] File [D:/Programming/ElementalBrawl/ElementalBrawl/ElementalBrawl/Saved/Config/Windows/Engine.ini]
[2023.02.15-01.41.53:633][  0]LogConfig: Applying CVar settings from Section [/Script/UnrealEd.CookerSettings] File [D:/Programming/ElementalBrawl/ElementalBrawl/ElementalBrawl/Saved/Config/Windows/Engine.ini]
[2023.02.15-01.41.53:655][  0]LogConfig: Applying CVar settings from Section [ViewDistanceQuality@3] File [D:/Programming/ElementalBrawl/ElementalBrawl/ElementalBrawl/Saved/Config/Windows/Scalability.ini]
[2023.02.15-01.41.53:655][  0]LogConfig: Setting CVar [[r.SkeletalMeshLODBias:0]]
[2023.02.15-01.41.53:655][  0]LogConfig: Setting CVar [[r.ViewDistanceScale:1.0]]
[2023.02.15-01.41.53:656][  0]LogConfig: Applying CVar settings from Section [AntiAliasingQuality@3] File [D:/Programming/ElementalBrawl/ElementalBrawl/ElementalBrawl/Saved/Config/Windows/Scalability.ini]
[2023.02.15-01.41.53:656][  0]LogConfig: Setting CVar [[r.PostProcessAAQuality:4]]
[2023.02.15-01.41.53:656][  0]LogConfig: Applying CVar settings from Section [ShadowQuality@3] File [D:/Programming/ElementalBrawl/ElementalBrawl/ElementalBrawl/Saved/Config/Windows/Scalability.ini]
[2023.02.15-01.41.53:656][  0]LogConfig: Setting CVar [[r.LightFunctionQuality:1]]
[2023.02.15-01.41.53:656][  0]LogConfig: Setting CVar [[r.ShadowQuality:5]]
[2023.02.15-01.41.53:656][  0]LogConfig: Setting CVar [[r.Shadow.CSM.MaxCascades:10]]
[2023.02.15-01.41.53:656][  0]LogConfig: Setting CVar [[r.Shadow.MaxResolution:2048]]
[2023.02.15-01.41.53:656][  0]LogConfig: Setting CVar [[r.Shadow.MaxCSMResolution:2048]]
[2023.02.15-01.41.53:656][  0]LogConfig: Setting CVar [[r.Shadow.RadiusThreshold:0.01]]
[2023.02.15-01.41.53:656][  0]LogConfig: Setting CVar [[r.Shadow.DistanceScale:1.0]]
[2023.02.15-01.41.53:656][  0]LogConfig: Setting CVar [[r.Shadow.CSM.TransitionScale:1.0]]
[2023.02.15-01.41.53:656][  0]LogConfig: Setting CVar [[r.Shadow.PreShadowResolutionFactor:1.0]]
[2023.02.15-01.41.53:656][  0]LogConfig: Setting CVar [[r.DistanceFieldShadowing:1]]
[2023.02.15-01.41.53:656][  0]LogConfig: Setting CVar [[r.DistanceFieldAO:1]]
[2023.02.15-01.41.53:656][  0]LogConfig: Setting CVar [[r.AOQuality:2]]
[2023.02.15-01.41.53:656][  0]LogConfig: Setting CVar [[r.VolumetricFog:1]]
[2023.02.15-01.41.53:656][  0]LogConfig: Setting CVar [[r.VolumetricFog.GridPixelSize:8]]
[2023.02.15-01.41.53:657][  0]LogConfig: Setting CVar [[r.VolumetricFog.GridSizeZ:128]]
[2023.02.15-01.41.53:657][  0]LogConfig: Setting CVar [[r.VolumetricFog.HistoryMissSupersampleCount:4]]
[2023.02.15-01.41.53:657][  0]LogConfig: Setting CVar [[r.LightMaxDrawDistanceScale:1]]
[2023.02.15-01.41.53:657][  0]LogConfig: Setting CVar [[r.CapsuleShadows:1]]
[2023.02.15-01.41.53:657][  0]LogConfig: Applying CVar settings from Section [PostProcessQuality@3] File [D:/Programming/ElementalBrawl/ElementalBrawl/ElementalBrawl/Saved/Config/Windows/Scalability.ini]
[2023.02.15-01.41.53:657][  0]LogConfig: Setting CVar [[r.MotionBlurQuality:4]]
[2023.02.15-01.41.53:657][  0]LogConfig: Setting CVar [[r.AmbientOcclusionMipLevelFactor:0.4]]
[2023.02.15-01.41.53:657][  0]LogConfig: Setting CVar [[r.AmbientOcclusionMaxQuality:100]]
[2023.02.15-01.41.53:657][  0]LogConfig: Setting CVar [[r.AmbientOcclusionLevels:-1]]
[2023.02.15-01.41.53:657][  0]LogConfig: Setting CVar [[r.AmbientOcclusionRadiusScale:1.0]]
[2023.02.15-01.41.53:657][  0]LogConfig: Setting CVar [[r.DepthOfFieldQuality:2]]
[2023.02.15-01.41.53:657][  0]LogConfig: Setting CVar [[r.RenderTargetPoolMin:400]]
[2023.02.15-01.41.53:657][  0]LogConfig: Setting CVar [[r.LensFlareQuality:2]]
[2023.02.15-01.41.53:657][  0]LogConfig: Setting CVar [[r.SceneColorFringeQuality:1]]
[2023.02.15-01.41.53:657][  0]LogConfig: Setting CVar [[r.EyeAdaptationQuality:2]]
[2023.02.15-01.41.53:657][  0]LogConfig: Setting CVar [[r.BloomQuality:5]]
[2023.02.15-01.41.53:657][  0]LogConfig: Setting CVar [[r.FastBlurThreshold:100]]
[2023.02.15-01.41.53:658][  0]LogConfig: Setting CVar [[r.Upscale.Quality:3]]
[2023.02.15-01.41.53:658][  0]LogConfig: Setting CVar [[r.Tonemapper.GrainQuantization:1]]
[2023.02.15-01.41.53:658][  0]LogConfig: Setting CVar [[r.LightShaftQuality:1]]
[2023.02.15-01.41.53:658][  0]LogConfig: Setting CVar [[r.Filter.SizeScale:1]]
[2023.02.15-01.41.53:658][  0]LogConfig: Setting CVar [[r.Tonemapper.Quality:5]]
[2023.02.15-01.41.53:658][  0]LogConfig: Setting CVar [[r.DOF.Gather.AccumulatorQuality:1        ; higher gathering accumulator quality]]
[2023.02.15-01.41.53:658][  0]LogConfig: Setting CVar [[r.DOF.Gather.PostfilterMethod:1          ; Median3x3 postfilering method]]
[2023.02.15-01.41.53:658][  0]LogConfig: Setting CVar [[r.DOF.Gather.EnableBokehSettings:0       ; no bokeh simulation when gathering]]
[2023.02.15-01.41.53:658][  0]LogConfig: Setting CVar [[r.DOF.Gather.RingCount:4                 ; medium number of samples when gathering]]
[2023.02.15-01.41.53:658][  0]LogConfig: Setting CVar [[r.DOF.Scatter.ForegroundCompositing:1    ; additive foreground scattering]]
[2023.02.15-01.41.53:658][  0]LogConfig: Setting CVar [[r.DOF.Scatter.BackgroundCompositing:2    ; additive background scattering]]
[2023.02.15-01.41.53:658][  0]LogConfig: Setting CVar [[r.DOF.Scatter.EnableBokehSettings:1      ; bokeh simulation when scattering]]
[2023.02.15-01.41.53:658][  0]LogConfig: Setting CVar [[r.DOF.Scatter.MaxSpriteRatio:0.1         ; only a maximum of 10% of scattered bokeh]]
[2023.02.15-01.41.53:658][  0]LogConfig: Setting CVar [[r.DOF.Recombine.Quality:1                ; cheap slight out of focus]]
[2023.02.15-01.41.53:658][  0]LogConfig: Setting CVar [[r.DOF.Recombine.EnableBokehSettings:0    ; no bokeh simulation on slight out of focus]]
[2023.02.15-01.41.53:658][  0]LogConfig: Setting CVar [[r.DOF.TemporalAAQuality:1                ; more stable temporal accumulation]]
[2023.02.15-01.41.53:658][  0]LogConfig: Setting CVar [[r.DOF.Kernel.MaxForegroundRadius:0.025]]
[2023.02.15-01.41.53:658][  0]LogConfig: Setting CVar [[r.DOF.Kernel.MaxBackgroundRadius:0.025]]
[2023.02.15-01.41.53:659][  0]LogConfig: Applying CVar settings from Section [TextureQuality@3] File [D:/Programming/ElementalBrawl/ElementalBrawl/ElementalBrawl/Saved/Config/Windows/Scalability.ini]
[2023.02.15-01.41.53:659][  0]LogConfig: Setting CVar [[r.Streaming.MipBias:0]]
[2023.02.15-01.41.53:659][  0]LogConfig: Setting CVar [[r.Streaming.AmortizeCPUToGPUCopy:0]]
[2023.02.15-01.41.53:659][  0]LogConfig: Setting CVar [[r.Streaming.MaxNumTexturesToStreamPerFrame:0]]
[2023.02.15-01.41.53:659][  0]LogConfig: Setting CVar [[r.Streaming.Boost:1]]
[2023.02.15-01.41.53:659][  0]LogConfig: Setting CVar [[r.MaxAnisotropy:8]]
[2023.02.15-01.41.53:659][  0]LogConfig: Setting CVar [[r.VT.MaxAnisotropy:8]]
[2023.02.15-01.41.53:659][  0]LogConfig: Setting CVar [[r.Streaming.LimitPoolSizeToVRAM:0]]
[2023.02.15-01.41.53:659][  0]LogConfig: Setting CVar [[r.Streaming.PoolSize:1000]]
[2023.02.15-01.41.53:659][  0]LogConfig: Setting CVar [[r.Streaming.MaxEffectiveScreenSize:0]]
[2023.02.15-01.41.53:659][  0]LogConfig: Applying CVar settings from Section [EffectsQuality@3] File [D:/Programming/ElementalBrawl/ElementalBrawl/ElementalBrawl/Saved/Config/Windows/Scalability.ini]
[2023.02.15-01.41.53:659][  0]LogConfig: Setting CVar [[r.TranslucencyLightingVolumeDim:64]]
[2023.02.15-01.41.53:659][  0]LogConfig: Setting CVar [[r.RefractionQuality:2]]
[2023.02.15-01.41.53:659][  0]LogConfig: Setting CVar [[r.SSR.Quality:3]]
[2023.02.15-01.41.53:659][  0]LogConfig: Setting CVar [[r.SSR.HalfResSceneColor:0]]
[2023.02.15-01.41.53:659][  0]LogConfig: Setting CVar [[r.SceneColorFormat:4]]
[2023.02.15-01.41.53:659][  0]LogConfig: Setting CVar [[r.DetailMode:2]]
[2023.02.15-01.41.53:660][  0]LogConfig: Setting CVar [[r.TranslucencyVolumeBlur:1]]
[2023.02.15-01.41.53:660][  0]LogConfig: Setting CVar [[r.MaterialQualityLevel:1 ; High quality]]
[2023.02.15-01.41.53:660][  0]LogConfig: Setting CVar [[r.AnisotropicMaterials:1]]
[2023.02.15-01.41.53:660][  0]LogConfig: Setting CVar [[r.SSS.Scale:1]]
[2023.02.15-01.41.53:660][  0]LogConfig: Setting CVar [[r.SSS.SampleSet:2]]
[2023.02.15-01.41.53:660][  0]LogConfig: Setting CVar [[r.SSS.Quality:1]]
[2023.02.15-01.41.53:660][  0]LogConfig: Setting CVar [[r.SSS.HalfRes:0]]
[2023.02.15-01.41.53:660][  0]LogConfig: Setting CVar [[r.SSGI.Quality:3]]
[2023.02.15-01.41.53:660][  0]LogConfig: Setting CVar [[r.EmitterSpawnRateScale:1.0]]
[2023.02.15-01.41.53:660][  0]LogConfig: Setting CVar [[r.ParticleLightQuality:2]]
[2023.02.15-01.41.53:660][  0]LogConfig: Setting CVar [[r.SkyAtmosphere.AerialPerspectiveLUT.FastApplyOnOpaque:1 ; Always have FastSkyLUT 1 in this case to avoid wrong sky]]
[2023.02.15-01.41.53:660][  0]LogConfig: Setting CVar [[r.SkyAtmosphere.AerialPerspectiveLUT.SampleCountMaxPerSlice:4]]
[2023.02.15-01.41.53:660][  0]LogConfig: Setting CVar [[r.SkyAtmosphere.AerialPerspectiveLUT.DepthResolution:16.0]]
[2023.02.15-01.41.53:660][  0]LogConfig: Setting CVar [[r.SkyAtmosphere.FastSkyLUT:1]]
[2023.02.15-01.41.53:660][  0]LogConfig: Setting CVar [[r.SkyAtmosphere.FastSkyLUT.SampleCountMin:4.0]]
[2023.02.15-01.41.53:660][  0]LogConfig: Setting CVar [[r.SkyAtmosphere.FastSkyLUT.SampleCountMax:128.0]]
[2023.02.15-01.41.53:660][  0]LogConfig: Setting CVar [[r.SkyAtmosphere.SampleCountMin:4.0]]
[2023.02.15-01.41.53:660][  0]LogConfig: Setting CVar [[r.SkyAtmosphere.SampleCountMax:128.0]]
[2023.02.15-01.41.53:661][  0]LogConfig: Setting CVar [[r.SkyAtmosphere.TransmittanceLUT.UseSmallFormat:0]]
[2023.02.15-01.41.53:661][  0]LogConfig: Setting CVar [[r.SkyAtmosphere.TransmittanceLUT.SampleCount:10.0]]
[2023.02.15-01.41.53:661][  0]LogConfig: Setting CVar [[r.SkyAtmosphere.MultiScatteringLUT.SampleCount:15.0]]
[2023.02.15-01.41.53:661][  0]LogConfig: Setting CVar [[r.SkyLight.RealTimeReflectionCapture:1]]
[2023.02.15-01.41.53:661][  0]LogConfig: Applying CVar settings from Section [FoliageQuality@3] File [D:/Programming/ElementalBrawl/ElementalBrawl/ElementalBrawl/Saved/Config/Windows/Scalability.ini]
[2023.02.15-01.41.53:661][  0]LogConfig: Setting CVar [[foliage.DensityScale:1.0]]
[2023.02.15-01.41.53:661][  0]LogConfig: Setting CVar [[grass.DensityScale:1.0]]
[2023.02.15-01.41.53:661][  0]LogConfig: Applying CVar settings from Section [ShadingQuality@3] File [D:/Programming/ElementalBrawl/ElementalBrawl/ElementalBrawl/Saved/Config/Windows/Scalability.ini]
[2023.02.15-01.41.53:661][  0]LogConfig: Setting CVar [[r.HairStrands.SkyLighting.IntegrationType:2]]
[2023.02.15-01.41.53:661][  0]LogConfig: Setting CVar [[r.HairStrands.SkyAO.SampleCount:4]]
[2023.02.15-01.41.53:661][  0]LogConfig: Setting CVar [[r.HairStrands.Visibility.MSAA.SamplePerPixel:4]]
[2023.02.15-01.41.53:661][  0]LogInit: Selected Device Profile: [Windows]
[2023.02.15-01.41.53:661][  0]LogInit: Applying CVar settings loaded from the selected device profile: [Windows]
[2023.02.15-01.41.53:661][  0]LogHAL: Display: Platform has ~ 64 GB [68625903616 / 68719476736 / 64], which maps to Largest [LargestMinGB=32, LargerMinGB=12, DefaultMinGB=8, SmallerMinGB=6, SmallestMinGB=0)
[2023.02.15-01.41.53:661][  0]LogInit: Going up to parent DeviceProfile []
[2023.02.15-01.41.53:661][  0]LogConfig: Applying CVar settings from Section [ViewDistanceQuality@3] File [D:/Programming/ElementalBrawl/ElementalBrawl/ElementalBrawl/Saved/Config/Windows/Scalability.ini]
[2023.02.15-01.41.53:662][  0]LogConfig: Setting CVar [[r.SkeletalMeshLODBias:0]]
[2023.02.15-01.41.53:662][  0]LogConfig: Setting CVar [[r.ViewDistanceScale:1.0]]
[2023.02.15-01.41.53:662][  0]LogConfig: Applying CVar settings from Section [AntiAliasingQuality@3] File [D:/Programming/ElementalBrawl/ElementalBrawl/ElementalBrawl/Saved/Config/Windows/Scalability.ini]
[2023.02.15-01.41.53:662][  0]LogConfig: Setting CVar [[r.PostProcessAAQuality:4]]
[2023.02.15-01.41.53:662][  0]LogConfig: Applying CVar settings from Section [ShadowQuality@3] File [D:/Programming/ElementalBrawl/ElementalBrawl/ElementalBrawl/Saved/Config/Windows/Scalability.ini]
[2023.02.15-01.41.53:662][  0]LogConfig: Setting CVar [[r.LightFunctionQuality:1]]
[2023.02.15-01.41.53:662][  0]LogConfig: Setting CVar [[r.ShadowQuality:5]]
[2023.02.15-01.41.53:662][  0]LogConfig: Setting CVar [[r.Shadow.CSM.MaxCascades:10]]
[2023.02.15-01.41.53:662][  0]LogConfig: Setting CVar [[r.Shadow.MaxResolution:2048]]
[2023.02.15-01.41.53:662][  0]LogConfig: Setting CVar [[r.Shadow.MaxCSMResolution:2048]]
[2023.02.15-01.41.53:662][  0]LogConfig: Setting CVar [[r.Shadow.RadiusThreshold:0.01]]
[2023.02.15-01.41.53:662][  0]LogConfig: Setting CVar [[r.Shadow.DistanceScale:1.0]]
[2023.02.15-01.41.53:662][  0]LogConfig: Setting CVar [[r.Shadow.CSM.TransitionScale:1.0]]
[2023.02.15-01.41.53:662][  0]LogConfig: Setting CVar [[r.Shadow.PreShadowResolutionFactor:1.0]]
[2023.02.15-01.41.53:662][  0]LogConfig: Setting CVar [[r.DistanceFieldShadowing:1]]
[2023.02.15-01.41.53:662][  0]LogConfig: Setting CVar [[r.DistanceFieldAO:1]]
[2023.02.15-01.41.53:663][  0]LogConfig: Setting CVar [[r.AOQuality:2]]
[2023.02.15-01.41.53:663][  0]LogConfig: Setting CVar [[r.VolumetricFog:1]]
[2023.02.15-01.41.53:663][  0]LogConfig: Setting CVar [[r.VolumetricFog.GridPixelSize:8]]
[2023.02.15-01.41.53:663][  0]LogConfig: Setting CVar [[r.VolumetricFog.GridSizeZ:128]]
[2023.02.15-01.41.53:663][  0]LogConfig: Setting CVar [[r.VolumetricFog.HistoryMissSupersampleCount:4]]
[2023.02.15-01.41.53:663][  0]LogConfig: Setting CVar [[r.LightMaxDrawDistanceScale:1]]
[2023.02.15-01.41.53:663][  0]LogConfig: Setting CVar [[r.CapsuleShadows:1]]
[2023.02.15-01.41.53:663][  0]LogConfig: Applying CVar settings from Section [PostProcessQuality@3] File [D:/Programming/ElementalBrawl/ElementalBrawl/ElementalBrawl/Saved/Config/Windows/Scalability.ini]
[2023.02.15-01.41.53:663][  0]LogConfig: Setting CVar [[r.MotionBlurQuality:4]]
[2023.02.15-01.41.53:663][  0]LogConfig: Setting CVar [[r.AmbientOcclusionMipLevelFactor:0.4]]
[2023.02.15-01.41.53:663][  0]LogConfig: Setting CVar [[r.AmbientOcclusionMaxQuality:100]]
[2023.02.15-01.41.53:663][  0]LogConfig: Setting CVar [[r.AmbientOcclusionLevels:-1]]
[2023.02.15-01.41.53:663][  0]LogConfig: Setting CVar [[r.AmbientOcclusionRadiusScale:1.0]]
[2023.02.15-01.41.53:663][  0]LogConfig: Setting CVar [[r.DepthOfFieldQuality:2]]
[2023.02.15-01.41.53:663][  0]LogConfig: Setting CVar [[r.RenderTargetPoolMin:400]]
[2023.02.15-01.41.53:663][  0]LogConfig: Setting CVar [[r.LensFlareQuality:2]]
[2023.02.15-01.41.53:663][  0]LogConfig: Setting CVar [[r.SceneColorFringeQuality:1]]
[2023.02.15-01.41.53:664][  0]LogConfig: Setting CVar [[r.EyeAdaptationQuality:2]]
[2023.02.15-01.41.53:664][  0]LogConfig: Setting CVar [[r.BloomQuality:5]]
[2023.02.15-01.41.53:664][  0]LogConfig: Setting CVar [[r.FastBlurThreshold:100]]
[2023.02.15-01.41.53:664][  0]LogConfig: Setting CVar [[r.Upscale.Quality:3]]
[2023.02.15-01.41.53:664][  0]LogConfig: Setting CVar [[r.Tonemapper.GrainQuantization:1]]
[2023.02.15-01.41.53:664][  0]LogConfig: Setting CVar [[r.LightShaftQuality:1]]
[2023.02.15-01.41.53:664][  0]LogConfig: Setting CVar [[r.Filter.SizeScale:1]]
[2023.02.15-01.41.53:664][  0]LogConfig: Setting CVar [[r.Tonemapper.Quality:5]]
[2023.02.15-01.41.53:664][  0]LogConfig: Setting CVar [[r.DOF.Gather.AccumulatorQuality:1        ; higher gathering accumulator quality]]
[2023.02.15-01.41.53:664][  0]LogConfig: Setting CVar [[r.DOF.Gather.PostfilterMethod:1          ; Median3x3 postfilering method]]
[2023.02.15-01.41.53:664][  0]LogConfig: Setting CVar [[r.DOF.Gather.EnableBokehSettings:0       ; no bokeh simulation when gathering]]
[2023.02.15-01.41.53:664][  0]LogConfig: Setting CVar [[r.DOF.Gather.RingCount:4                 ; medium number of samples when gathering]]
[2023.02.15-01.41.53:664][  0]LogConfig: Setting CVar [[r.DOF.Scatter.ForegroundCompositing:1    ; additive foreground scattering]]
[2023.02.15-01.41.53:664][  0]LogConfig: Setting CVar [[r.DOF.Scatter.BackgroundCompositing:2    ; additive background scattering]]
[2023.02.15-01.41.53:664][  0]LogConfig: Setting CVar [[r.DOF.Scatter.EnableBokehSettings:1      ; bokeh simulation when scattering]]
[2023.02.15-01.41.53:664][  0]LogConfig: Setting CVar [[r.DOF.Scatter.MaxSpriteRatio:0.1         ; only a maximum of 10% of scattered bokeh]]
[2023.02.15-01.41.53:664][  0]LogConfig: Setting CVar [[r.DOF.Recombine.Quality:1                ; cheap slight out of focus]]
[2023.02.15-01.41.53:665][  0]LogConfig: Setting CVar [[r.DOF.Recombine.EnableBokehSettings:0    ; no bokeh simulation on slight out of focus]]
[2023.02.15-01.41.53:665][  0]LogConfig: Setting CVar [[r.DOF.TemporalAAQuality:1                ; more stable temporal accumulation]]
[2023.02.15-01.41.53:665][  0]LogConfig: Setting CVar [[r.DOF.Kernel.MaxForegroundRadius:0.025]]
[2023.02.15-01.41.53:665][  0]LogConfig: Setting CVar [[r.DOF.Kernel.MaxBackgroundRadius:0.025]]
[2023.02.15-01.41.53:665][  0]LogConfig: Applying CVar settings from Section [TextureQuality@3] File [D:/Programming/ElementalBrawl/ElementalBrawl/ElementalBrawl/Saved/Config/Windows/Scalability.ini]
[2023.02.15-01.41.53:665][  0]LogConfig: Setting CVar [[r.Streaming.MipBias:0]]
[2023.02.15-01.41.53:665][  0]LogConfig: Setting CVar [[r.Streaming.AmortizeCPUToGPUCopy:0]]
[2023.02.15-01.41.53:665][  0]LogConfig: Setting CVar [[r.Streaming.MaxNumTexturesToStreamPerFrame:0]]
[2023.02.15-01.41.53:665][  0]LogConfig: Setting CVar [[r.Streaming.Boost:1]]
[2023.02.15-01.41.53:665][  0]LogConfig: Setting CVar [[r.MaxAnisotropy:8]]
[2023.02.15-01.41.53:665][  0]LogConfig: Setting CVar [[r.VT.MaxAnisotropy:8]]
[2023.02.15-01.41.53:665][  0]LogConfig: Setting CVar [[r.Streaming.LimitPoolSizeToVRAM:0]]
[2023.02.15-01.41.53:665][  0]LogConfig: Setting CVar [[r.Streaming.PoolSize:1000]]
[2023.02.15-01.41.53:665][  0]LogConfig: Setting CVar [[r.Streaming.MaxEffectiveScreenSize:0]]
[2023.02.15-01.41.53:665][  0]LogConfig: Applying CVar settings from Section [EffectsQuality@3] File [D:/Programming/ElementalBrawl/ElementalBrawl/ElementalBrawl/Saved/Config/Windows/Scalability.ini]
[2023.02.15-01.41.53:665][  0]LogConfig: Setting CVar [[r.TranslucencyLightingVolumeDim:64]]
[2023.02.15-01.41.53:665][  0]LogConfig: Setting CVar [[r.RefractionQuality:2]]
[2023.02.15-01.41.53:665][  0]LogConfig: Setting CVar [[r.SSR.Quality:3]]
[2023.02.15-01.41.53:665][  0]LogConfig: Setting CVar [[r.SSR.HalfResSceneColor:0]]
[2023.02.15-01.41.53:666][  0]LogConfig: Setting CVar [[r.SceneColorFormat:4]]
[2023.02.15-01.41.53:666][  0]LogConfig: Setting CVar [[r.DetailMode:2]]
[2023.02.15-01.41.53:666][  0]LogConfig: Setting CVar [[r.TranslucencyVolumeBlur:1]]
[2023.02.15-01.41.53:666][  0]LogConfig: Setting CVar [[r.MaterialQualityLevel:1 ; High quality]]
[2023.02.15-01.41.53:666][  0]LogConfig: Setting CVar [[r.AnisotropicMaterials:1]]
[2023.02.15-01.41.53:666][  0]LogConfig: Setting CVar [[r.SSS.Scale:1]]
[2023.02.15-01.41.53:666][  0]LogConfig: Setting CVar [[r.SSS.SampleSet:2]]
[2023.02.15-01.41.53:666][  0]LogConfig: Setting CVar [[r.SSS.Quality:1]]
[2023.02.15-01.41.53:666][  0]LogConfig: Setting CVar [[r.SSS.HalfRes:0]]
[2023.02.15-01.41.53:666][  0]LogConfig: Setting CVar [[r.SSGI.Quality:3]]
[2023.02.15-01.41.53:666][  0]LogConfig: Setting CVar [[r.EmitterSpawnRateScale:1.0]]
[2023.02.15-01.41.53:666][  0]LogConfig: Setting CVar [[r.ParticleLightQuality:2]]
[2023.02.15-01.41.53:666][  0]LogConfig: Setting CVar [[r.SkyAtmosphere.AerialPerspectiveLUT.FastApplyOnOpaque:1 ; Always have FastSkyLUT 1 in this case to avoid wrong sky]]
[2023.02.15-01.41.53:666][  0]LogConfig: Setting CVar [[r.SkyAtmosphere.AerialPerspectiveLUT.SampleCountMaxPerSlice:4]]
[2023.02.15-01.41.53:666][  0]LogConfig: Setting CVar [[r.SkyAtmosphere.AerialPerspectiveLUT.DepthResolution:16.0]]
[2023.02.15-01.41.53:666][  0]LogConfig: Setting CVar [[r.SkyAtmosphere.FastSkyLUT:1]]
[2023.02.15-01.41.53:666][  0]LogConfig: Setting CVar [[r.SkyAtmosphere.FastSkyLUT.SampleCountMin:4.0]]
[2023.02.15-01.41.53:666][  0]LogConfig: Setting CVar [[r.SkyAtmosphere.FastSkyLUT.SampleCountMax:128.0]]
[2023.02.15-01.41.53:667][  0]LogConfig: Setting CVar [[r.SkyAtmosphere.SampleCountMin:4.0]]
[2023.02.15-01.41.53:667][  0]LogConfig: Setting CVar [[r.SkyAtmosphere.SampleCountMax:128.0]]
[2023.02.15-01.41.53:667][  0]LogConfig: Setting CVar [[r.SkyAtmosphere.TransmittanceLUT.UseSmallFormat:0]]
[2023.02.15-01.41.53:667][  0]LogConfig: Setting CVar [[r.SkyAtmosphere.TransmittanceLUT.SampleCount:10.0]]
[2023.02.15-01.41.53:667][  0]LogConfig: Setting CVar [[r.SkyAtmosphere.MultiScatteringLUT.SampleCount:15.0]]
[2023.02.15-01.41.53:667][  0]LogConfig: Setting CVar [[r.SkyLight.RealTimeReflectionCapture:1]]
[2023.02.15-01.41.53:667][  0]LogConfig: Applying CVar settings from Section [FoliageQuality@3] File [D:/Programming/ElementalBrawl/ElementalBrawl/ElementalBrawl/Saved/Config/Windows/Scalability.ini]
[2023.02.15-01.41.53:667][  0]LogConfig: Setting CVar [[foliage.DensityScale:1.0]]
[2023.02.15-01.41.53:667][  0]LogConfig: Setting CVar [[grass.DensityScale:1.0]]
[2023.02.15-01.41.53:667][  0]LogConfig: Applying CVar settings from Section [ShadingQuality@3] File [D:/Programming/ElementalBrawl/ElementalBrawl/ElementalBrawl/Saved/Config/Windows/Scalability.ini]
[2023.02.15-01.41.53:667][  0]LogConfig: Setting CVar [[r.HairStrands.SkyLighting.IntegrationType:2]]
[2023.02.15-01.41.53:667][  0]LogConfig: Setting CVar [[r.HairStrands.SkyAO.SampleCount:4]]
[2023.02.15-01.41.53:667][  0]LogConfig: Setting CVar [[r.HairStrands.Visibility.MSAA.SamplePerPixel:4]]
[2023.02.15-01.41.53:667][  0]LogConfig: Applying CVar settings from Section [Startup] File [../../../Engine/Config/ConsoleVariables.ini]
[2023.02.15-01.41.53:668][  0]LogConfig: Setting CVar [[net.UseAdaptiveNetUpdateFrequency:0]]
[2023.02.15-01.41.53:668][  0]LogConfig: Setting CVar [[p.chaos.AllowCreatePhysxBodies:1]]
[2023.02.15-01.41.53:669][  0]LogConfig: Setting CVar [[fx.SkipVectorVMBackendOptimizations:1]]
[2023.02.15-01.41.53:669][  0]LogConfig: Applying CVar settings from Section [ConsoleVariables] File [D:/Programming/ElementalBrawl/ElementalBrawl/ElementalBrawl/Saved/Config/Windows/Engine.ini]
[2023.02.15-01.41.53:669][  0]LogConfig: Applying CVar settings from Section [ConsoleVariables] File [D:/Programming/ElementalBrawl/ElementalBrawl/ElementalBrawl/Saved/Config/Windows/Editor.ini]
[2023.02.15-01.41.53:669][  0]LogInit: Computer: DESKTOP-2TM97B3
[2023.02.15-01.41.53:669][  0]LogInit: User: orion
[2023.02.15-01.41.53:669][  0]LogInit: CPU Page size=4096, Cores=6
[2023.02.15-01.41.53:669][  0]LogInit: High frequency timer resolution =10.000000 MHz
[2023.02.15-01.41.53:669][  0]LogMemory: Memory total: Physical=63.9GB (64GB approx)
[2023.02.15-01.41.53:669][  0]LogMemory: Platform Memory Stats for Windows
[2023.02.15-01.41.53:669][  0]LogMemory: Process Physical Memory: 148.34 MB used, 151.29 MB peak
[2023.02.15-01.41.53:669][  0]LogMemory: Process Virtual Memory: 129.98 MB used, 129.98 MB peak
[2023.02.15-01.41.53:669][  0]LogMemory: Physical Memory: 23548.35 MB used,  41898.41 MB free, 65446.76 MB total
[2023.02.15-01.41.53:669][  0]LogMemory: Virtual Memory: 134172488.00 MB used,  45237.07 MB free, 134217728.00 MB total
[2023.02.15-01.41.53:679][  0]LogWindows: WindowsPlatformFeatures enabled
[2023.02.15-01.41.53:834][  0]LogInit: Physics initialised using underlying interface: PhysX
[2023.02.15-01.41.53:836][  0]LogInit: Using OS detected language (en-US).
[2023.02.15-01.41.53:836][  0]LogInit: Using OS detected locale (en-CA).
[2023.02.15-01.41.53:849][  0]LogTextLocalizationManager: No specific localization for 'en-US' exists, so the 'en' localization will be used.
[2023.02.15-01.41.54:109][  0]LogInit: Setting process to per monitor DPI aware
[2023.02.15-01.41.54:139][  0]LogWindowsTextInputMethodSystem: Display: IME system deactivated.
[2023.02.15-01.41.54:165][  0]LogSlate: New Slate User Created.  User Index 0, Is Virtual User: 0
[2023.02.15-01.41.54:165][  0]LogSlate: Slate User Registered.  User Index 0, Is Virtual User: 0
[2023.02.15-01.41.54:377][  0]LogD3D11RHI: Loaded GFSDK_Aftermath_Lib.x64.dll
[2023.02.15-01.41.54:438][  0]LogHMD: Failed to initialize OpenVR with code 126
[2023.02.15-01.41.54:438][  0]LogD3D11RHI: D3D11 min allowed feature level: 11_0
[2023.02.15-01.41.54:438][  0]LogD3D11RHI: D3D11 max allowed feature level: 11_0
[2023.02.15-01.41.54:438][  0]LogD3D11RHI: D3D11 adapters:
[2023.02.15-01.41.54:594][  0]LogD3D11RHI:    0. 'NVIDIA GeForce GTX 1080' (Feature Level 11_0)
[2023.02.15-01.41.54:594][  0]LogD3D11RHI:       7988/0/32723 MB DedicatedVideo/DedicatedSystem/SharedSystem, Outputs:2, VendorId:0x10de
[2023.02.15-01.41.54:599][  0]LogD3D11RHI:    1. 'Microsoft Basic Render Driver' (Feature Level 11_0)
[2023.02.15-01.41.54:599][  0]LogD3D11RHI:       0/0/32723 MB DedicatedVideo/DedicatedSystem/SharedSystem, Outputs:0, VendorId:0x1414
[2023.02.15-01.41.54:599][  0]LogD3D11RHI: Chosen D3D11 Adapter:
[2023.02.15-01.41.54:599][  0]LogD3D11RHI:     Description : NVIDIA GeForce GTX 1080
[2023.02.15-01.41.54:599][  0]LogD3D11RHI:     VendorId    : 10de
[2023.02.15-01.41.54:599][  0]LogD3D11RHI:     DeviceId    : 1b80
[2023.02.15-01.41.54:599][  0]LogD3D11RHI:     SubSysId    : 85aa1043
[2023.02.15-01.41.54:599][  0]LogD3D11RHI:     Revision    : 00a1
[2023.02.15-01.41.54:599][  0]LogD3D11RHI:     DedicatedVideoMemory : 8376025088 bytes
[2023.02.15-01.41.54:599][  0]LogD3D11RHI:     DedicatedSystemMemory : 0 bytes
[2023.02.15-01.41.54:599][  0]LogD3D11RHI:     SharedSystemMemory : 34312951808 bytes
[2023.02.15-01.41.54:599][  0]LogD3D11RHI:     AdapterLuid : 0 76470
[2023.02.15-01.41.54:610][  0]LogD3D11RHI: Creating new Direct3DDevice
[2023.02.15-01.41.54:610][  0]LogD3D11RHI:     GPU DeviceId: 0x1b80 (for the marketing name, search the web for "GPU Device Id")
[2023.02.15-01.41.54:610][  0]LogWindows: EnumDisplayDevices:
[2023.02.15-01.41.54:610][  0]LogWindows:    0. 'NVIDIA GeForce GTX 1080' (P:1 D:1)
[2023.02.15-01.41.54:611][  0]LogWindows:    1. 'NVIDIA GeForce GTX 1080' (P:0 D:1)
[2023.02.15-01.41.54:612][  0]LogWindows:    2. 'NVIDIA GeForce GTX 1080' (P:0 D:0)
[2023.02.15-01.41.54:612][  0]LogWindows:    3. 'NVIDIA GeForce GTX 1080' (P:0 D:0)
[2023.02.15-01.41.54:613][  0]LogWindows: DebugString: FoundDriverCount:4 
[2023.02.15-01.41.54:613][  0]LogD3D11RHI:     Adapter Name: NVIDIA GeForce GTX 1080
[2023.02.15-01.41.54:613][  0]LogD3D11RHI:   Driver Version: 516.94 (internal:31.0.15.1694, unified:516.94)
[2023.02.15-01.41.54:613][  0]LogD3D11RHI:      Driver Date: 7-21-2022
[2023.02.15-01.41.54:613][  0]LogRHI: Texture pool is 5591 MB (70% of 7988 MB)
[2023.02.15-01.41.54:613][  0]LogD3D11RHI: Creating D3DDevice using adapter:
[2023.02.15-01.41.54:613][  0]LogD3D11RHI:     Description : NVIDIA GeForce GTX 1080
[2023.02.15-01.41.54:613][  0]LogD3D11RHI:     VendorId    : 10de
[2023.02.15-01.41.54:613][  0]LogD3D11RHI:     DeviceId    : 1b80
[2023.02.15-01.41.54:613][  0]LogD3D11RHI:     SubSysId    : 85aa1043
[2023.02.15-01.41.54:613][  0]LogD3D11RHI:     Revision    : 00a1
[2023.02.15-01.41.54:613][  0]LogD3D11RHI:     DedicatedVideoMemory : 8376025088 bytes
[2023.02.15-01.41.54:613][  0]LogD3D11RHI:     DedicatedSystemMemory : 0 bytes
[2023.02.15-01.41.54:614][  0]LogD3D11RHI:     SharedSystemMemory : 34312951808 bytes
[2023.02.15-01.41.54:614][  0]LogD3D11RHI:     AdapterLuid : 0 76470
[2023.02.15-01.41.54:708][  0]LogD3D11RHI: RHI has support for 64 bit atomics
[2023.02.15-01.41.54:708][  0]LogD3D11RHI: Async texture creation enabled
[2023.02.15-01.41.54:708][  0]LogD3D11RHI: Array index from any shader is supported
[2023.02.15-01.41.54:741][  0]LogD3D11RHI: GPU Timing Frequency: 1000.000000 (Debug: 2 1)
[2023.02.15-01.41.54:787][  0]LogRHI: GeForceNow SDK initialized: 1
[2023.02.15-01.41.55:150][  0]LogTargetPlatformManager: Display: Loaded TargetPlatform 'AllDesktop'
[2023.02.15-01.41.55:176][  0]LogTargetPlatformManager: Display: Loaded TargetPlatform 'Android'
[2023.02.15-01.41.55:176][  0]LogTargetPlatformManager: Display: Loaded TargetPlatform 'Android_ASTC'
[2023.02.15-01.41.55:176][  0]LogTargetPlatformManager: Display: Loaded TargetPlatform 'Android_DXT'
[2023.02.15-01.41.55:176][  0]LogTargetPlatformManager: Display: Loaded TargetPlatform 'Android_ETC2'
[2023.02.15-01.41.55:176][  0]LogTargetPlatformManager: Display: Loaded TargetPlatform 'AndroidClient'
[2023.02.15-01.41.55:176][  0]LogTargetPlatformManager: Display: Loaded TargetPlatform 'Android_ASTCClient'
[2023.02.15-01.41.55:176][  0]LogTargetPlatformManager: Display: Loaded TargetPlatform 'Android_DXTClient'
[2023.02.15-01.41.55:176][  0]LogTargetPlatformManager: Display: Loaded TargetPlatform 'Android_ETC2Client'
[2023.02.15-01.41.55:176][  0]LogTargetPlatformManager: Display: Loaded TargetPlatform 'Android_Multi'
[2023.02.15-01.41.55:176][  0]LogTargetPlatformManager: Display: Loaded TargetPlatform 'Android_MultiClient'
[2023.02.15-01.41.55:202][  0]LogTargetPlatformManager: Display: Loaded TargetPlatform 'IOSClient'
[2023.02.15-01.41.55:202][  0]LogTargetPlatformManager: Display: Loaded TargetPlatform 'IOS'
[2023.02.15-01.41.55:216][  0]LogTargetPlatformManager: Display: Loaded TargetPlatform 'Linux'
[2023.02.15-01.41.55:223][  0]LogTargetPlatformManager: Display: Loaded TargetPlatform 'LinuxNoEditor'
[2023.02.15-01.41.55:229][  0]LogTargetPlatformManager: Display: Loaded TargetPlatform 'LinuxClient'
[2023.02.15-01.41.55:235][  0]LogTargetPlatformManager: Display: Loaded TargetPlatform 'LinuxServer'
[2023.02.15-01.41.55:251][  0]LogTargetPlatformManager: Display: Loaded TargetPlatform 'LinuxAArch64NoEditor'
[2023.02.15-01.41.55:259][  0]LogTargetPlatformManager: Display: Loaded TargetPlatform 'LinuxAArch64Client'
[2023.02.15-01.41.55:266][  0]LogTargetPlatformManager: Display: Loaded TargetPlatform 'LinuxAArch64Server'
[2023.02.15-01.41.55:302][  0]LogTargetPlatformManager: Display: Loaded TargetPlatform 'Lumin'
[2023.02.15-01.41.55:302][  0]LogTargetPlatformManager: Display: Loaded TargetPlatform 'LuminClient'
[2023.02.15-01.41.55:316][  0]LogTargetPlatformManager: Display: Loaded TargetPlatform 'MacNoEditor'
[2023.02.15-01.41.55:322][  0]LogTargetPlatformManager: Display: Loaded TargetPlatform 'Mac'
[2023.02.15-01.41.55:327][  0]LogTargetPlatformManager: Display: Loaded TargetPlatform 'MacClient'
[2023.02.15-01.41.55:334][  0]LogTargetPlatformManager: Display: Loaded TargetPlatform 'MacServer'
[2023.02.15-01.41.55:348][  0]LogTargetPlatformManager: Display: Loaded TargetPlatform 'TVOSClient'
[2023.02.15-01.41.55:348][  0]LogTargetPlatformManager: Display: Loaded TargetPlatform 'TVOS'
[2023.02.15-01.41.55:361][  0]LogTargetPlatformManager: Display: Loaded TargetPlatform 'WindowsNoEditor'
[2023.02.15-01.41.55:367][  0]LogTargetPlatformManager: Display: Loaded TargetPlatform 'Windows'
[2023.02.15-01.41.55:374][  0]LogTargetPlatformManager: Display: Loaded TargetPlatform 'WindowsClient'
[2023.02.15-01.41.55:382][  0]LogTargetPlatformManager: Display: Loaded TargetPlatform 'WindowsServer'
[2023.02.15-01.41.55:382][  0]LogTargetPlatformManager: Display: Building Assets For Windows
[2023.02.15-01.41.55:396][  0]LogAudioDebug: Display: Lib vorbis DLL was dynamically loaded.
[2023.02.15-01.41.55:457][  0]LogTextureFormatOodle: Display: Oodle Texture 2.9.0 init RDO Off
[2023.02.15-01.41.55:511][  0]LogRendererCore: Ray tracing is disabled. Reason: r.RayTracing=0.
[2023.02.15-01.41.55:511][  0]LogShaderCompilers: Guid format shader working directory is -13 characters bigger than the processId version (D:/Programming/ElementalBrawl/ElementalBrawl/ElementalBrawl/Intermediate/Shaders/WorkingDirectory/6792/).
[2023.02.15-01.41.55:511][  0]LogShaderCompilers: Cleaned the shader compiler working directory 'C:/Users/orion/AppData/Local/Temp/UnrealShaderWorkingDir/C814BBC14EA26CE3D3CB8AB135194601/'.
[2023.02.15-01.41.55:512][  0]LogXGEController: Cannot use XGE Controller as Incredibuild is not installed on this machine.
[2023.02.15-01.41.55:512][  0]LogShaderCompilers: Cannot use XGE Shader Compiler as Incredibuild is not installed on this machine.
[2023.02.15-01.41.55:512][  0]LogShaderCompilers: Display: Using Local Shader Compiler.
[2023.02.15-01.41.56:331][  0]LogDerivedDataCache: Display: Max Cache Size: 512 MB
[2023.02.15-01.41.56:410][  0]LogDerivedDataCache: Loaded boot cache 0.08s 99MB C:/Users/orion/AppData/Local/UnrealEngine/4.27/DerivedDataCache/Boot.ddc.
[2023.02.15-01.41.56:410][  0]LogDerivedDataCache: Display: Loaded Boot cache: C:/Users/orion/AppData/Local/UnrealEngine/4.27/DerivedDataCache/Boot.ddc
[2023.02.15-01.41.56:411][  0]LogDerivedDataCache: FDerivedDataBackendGraph:  Pak pak cache file D:/Programming/ElementalBrawl/ElementalBrawl/ElementalBrawl/DerivedDataCache/DDC.ddp not found, will not use a pak cache.
[2023.02.15-01.41.56:411][  0]LogDerivedDataCache: Unable to find inner node Pak for hierarchical cache Hierarchy.
[2023.02.15-01.41.56:411][  0]LogDerivedDataCache: FDerivedDataBackendGraph:  CompressedPak pak cache file D:/Programming/ElementalBrawl/ElementalBrawl/ElementalBrawl/DerivedDataCache/Compressed.ddp not found, will not use a pak cache.
[2023.02.15-01.41.56:411][  0]LogDerivedDataCache: Unable to find inner node CompressedPak for hierarchical cache Hierarchy.
[2023.02.15-01.41.56:428][  0]LogDerivedDataCache: Display: Pak cache opened for reading ../../../Engine/DerivedDataCache/Compressed.ddp.
[2023.02.15-01.41.56:428][  0]LogDerivedDataCache: FDerivedDataBackendGraph:  EnterprisePak pak cache file ../../../Enterprise/DerivedDataCache/Compressed.ddp not found, will not use a pak cache.
[2023.02.15-01.41.56:428][  0]LogDerivedDataCache: Unable to find inner node EnterprisePak for hierarchical cache Hierarchy.
[2023.02.15-01.41.56:440][  0]LogDerivedDataCache: Speed tests for C:/Users/orion/AppData/Local/UnrealEngine/Common/DerivedDataCache took 0.01 seconds
[2023.02.15-01.41.56:440][  0]LogDerivedDataCache: Display: Performance to C:/Users/orion/AppData/Local/UnrealEngine/Common/DerivedDataCache: Latency=0.08ms. RandomReadSpeed=264.25MBs, RandomWriteSpeed=117.70MBs. Assigned SpeedClass 'Local'
[2023.02.15-01.41.56:442][  0]LogDerivedDataCache: Using Local data cache path C:/Users/orion/AppData/Local/UnrealEngine/Common/DerivedDataCache: Writable
[2023.02.15-01.41.56:442][  0]LogDerivedDataCache: Shared data cache path not found in *engine.ini, will not use an Shared cache.
[2023.02.15-01.41.56:442][  0]LogDerivedDataCache: Unable to find inner node Shared for hierarchical cache Hierarchy.
[2023.02.15-01.41.56:491][  0]LogSlate: Using FreeType 2.10.0
[2023.02.15-01.41.56:491][  0]LogSlate: SlateFontServices - WITH_FREETYPE: 1, WITH_HARFBUZZ: 1
[2023.02.15-01.41.56:524][  0]LogAssetRegistry: FAssetRegistry took 0.0044 seconds to start up
[2023.02.15-01.41.56:777][  0]LogInit: Selected Device Profile: [Windows]
[2023.02.15-01.41.56:778][  0]LogInit: Active device profile: [000001BB9067FD00][000001BB8A0F9A40 49] Windows
[2023.02.15-01.41.56:778][  0]LogInit: Profiles: [000001BB9067FD00][000001BB8A0F9A40 49] Windows, [000001BB90634500][000001BB8990FBC0 49] WindowsNoEditor, [000001BB9067C500][000001BB899121C0 49] WindowsServer, [000001BB90635600][000001BB8E732340 49] WindowsClient, [000001BB9067D600][000001BB8E7364C0 49] IOS, [000001BB90636400][000001BB8E73A640 49] iPadAir, [000001BB9067E300][000001BB8990A780 49] iPadAir2, [000001BB905DFE00][000001BB8E7429C0 49] IPadPro, [000001BB905DFF00][000001BB8E73EA00 49] iPadAir3, [000001BB9067F900][000001BB8E746B40 49] iPadAir4, [000001BB905DCA00][000001BB8F2EECC0 49] iPadMini2, [000001BB9067C700][000001BB8F2F2E40 49] iPadMini3, [000001BB905DED00][000001BB8F2F6FC0 49] iPadMini4, [000001BB9067ED00][000001BB8F2FB140 49] iPadMini5, [000001BB9062F700][000001BB8F303400 49] iPhone6, [000001BB9062F800][000001BB8F2FF440 49] iPodTouch6, [000001BB905DE100][000001BB8F30B700 49] iPhone7, [000001BB905DE200][000001BB8F307740 49] iPodTouch7, [000001BB9062C900][000001BB8F30F8C0 49] iPhone5S, [000001BB905DE500][000001BB8F313A40 49] iPhone6Plus, [000001BB9062EE00][000001BB8F317BC0 49] iPhone6S, [000001BB905DDC00][000001BB8F31A1C0 49] iPhone6SPlus, [000001BB9062D300][000001BB8F31E340 49] iPhone7Plus, [000001BB905DE800][000001BB8F3224C0 49] iPhoneSE, [000001BB9062C300][000001BB8F326640 49] iPhone8, [000001BB905DD800][000001BB8F32A7C0 49] iPhone8Plus, [000001BB9062EC00][000001BB8F32E940 49] iPhoneX, [000001BB905DEB00][000001BB8E74AA80 49] iPhoneXS, [000001BB9062F400][000001BB8F332BC0 49] iPhoneXSMax, [000001BB905DDB00][000001BB8F336D00 49] iPhoneXR, [000001BB9062E800][000001BB8F33EE80 49] iPhone11, [000001BB905DDD00][000001BB8F343000 49] iPhone11Pro, [000001BB9062E000][000001BB8F347180 49] iPhone11ProMax, [000001BB905DCC00][000001BB8F34B300 49] iPhoneSE2, [000001BB9062E700][000001BB8F34F480 49] iPhone12Mini, [000001BB905DE900][000001BB8F353600 49] iPhone12, [000001BB9062F100][000001BB8F357780 49] iPhone12Pro, [000001BB905DD900][000001BB8F35B900 49] iPhone12ProMax, [000001BB9062E900][000001BB8F35FA80 49] iPadPro105, [000001BB905DEF00][000001BB8F363C00 49] iPadPro129, [000001BB9062DA00][000001BB8F366200 49] iPadPro97, [000001BB905DF900][000001BB8F36A380 49] iPadPro2_129, [000001BB9062E400][000001BB8F36E500 49] iPad5, [000001BB905DC900][000001BB8F372680 49] iPad6, [000001BB9062DE00][000001BB8F376800 49] iPad7, [000001BB905DF600][000001BB8F37A980 49] iPad8, [000001BB9062FE00][000001BB89800B00 49] iPadPro11, [000001BB905DF700][000001BB8F33AC40 49] iPadPro2_11, [000001BB9062E600][000001BB89804D80 49] iPadPro3_129, [000001BB905DC300][000001BB89808EC0 49] iPadPro4_129, [000001BB9062C100][000001BB89811040 49] AppleTV, [000001BB905DE400][000001BB898151C0 49] AppleTV4K, [000001BB9062DC00][000001BB89819340 49] TVOS, [000001BB905DCE00][000001BB8981D4C0 49] Mac, [000001BB9062FC00][000001BB89821640 49] MacClient, [000001BB905DF000][000001BB898257C0 49] MacNoEditor, [000001BB9062C500][000001BB89829940 49] MacServer, [000001BB905DCF00][000001BB8982DAC0 49] Linux, [000001BB9062D100][000001BB898300C0 49] LinuxAArch64, [000001BB905DD700][000001BB89834240 49] LinuxNoEditor, [000001BB9062FD00][000001BB898383C0 49] LinuxAArch64NoEditor, [000001BB905DC600][000001BB8983C540 49] LinuxClient, [000001BB9062FA00][000001BB898406C0 49] LinuxAArch64Client, [000001BB90634700][000001BB89844840 49] LinuxServer, [000001BB906A9900][000001BB898489C0 49] LinuxAArch64Server, [000001BB90635800][000001BB8984CB40 49] Android, [000001BB906A8800][000001BB89850CC0 49] Android_Low, [000001BB90635700][000001BB8980CE00 49] Android_Mid, [000001BB906A9E00][000001BB89854F40 49] Android_High, [000001BB90637D00][000001BB89859080 49] Android_Default, [000001BB906AAE00][000001BB8985D1C0 49] Android_Adreno4xx, [000001BB90636500][000001BB89865340 49] Android_Adreno5xx_Low, [000001BB906AB300][000001BB898694C0 49] Android_Adreno5xx, [000001BB90637300][000001BB8986D640 49] Android_Adreno6xx, [000001BB906AAD00][000001BB898717C0 49] Android_Adreno6xx_Vulkan, [000001BB90637800][000001BB89875940 49] Android_Mali_T6xx, [000001BB906A8600][000001BB89879AC0 49] Android_Mali_T7xx, [000001BB90634800][000001BB8987C0C0 49] Android_Mali_T8xx, [000001BB906AAC00][000001BB89880240 49] Android_Mali_G71, [000001BB90637100][000001BB898843C0 49] Android_Mali_G72, [000001BB906A8E00][000001BB89888540 49] Android_Mali_G72_Vulkan, [000001BB90635300][000001BB8988C6C0 49] Android_Mali_G76, [000001BB906A9400][000001BB89890840 49] Android_Mali_G76_Vulkan, [000001BB90637F00][000001BB898949C0 49] Android_Mali_G77, [000001BB906AB600][000001BB8EB70B40 49] Android_Mali_G77_Vulkan, [000001BB9062C200][000001BB8EBC4CC0 49] Android_Mali_G78, [000001BB906A9100][000001BB82714E40 49] Android_Mali_G78_Vulkan, [000001BB9062C700][000001BB89860F80 49] Android_Mali_G710, [000001BB906A8900][000001BB827190C0 49] Android_Mali_G710_Vulkan, [000001BB9062EA00][000001BB82721200 49] Android_Vulkan_SM5, [000001BB906A8200][000001BB82729340 49] Android_PowerVR_G6xxx, [000001BB9062F600][000001BB827354C0 49] Android_PowerVR_GT7xxx, [000001BB906AAF00][000001BB82739640 49] Android_PowerVR_GE8xxx, [000001BB9062C400][000001BB8273D7C0 49] Android_PowerVR_GM9xxx, [000001BB906A9500][000001BB8E6E7940 49] Android_PowerVR_GM9xxx_Vulkan, [000001BB9062D200][000001BB8E56FAC0 49] Android_TegraK1, [000001BB906A8B00][000001BB8E4A80C0 49] Android_Unknown_Vulkan, [000001BB9062EF00][000001BB8E4AC240 49] Lumin, [000001BB906A9200][000001BB8E4B03C0 49] Lumin_Desktop, [000001BB9062DD00][000001BB8E4B4540 49] HoloLens, 
[2023.02.15-01.41.56:935][  0]LogMeshReduction: Using QuadricMeshReduction for automatic static mesh reduction
[2023.02.15-01.41.56:935][  0]LogMeshReduction: Using SimplygonMeshReduction for automatic skeletal mesh reduction
[2023.02.15-01.41.56:935][  0]LogMeshReduction: Using ProxyLODMeshReduction for automatic mesh merging
[2023.02.15-01.41.56:935][  0]LogMeshReduction: No distributed automatic mesh merging module available
[2023.02.15-01.41.56:935][  0]LogMeshMerging: No distributed automatic mesh merging module available
[2023.02.15-01.41.56:960][  0]LogNetVersion: ElementalBrawl 1.0.0, NetCL: 17155196, EngineNetVer: 17, GameNetVer: 0 (Checksum: 2805587885)
[2023.02.15-01.41.57:433][  0]LogTexture: Default maximum texture size for cubemaps generated from long-lat sources has been changed from 512 to unlimited. In order to preserve old behaiour for '/Engine/MapTemplates/Sky/DaylightAmbientCubemap.DaylightAmbientCubemap', its maximum texture size has been explicitly set to 512.
[2023.02.15-01.41.57:501][  0]LogHMD: PokeAHoleMaterial loaded successfully
[2023.02.15-01.41.57:507][  0]LogUObjectArray: 17178 objects as part of root set at end of initial load.
[2023.02.15-01.41.57:507][  0]LogUObjectAllocator: 4302048 out of 0 bytes used by permanent object pool.
[2023.02.15-01.41.57:507][  0]LogUObjectArray: CloseDisregardForGC: 0/0 objects in disregard for GC pool
[2023.02.15-01.41.57:927][  0]LogNiagaraDebuggerClient: Niagara Debugger Client Initialized | Session: EB17A56E487B425516D714BE5E95D6A3 | Instance: A4E8B891411AC602417D8CBD03C3DADB (DESKTOP-2TM97B3-6792).
[2023.02.15-01.41.58:104][  0]LogPython: Using Python 3.7.7
[2023.02.15-01.41.58:743][  0]LogUdpMessaging: Initializing bridge on interface 0.0.0.0:0 to multicast group 230.0.0.1:6666.
[2023.02.15-01.41.58:763][  0]LogTcpMessaging: Initializing TcpMessaging bridge
[2023.02.15-01.41.59:179][  0]SourceControl: Source control is disabled
[2023.02.15-01.41.59:180][  0]SourceControl: Source control is disabled
[2023.02.15-01.41.59:184][  0]SourceControl: Source control is disabled
[2023.02.15-01.41.59:193][  0]SourceControl: Source control is disabled
[2023.02.15-01.41.59:225][  0]SourceControl: Source control is disabled
[2023.02.15-01.41.59:235][  0]LogUProjectInfo: Found projects:
[2023.02.15-01.41.59:517][  0]LogOpenImageDenoise: OIDN starting up
[2023.02.15-01.41.59:587][  0]LogAndroidPermission: UAndroidPermissionCallbackProxy::GetInstance
[2023.02.15-01.41.59:622][  0]LogAudioCaptureCore: Display: No Audio Capture implementations found. Audio input will be silent.
[2023.02.15-01.41.59:622][  0]LogAudioCaptureCore: Display: No Audio Capture implementations found. Audio input will be silent.
[2023.02.15-01.41.59:789][  0]LogCollectionManager: Loaded 0 collections in 0.001840 seconds
[2023.02.15-01.41.59:844][  0]LogFileCache: Scanning file cache for directory 'D:/Programming/ElementalBrawl/ElementalBrawl/ElementalBrawl/Saved/Collections/' took 0.00s
[2023.02.15-01.41.59:844][  0]LogFileCache: Scanning file cache for directory 'D:/Programming/ElementalBrawl/ElementalBrawl/ElementalBrawl/Content/Developers/orion/Collections/' took 0.00s
[2023.02.15-01.41.59:845][  0]LogFileCache: Scanning file cache for directory 'D:/Programming/ElementalBrawl/ElementalBrawl/ElementalBrawl/Content/Collections/' took 0.00s
[2023.02.15-01.41.59:845][  0]LogOcInput: OculusInput pre-init called
[2023.02.15-01.42.00:160][  0]LogEngine: Initializing Engine...
[2023.02.15-01.42.00:264][  0]LogHMD: Failed to initialize OpenVR with code 108
[2023.02.15-01.42.00:291][  0]LogHMD: Optional extension XR_VARJO_quad_views is not available
[2023.02.15-01.42.00:292][  0]LogHMD: Warning: Required extension XR_EXT_eye_gaze_interaction is not available
[2023.02.15-01.42.00:292][  0]LogHMD: Could not enable all required OpenXR extensions for OpenXREyeTracker on current system. This plugin will be loaded but ignored, but will be enabled on a target platform that supports the required extension.
[2023.02.15-01.42.00:341][  0]LogHMD: Failed to create an OpenXR instance, result is XR_ERROR_RUNTIME_FAILURE. Please check if you have an OpenXR runtime installed. The following extensions were enabled:
[2023.02.15-01.42.00:341][  0]LogHMD: - XR_KHR_D3D11_enable
[2023.02.15-01.42.00:341][  0]LogHMD: - XR_KHR_D3D12_enable
[2023.02.15-01.42.00:341][  0]LogHMD: - XR_KHR_opengl_enable
[2023.02.15-01.42.00:341][  0]LogHMD: - XR_KHR_vulkan_enable
[2023.02.15-01.42.00:341][  0]LogHMD: - XR_KHR_composition_layer_depth
[2023.02.15-01.42.00:341][  0]LogHMD: - XR_KHR_visibility_mask
[2023.02.15-01.42.00:341][  0]LogHMD: - XR_EXT_hand_tracking
[2023.02.15-01.42.00:341][  0]LogMagicLeap: Warning: VR disabled because ZI is not enabled.  To enable, in the editor, Edit -> Project Settings -> Plugins -> Magic Leap Plugin -> Enable Zero Iteration
[2023.02.15-01.42.00:342][  0]LogStats: UGameplayTagsManager::InitializeManager -  0.000 s
[2023.02.15-01.42.00:476][  0]LogInit: Initializing FReadOnlyCVARCache
[2023.02.15-01.42.00:488][  0]LogAIModule: Creating AISystem for world Untitled
[2023.02.15-01.42.00:489][  0]LogAudio: Display: Initializing Audio Device Manager...
[2023.02.15-01.42.00:494][  0]LogAudio: Display: Loading Default Audio Settings Objects...
[2023.02.15-01.42.00:495][  0]LogAudio: Display: No default SoundConcurrencyObject specified (or failed to load).
[2023.02.15-01.42.00:495][  0]LogAudio: Display: Audio Device Manager Initialized
[2023.02.15-01.42.00:495][  0]LogAudio: Display: Creating Audio Device:                 Id: 1, Scope: Shared, Realtime: True
[2023.02.15-01.42.00:496][  0]LogAudioMixer: Display: Audio Mixer Platform Settings:
[2023.02.15-01.42.00:496][  0]LogAudioMixer: Display: 	Sample Rate:						  48000
[2023.02.15-01.42.00:496][  0]LogAudioMixer: Display: 	Callback Buffer Frame Size Requested: 1024
[2023.02.15-01.42.00:496][  0]LogAudioMixer: Display: 	Callback Buffer Frame Size To Use:	  1024
[2023.02.15-01.42.00:496][  0]LogAudioMixer: Display: 	Number of buffers to queue:			  2
[2023.02.15-01.42.00:496][  0]LogAudioMixer: Display: 	Max Channels (voices):				  32
[2023.02.15-01.42.00:496][  0]LogAudioMixer: Display: 	Number of Async Source Workers:		  0
[2023.02.15-01.42.00:496][  0]LogAudio: Display: AudioDevice MaxSources: 32
[2023.02.15-01.42.00:496][  0]LogAudio: Display: Audio Spatialization Plugin: None (built-in).
[2023.02.15-01.42.00:496][  0]LogAudio: Display: Audio Reverb Plugin: None (built-in).
[2023.02.15-01.42.00:497][  0]LogAudio: Display: Audio Occlusion Plugin: None (built-in).
[2023.02.15-01.42.00:497][  0]LogAudioMixer: Display: Initializing audio mixer.
[2023.02.15-01.42.00:533][  0]LogAudioMixer: Display: 0: FrontLeft
[2023.02.15-01.42.00:533][  0]LogAudioMixer: Display: 1: FrontRight
[2023.02.15-01.42.00:533][  0]LogAudioMixer: Display: 2: FrontCenter
[2023.02.15-01.42.00:533][  0]LogAudioMixer: Display: 3: LowFrequency
[2023.02.15-01.42.00:533][  0]LogAudioMixer: Display: 4: BackLeft
[2023.02.15-01.42.00:533][  0]LogAudioMixer: Display: 5: BackRight
[2023.02.15-01.42.00:533][  0]LogAudioMixer: Display: 6: SideLeft
[2023.02.15-01.42.00:533][  0]LogAudioMixer: Display: 7: SideRight
[2023.02.15-01.42.00:566][  0]LogAudioMixer: Display: Using Audio Device Speakers (Logitech G935/G933s Gaming Headset)
[2023.02.15-01.42.00:570][  0]LogAudioMixer: Display: Initializing Sound Submixes...
[2023.02.15-01.42.00:572][  0]LogAudioMixer: Display: Creating Master Submix 'MasterSubmixDefault'
[2023.02.15-01.42.00:573][  0]LogAudioMixer: Display: Creating Master Submix 'MasterReverbSubmixDefault'
[2023.02.15-01.42.00:574][  0]LogAudioMixer: Display: Creating Master Submix 'MasterEQSubmixDefault'
[2023.02.15-01.42.00:574][  0]LogAudioMixer: FMixerPlatformXAudio2::StartAudioStream() called
[2023.02.15-01.42.00:574][  0]LogAudioMixer: Display: Output buffers initialized: Frames=1024, Channels=8, Samples=8192
[2023.02.15-01.42.00:576][  0]LogAudioMixer: Display: Starting AudioMixerPlatformInterface::RunInternal()
[2023.02.15-01.42.00:576][  0]LogAudioMixer: Display: FMixerPlatformXAudio2::SubmitBuffer() called for the first time
[2023.02.15-01.42.00:576][  0]LogInit: FAudioDevice initialized.
[2023.02.15-01.42.00:576][  0]LogAudio: Display: Audio Device (ID: 1) registered with world 'Untitled'.
[2023.02.15-01.42.00:576][  0]LogNetVersion: Set ProjectVersion to 1.0.0.0. Version Checksum will be recalculated on next use.
[2023.02.15-01.42.00:648][  0]LogDerivedDataCache: Saved boot cache 0.07s 99MB C:/Users/orion/AppData/Local/UnrealEngine/4.27/DerivedDataCache/Boot.ddc.
[2023.02.15-01.42.00:648][  0]LogInit: Texture streaming: Enabled
[2023.02.15-01.42.00:665][  0]LogAnalytics: Display: [UEEditor.Rocket.Release] APIServer = https://datarouter.ol.epicgames.com/. AppVersion = 4.27.2-18319896+++UE4+Release-4.27
[2023.02.15-01.42.00:671][  0]LogEngineSessionManager: EngineSessionManager initialized
[2023.02.15-01.42.00:671][  0]LogEditorSessionSummary: Verbose: Initializing EditorSessionSummaryWriter for editor session tracking
[2023.02.15-01.42.00:674][  0]LogEditorSessionSummary: EditorSessionSummaryWriter initialized
[2023.02.15-01.42.00:700][  0]LogInit: Transaction tracking system initialized
[2023.02.15-01.42.00:730][  0]BlueprintLog: New page: Editor Load
[2023.02.15-01.42.00:827][  0]LocalizationService: Localization service is disabled
[2023.02.15-01.42.00:861][  0]TimingProfiler: Initialize
[2023.02.15-01.42.00:861][  0]TimingProfiler: OnSessionChanged
[2023.02.15-01.42.00:861][  0]LoadingProfiler: Initialize
[2023.02.15-01.42.00:861][  0]LoadingProfiler: OnSessionChanged
[2023.02.15-01.42.00:861][  0]NetworkingProfiler: Initialize
[2023.02.15-01.42.00:861][  0]NetworkingProfiler: OnSessionChanged
[2023.02.15-01.42.00:861][  0]MemoryProfiler: Initialize
[2023.02.15-01.42.00:861][  0]MemoryProfiler: OnSessionChanged
[2023.02.15-01.42.01:060][  0]LogCook: Display: CookSettings for Memory: MemoryMaxUsedVirtual 0MiB, MemoryMaxUsedPhysical 16384MiB, MemoryMinFreeVirtual 0MiB, MemoryMinFreePhysical 1024MiB
[2023.02.15-01.42.01:060][  0]LogCook: Display: Mobile HDR setting 1
[2023.02.15-01.42.01:223][  0]LogFileCache: Scanning file cache for directory 'D:/Programming/ElementalBrawl/ElementalBrawl/ElementalBrawl/Content/' took 0.01s
[2023.02.15-01.42.01:530][  0]LogInit: Display: Engine is initialized. Leaving FEngineLoop::Init()
[2023.02.15-01.42.01:534][  0]SourceControl: Source control is disabled
[2023.02.15-01.42.01:534][  0]LogUnrealEdMisc: Loading editor; pre map load, took 10.731
[2023.02.15-01.42.01:534][  0]Cmd: MAP LOAD FILE="D:/Programming/ElementalBrawl/ElementalBrawl/ElementalBrawl/Content/FirstPersonCPP/Maps/FirstPersonExampleMap.umap" TEMPLATE=0 SHOWPROGRESS=1 FEATURELEVEL=3
[2023.02.15-01.42.01:534][  0]LightingResults: New page: Lighting Build
[2023.02.15-01.42.01:536][  0]LogWorld: UWorld::CleanupWorld for Untitled, bSessionEnded=true, bCleanupResources=true
[2023.02.15-01.42.01:536][  0]LogSlate: InvalidateAllWidgets triggered.  All widgets were invalidated
[2023.02.15-01.42.01:536][  0]MapCheck: New page: Map Check
[2023.02.15-01.42.01:536][  0]LightingResults: New page: Lighting Build
[2023.02.15-01.42.01:542][  0]LogAudio: Display: Audio Device unregistered from world 'None'.
[2023.02.15-01.42.01:547][  0]LogUObjectHash: Compacting FUObjectHashTables data took   0.97ms
[2023.02.15-01.42.01:676][  0]LogAudio: Display: Audio Device (ID: 1) registered with world 'FirstPersonExampleMap'.
[2023.02.15-01.42.01:677][  0]LogAIModule: Creating AISystem for world FirstPersonExampleMap
[2023.02.15-01.42.01:683][  0]LogEditorServer: Finished looking for orphan Actors (0.000 secs)
[2023.02.15-01.42.01:714][  0]LogUObjectHash: Compacting FUObjectHashTables data took   0.92ms
[2023.02.15-01.42.01:715][  0]Cmd: MAP CHECKDEP NOCLEARLOG
[2023.02.15-01.42.01:715][  0]MapCheck: Map check complete: 0 Error(s), 0 Warning(s), took 0.13ms to complete.
[2023.02.15-01.42.01:715][  0]LogFileHelpers: Loading map 'FirstPersonExampleMap' took 0.181
[2023.02.15-01.42.01:718][  0]LogUnrealEdMisc: Total Editor Startup Time, took 10.915
[2023.02.15-01.42.01:859][  0]LogSlate: Updating window title bar state: overlay mode, drag disabled, window buttons hidden, title bar hidden
[2023.02.15-01.42.01:866][  0]LogSlate: Updating window title bar state: overlay mode, drag disabled, window buttons hidden, title bar hidden
[2023.02.15-01.42.01:873][  0]LogSlate: Updating window title bar state: overlay mode, drag disabled, window buttons hidden, title bar hidden
[2023.02.15-01.42.01:881][  0]LogSlate: Updating window title bar state: overlay mode, drag disabled, window buttons hidden, title bar hidden
[2023.02.15-01.42.01:896][  0]LogNativeClassHierarchy: Verbose: Native class hierarchy populated in 0.0100 seconds. Added 3838 classes and 931 folders.
[2023.02.15-01.42.01:899][  0]LogNativeClassHierarchy: Verbose: Native class hierarchy updated for 'WidgetCarousel' in 0.0003 seconds. Added 0 classes and 0 folders.
[2023.02.15-01.42.01:901][  0]LogPakFile: PakFile PrimaryIndexSize=187
[2023.02.15-01.42.01:901][  0]LogPakFile: PakFile PathHashIndexSize=101
[2023.02.15-01.42.01:901][  0]LogPakFile: PakFile FullDirectoryIndexSize=148
[2023.02.15-01.42.01:901][  0]LogShaderLibrary: Display: ShaderCodeLibraryPakFileMountedCallback: PakFile 'C:/Program Files/Epic Games/UE_4.27/FeaturePacks/FP_FirstPerson.upack' (chunk index -1, root 'root:/') mounted
[2023.02.15-01.42.01:901][  0]LogShaderLibrary: Display: ShaderCodeLibraryPakFileMountedCallback: pending pak file info (ChunkID:-1 Root:root:/ File:C:/Program Files/Epic Games/UE_4.27/FeaturePacks/FP_FirstPerson.upack)
[2023.02.15-01.42.01:901][  0]LogPakFile: OnPakFileMounted2Time == 0.000172
[2023.02.15-01.42.01:902][  0]LogPakFile: PakFile PrimaryIndexSize=189
[2023.02.15-01.42.01:902][  0]LogPakFile: PakFile PathHashIndexSize=101
[2023.02.15-01.42.01:903][  0]LogPakFile: PakFile FullDirectoryIndexSize=152
[2023.02.15-01.42.01:903][  0]LogShaderLibrary: Display: ShaderCodeLibraryPakFileMountedCallback: PakFile 'C:/Program Files/Epic Games/UE_4.27/FeaturePacks/FP_FirstPersonBP.upack' (chunk index -1, root 'root:/') mounted
[2023.02.15-01.42.01:903][  0]LogShaderLibrary: Display: ShaderCodeLibraryPakFileMountedCallback: pending pak file info (ChunkID:-1 Root:root:/ File:C:/Program Files/Epic Games/UE_4.27/FeaturePacks/FP_FirstPersonBP.upack)
[2023.02.15-01.42.01:903][  0]LogPakFile: OnPakFileMounted2Time == 0.000168
[2023.02.15-01.42.01:904][  0]LogPakFile: PakFile PrimaryIndexSize=191
[2023.02.15-01.42.01:904][  0]LogPakFile: PakFile PathHashIndexSize=101
[2023.02.15-01.42.01:904][  0]LogPakFile: PakFile FullDirectoryIndexSize=160
[2023.02.15-01.42.01:904][  0]LogShaderLibrary: Display: ShaderCodeLibraryPakFileMountedCallback: PakFile 'C:/Program Files/Epic Games/UE_4.27/FeaturePacks/MobileStarterContent.upack' (chunk index -1, root 'root:/') mounted
[2023.02.15-01.42.01:904][  0]LogShaderLibrary: Display: ShaderCodeLibraryPakFileMountedCallback: pending pak file info (ChunkID:-1 Root:root:/ File:C:/Program Files/Epic Games/UE_4.27/FeaturePacks/MobileStarterContent.upack)
[2023.02.15-01.42.01:904][  0]LogPakFile: OnPakFileMounted2Time == 0.000140
[2023.02.15-01.42.01:905][  0]LogPakFile: PakFile PrimaryIndexSize=185
[2023.02.15-01.42.01:905][  0]LogPakFile: PakFile PathHashIndexSize=101
[2023.02.15-01.42.01:906][  0]LogPakFile: PakFile FullDirectoryIndexSize=148
[2023.02.15-01.42.01:906][  0]LogShaderLibrary: Display: ShaderCodeLibraryPakFileMountedCallback: PakFile 'C:/Program Files/Epic Games/UE_4.27/FeaturePacks/StarterContent.upack' (chunk index -1, root 'root:/') mounted
[2023.02.15-01.42.01:906][  0]LogShaderLibrary: Display: ShaderCodeLibraryPakFileMountedCallback: pending pak file info (ChunkID:-1 Root:root:/ File:C:/Program Files/Epic Games/UE_4.27/FeaturePacks/StarterContent.upack)
[2023.02.15-01.42.01:906][  0]LogPakFile: OnPakFileMounted2Time == 0.000162
[2023.02.15-01.42.01:907][  0]LogPakFile: PakFile PrimaryIndexSize=190
[2023.02.15-01.42.01:907][  0]LogPakFile: PakFile PathHashIndexSize=101
[2023.02.15-01.42.01:907][  0]LogPakFile: PakFile FullDirectoryIndexSize=154
[2023.02.15-01.42.01:907][  0]LogShaderLibrary: Display: ShaderCodeLibraryPakFileMountedCallback: PakFile 'C:/Program Files/Epic Games/UE_4.27/FeaturePacks/TP_2DSideScroller.upack' (chunk index -1, root 'root:/') mounted
[2023.02.15-01.42.01:907][  0]LogShaderLibrary: Display: ShaderCodeLibraryPakFileMountedCallback: pending pak file info (ChunkID:-1 Root:root:/ File:C:/Program Files/Epic Games/UE_4.27/FeaturePacks/TP_2DSideScroller.upack)
[2023.02.15-01.42.01:907][  0]LogPakFile: OnPakFileMounted2Time == 0.000280
[2023.02.15-01.42.01:909][  0]LogPakFile: PakFile PrimaryIndexSize=192
[2023.02.15-01.42.01:909][  0]LogPakFile: PakFile PathHashIndexSize=101
[2023.02.15-01.42.01:909][  0]LogPakFile: PakFile FullDirectoryIndexSize=158
[2023.02.15-01.42.01:909][  0]LogShaderLibrary: Display: ShaderCodeLibraryPakFileMountedCallback: PakFile 'C:/Program Files/Epic Games/UE_4.27/FeaturePacks/TP_2DSideScrollerBP.upack' (chunk index -1, root 'root:/') mounted
[2023.02.15-01.42.01:909][  0]LogShaderLibrary: Display: ShaderCodeLibraryPakFileMountedCallback: pending pak file info (ChunkID:-1 Root:root:/ File:C:/Program Files/Epic Games/UE_4.27/FeaturePacks/TP_2DSideScrollerBP.upack)
[2023.02.15-01.42.01:909][  0]LogPakFile: OnPakFileMounted2Time == 0.000169
[2023.02.15-01.42.01:910][  0]LogPakFile: PakFile PrimaryIndexSize=182
[2023.02.15-01.42.01:910][  0]LogPakFile: PakFile PathHashIndexSize=101
[2023.02.15-01.42.01:910][  0]LogPakFile: PakFile FullDirectoryIndexSize=138
[2023.02.15-01.42.01:910][  0]LogShaderLibrary: Display: ShaderCodeLibraryPakFileMountedCallback: PakFile 'C:/Program Files/Epic Games/UE_4.27/FeaturePacks/TP_Flying.upack' (chunk index -1, root 'root:/') mounted
[2023.02.15-01.42.01:911][  0]LogShaderLibrary: Display: ShaderCodeLibraryPakFileMountedCallback: pending pak file info (ChunkID:-1 Root:root:/ File:C:/Program Files/Epic Games/UE_4.27/FeaturePacks/TP_Flying.upack)
[2023.02.15-01.42.01:911][  0]LogPakFile: OnPakFileMounted2Time == 0.000152
[2023.02.15-01.42.01:912][  0]LogPakFile: PakFile PrimaryIndexSize=184
[2023.02.15-01.42.01:912][  0]LogPakFile: PakFile PathHashIndexSize=101
[2023.02.15-01.42.01:912][  0]LogPakFile: PakFile FullDirectoryIndexSize=142
[2023.02.15-01.42.01:912][  0]LogShaderLibrary: Display: ShaderCodeLibraryPakFileMountedCallback: PakFile 'C:/Program Files/Epic Games/UE_4.27/FeaturePacks/TP_FlyingBP.upack' (chunk index -1, root 'root:/') mounted
[2023.02.15-01.42.01:912][  0]LogShaderLibrary: Display: ShaderCodeLibraryPakFileMountedCallback: pending pak file info (ChunkID:-1 Root:root:/ File:C:/Program Files/Epic Games/UE_4.27/FeaturePacks/TP_FlyingBP.upack)
[2023.02.15-01.42.01:912][  0]LogPakFile: OnPakFileMounted2Time == 0.000131
[2023.02.15-01.42.01:913][  0]LogPakFile: PakFile PrimaryIndexSize=188
[2023.02.15-01.42.01:913][  0]LogPakFile: PakFile PathHashIndexSize=101
[2023.02.15-01.42.01:913][  0]LogPakFile: PakFile FullDirectoryIndexSize=150
[2023.02.15-01.42.01:914][  0]LogShaderLibrary: Display: ShaderCodeLibraryPakFileMountedCallback: PakFile 'C:/Program Files/Epic Games/UE_4.27/FeaturePacks/TP_HandheldARBP.upack' (chunk index -1, root 'root:/') mounted
[2023.02.15-01.42.01:914][  0]LogShaderLibrary: Display: ShaderCodeLibraryPakFileMountedCallback: pending pak file info (ChunkID:-1 Root:root:/ File:C:/Program Files/Epic Games/UE_4.27/FeaturePacks/TP_HandheldARBP.upack)
[2023.02.15-01.42.01:914][  0]LogPakFile: OnPakFileMounted2Time == 0.000146
[2023.02.15-01.42.01:915][  0]LogPakFile: PakFile PrimaryIndexSize=182
[2023.02.15-01.42.01:915][  0]LogPakFile: PakFile PathHashIndexSize=101
[2023.02.15-01.42.01:915][  0]LogPakFile: PakFile FullDirectoryIndexSize=138
[2023.02.15-01.42.01:915][  0]LogShaderLibrary: Display: ShaderCodeLibraryPakFileMountedCallback: PakFile 'C:/Program Files/Epic Games/UE_4.27/FeaturePacks/TP_Puzzle.upack' (chunk index -1, root 'root:/') mounted
[2023.02.15-01.42.01:915][  0]LogShaderLibrary: Display: ShaderCodeLibraryPakFileMountedCallback: pending pak file info (ChunkID:-1 Root:root:/ File:C:/Program Files/Epic Games/UE_4.27/FeaturePacks/TP_Puzzle.upack)
[2023.02.15-01.42.01:915][  0]LogPakFile: OnPakFileMounted2Time == 0.000163
[2023.02.15-01.42.01:916][  0]LogPakFile: PakFile PrimaryIndexSize=184
[2023.02.15-01.42.01:916][  0]LogPakFile: PakFile PathHashIndexSize=101
[2023.02.15-01.42.01:917][  0]LogPakFile: PakFile FullDirectoryIndexSize=142
[2023.02.15-01.42.01:917][  0]LogShaderLibrary: Display: ShaderCodeLibraryPakFileMountedCallback: PakFile 'C:/Program Files/Epic Games/UE_4.27/FeaturePacks/TP_PuzzleBP.upack' (chunk index -1, root 'root:/') mounted
[2023.02.15-01.42.01:917][  0]LogShaderLibrary: Display: ShaderCodeLibraryPakFileMountedCallback: pending pak file info (ChunkID:-1 Root:root:/ File:C:/Program Files/Epic Games/UE_4.27/FeaturePacks/TP_PuzzleBP.upack)
[2023.02.15-01.42.01:917][  0]LogPakFile: OnPakFileMounted2Time == 0.000176
[2023.02.15-01.42.01:918][  0]LogPakFile: PakFile PrimaryIndexSize=183
[2023.02.15-01.42.01:918][  0]LogPakFile: PakFile PathHashIndexSize=101
[2023.02.15-01.42.01:918][  0]LogPakFile: PakFile FullDirectoryIndexSize=140
[2023.02.15-01.42.01:918][  0]LogShaderLibrary: Display: ShaderCodeLibraryPakFileMountedCallback: PakFile 'C:/Program Files/Epic Games/UE_4.27/FeaturePacks/TP_Rolling.upack' (chunk index -1, root 'root:/') mounted
[2023.02.15-01.42.01:918][  0]LogShaderLibrary: Display: ShaderCodeLibraryPakFileMountedCallback: pending pak file info (ChunkID:-1 Root:root:/ File:C:/Program Files/Epic Games/UE_4.27/FeaturePacks/TP_Rolling.upack)
[2023.02.15-01.42.01:918][  0]LogPakFile: OnPakFileMounted2Time == 0.000141
[2023.02.15-01.42.01:919][  0]LogPakFile: PakFile PrimaryIndexSize=185
[2023.02.15-01.42.01:919][  0]LogPakFile: PakFile PathHashIndexSize=101
[2023.02.15-01.42.01:920][  0]LogPakFile: PakFile FullDirectoryIndexSize=144
[2023.02.15-01.42.01:920][  0]LogShaderLibrary: Display: ShaderCodeLibraryPakFileMountedCallback: PakFile 'C:/Program Files/Epic Games/UE_4.27/FeaturePacks/TP_RollingBP.upack' (chunk index -1, root 'root:/') mounted
[2023.02.15-01.42.01:920][  0]LogShaderLibrary: Display: ShaderCodeLibraryPakFileMountedCallback: pending pak file info (ChunkID:-1 Root:root:/ File:C:/Program Files/Epic Games/UE_4.27/FeaturePacks/TP_RollingBP.upack)
[2023.02.15-01.42.01:920][  0]LogPakFile: OnPakFileMounted2Time == 0.000156
[2023.02.15-01.42.01:921][  0]LogPakFile: PakFile PrimaryIndexSize=188
[2023.02.15-01.42.01:921][  0]LogPakFile: PakFile PathHashIndexSize=101
[2023.02.15-01.42.01:921][  0]LogPakFile: PakFile FullDirectoryIndexSize=150
[2023.02.15-01.42.01:921][  0]LogShaderLibrary: Display: ShaderCodeLibraryPakFileMountedCallback: PakFile 'C:/Program Files/Epic Games/UE_4.27/FeaturePacks/TP_SideScroller.upack' (chunk index -1, root 'root:/') mounted
[2023.02.15-01.42.01:921][  0]LogShaderLibrary: Display: ShaderCodeLibraryPakFileMountedCallback: pending pak file info (ChunkID:-1 Root:root:/ File:C:/Program Files/Epic Games/UE_4.27/FeaturePacks/TP_SideScroller.upack)
[2023.02.15-01.42.01:921][  0]LogPakFile: OnPakFileMounted2Time == 0.000144
[2023.02.15-01.42.01:922][  0]LogPakFile: PakFile PrimaryIndexSize=190
[2023.02.15-01.42.01:922][  0]LogPakFile: PakFile PathHashIndexSize=101
[2023.02.15-01.42.01:923][  0]LogPakFile: PakFile FullDirectoryIndexSize=154
[2023.02.15-01.42.01:923][  0]LogShaderLibrary: Display: ShaderCodeLibraryPakFileMountedCallback: PakFile 'C:/Program Files/Epic Games/UE_4.27/FeaturePacks/TP_SideScrollerBP.upack' (chunk index -1, root 'root:/') mounted
[2023.02.15-01.42.01:923][  0]LogShaderLibrary: Display: ShaderCodeLibraryPakFileMountedCallback: pending pak file info (ChunkID:-1 Root:root:/ File:C:/Program Files/Epic Games/UE_4.27/FeaturePacks/TP_SideScrollerBP.upack)
[2023.02.15-01.42.01:923][  0]LogPakFile: OnPakFileMounted2Time == 0.000284
[2023.02.15-01.42.01:924][  0]LogPakFile: PakFile PrimaryIndexSize=187
[2023.02.15-01.42.01:924][  0]LogPakFile: PakFile PathHashIndexSize=101
[2023.02.15-01.42.01:924][  0]LogPakFile: PakFile FullDirectoryIndexSize=148
[2023.02.15-01.42.01:924][  0]LogShaderLibrary: Display: ShaderCodeLibraryPakFileMountedCallback: PakFile 'C:/Program Files/Epic Games/UE_4.27/FeaturePacks/TP_ThirdPerson.upack' (chunk index -1, root 'root:/') mounted
[2023.02.15-01.42.01:924][  0]LogShaderLibrary: Display: ShaderCodeLibraryPakFileMountedCallback: pending pak file info (ChunkID:-1 Root:root:/ File:C:/Program Files/Epic Games/UE_4.27/FeaturePacks/TP_ThirdPerson.upack)
[2023.02.15-01.42.01:924][  0]LogPakFile: OnPakFileMounted2Time == 0.000154
[2023.02.15-01.42.01:926][  0]LogPakFile: PakFile PrimaryIndexSize=189
[2023.02.15-01.42.01:926][  0]LogPakFile: PakFile PathHashIndexSize=101
[2023.02.15-01.42.01:926][  0]LogPakFile: PakFile FullDirectoryIndexSize=152
[2023.02.15-01.42.01:926][  0]LogShaderLibrary: Display: ShaderCodeLibraryPakFileMountedCallback: PakFile 'C:/Program Files/Epic Games/UE_4.27/FeaturePacks/TP_ThirdPersonBP.upack' (chunk index -1, root 'root:/') mounted
[2023.02.15-01.42.01:926][  0]LogShaderLibrary: Display: ShaderCodeLibraryPakFileMountedCallback: pending pak file info (ChunkID:-1 Root:root:/ File:C:/Program Files/Epic Games/UE_4.27/FeaturePacks/TP_ThirdPersonBP.upack)
[2023.02.15-01.42.01:926][  0]LogPakFile: OnPakFileMounted2Time == 0.000131
[2023.02.15-01.42.01:927][  0]LogPakFile: PakFile PrimaryIndexSize=183
[2023.02.15-01.42.01:927][  0]LogPakFile: PakFile PathHashIndexSize=101
[2023.02.15-01.42.01:927][  0]LogPakFile: PakFile FullDirectoryIndexSize=140
[2023.02.15-01.42.01:927][  0]LogShaderLibrary: Display: ShaderCodeLibraryPakFileMountedCallback: PakFile 'C:/Program Files/Epic Games/UE_4.27/FeaturePacks/TP_TopDown.upack' (chunk index -1, root 'root:/') mounted
[2023.02.15-01.42.01:927][  0]LogShaderLibrary: Display: ShaderCodeLibraryPakFileMountedCallback: pending pak file info (ChunkID:-1 Root:root:/ File:C:/Program Files/Epic Games/UE_4.27/FeaturePacks/TP_TopDown.upack)
[2023.02.15-01.42.01:927][  0]LogPakFile: OnPakFileMounted2Time == 0.000149
[2023.02.15-01.42.01:928][  0]LogPakFile: PakFile PrimaryIndexSize=185
[2023.02.15-01.42.01:929][  0]LogPakFile: PakFile PathHashIndexSize=101
[2023.02.15-01.42.01:929][  0]LogPakFile: PakFile FullDirectoryIndexSize=144
[2023.02.15-01.42.01:929][  0]LogShaderLibrary: Display: ShaderCodeLibraryPakFileMountedCallback: PakFile 'C:/Program Files/Epic Games/UE_4.27/FeaturePacks/TP_TopDownBP.upack' (chunk index -1, root 'root:/') mounted
[2023.02.15-01.42.01:929][  0]LogShaderLibrary: Display: ShaderCodeLibraryPakFileMountedCallback: pending pak file info (ChunkID:-1 Root:root:/ File:C:/Program Files/Epic Games/UE_4.27/FeaturePacks/TP_TopDownBP.upack)
[2023.02.15-01.42.01:929][  0]LogPakFile: OnPakFileMounted2Time == 0.000139
[2023.02.15-01.42.01:930][  0]LogPakFile: PakFile PrimaryIndexSize=185
[2023.02.15-01.42.01:930][  0]LogPakFile: PakFile PathHashIndexSize=101
[2023.02.15-01.42.01:930][  0]LogPakFile: PakFile FullDirectoryIndexSize=144
[2023.02.15-01.42.01:930][  0]LogShaderLibrary: Display: ShaderCodeLibraryPakFileMountedCallback: PakFile 'C:/Program Files/Epic Games/UE_4.27/FeaturePacks/TP_TwinStick.upack' (chunk index -1, root 'root:/') mounted
[2023.02.15-01.42.01:930][  0]LogShaderLibrary: Display: ShaderCodeLibraryPakFileMountedCallback: pending pak file info (ChunkID:-1 Root:root:/ File:C:/Program Files/Epic Games/UE_4.27/FeaturePacks/TP_TwinStick.upack)
[2023.02.15-01.42.01:930][  0]LogPakFile: OnPakFileMounted2Time == 0.000141
[2023.02.15-01.42.01:931][  0]LogPakFile: PakFile PrimaryIndexSize=187
[2023.02.15-01.42.01:932][  0]LogPakFile: PakFile PathHashIndexSize=101
[2023.02.15-01.42.01:932][  0]LogPakFile: PakFile FullDirectoryIndexSize=148
[2023.02.15-01.42.01:932][  0]LogShaderLibrary: Display: ShaderCodeLibraryPakFileMountedCallback: PakFile 'C:/Program Files/Epic Games/UE_4.27/FeaturePacks/TP_TwinStickBP.upack' (chunk index -1, root 'root:/') mounted
[2023.02.15-01.42.01:932][  0]LogShaderLibrary: Display: ShaderCodeLibraryPakFileMountedCallback: pending pak file info (ChunkID:-1 Root:root:/ File:C:/Program Files/Epic Games/UE_4.27/FeaturePacks/TP_TwinStickBP.upack)
[2023.02.15-01.42.01:932][  0]LogPakFile: OnPakFileMounted2Time == 0.000158
[2023.02.15-01.42.01:933][  0]LogPakFile: PakFile PrimaryIndexSize=183
[2023.02.15-01.42.01:933][  0]LogPakFile: PakFile PathHashIndexSize=101
[2023.02.15-01.42.01:933][  0]LogPakFile: PakFile FullDirectoryIndexSize=140
[2023.02.15-01.42.01:933][  0]LogShaderLibrary: Display: ShaderCodeLibraryPakFileMountedCallback: PakFile 'C:/Program Files/Epic Games/UE_4.27/FeaturePacks/TP_Vehicle.upack' (chunk index -1, root 'root:/') mounted
[2023.02.15-01.42.01:933][  0]LogShaderLibrary: Display: ShaderCodeLibraryPakFileMountedCallback: pending pak file info (ChunkID:-1 Root:root:/ File:C:/Program Files/Epic Games/UE_4.27/FeaturePacks/TP_Vehicle.upack)
[2023.02.15-01.42.01:933][  0]LogPakFile: OnPakFileMounted2Time == 0.000144
[2023.02.15-01.42.01:934][  0]LogPakFile: PakFile PrimaryIndexSize=186
[2023.02.15-01.42.01:934][  0]LogPakFile: PakFile PathHashIndexSize=101
[2023.02.15-01.42.01:935][  0]LogPakFile: PakFile FullDirectoryIndexSize=146
[2023.02.15-01.42.01:935][  0]LogShaderLibrary: Display: ShaderCodeLibraryPakFileMountedCallback: PakFile 'C:/Program Files/Epic Games/UE_4.27/FeaturePacks/TP_VehicleAdv.upack' (chunk index -1, root 'root:/') mounted
[2023.02.15-01.42.01:935][  0]LogShaderLibrary: Display: ShaderCodeLibraryPakFileMountedCallback: pending pak file info (ChunkID:-1 Root:root:/ File:C:/Program Files/Epic Games/UE_4.27/FeaturePacks/TP_VehicleAdv.upack)
[2023.02.15-01.42.01:935][  0]LogPakFile: OnPakFileMounted2Time == 0.000152
[2023.02.15-01.42.01:936][  0]LogPakFile: PakFile PrimaryIndexSize=188
[2023.02.15-01.42.01:936][  0]LogPakFile: PakFile PathHashIndexSize=101
[2023.02.15-01.42.01:936][  0]LogPakFile: PakFile FullDirectoryIndexSize=150
[2023.02.15-01.42.01:936][  0]LogShaderLibrary: Display: ShaderCodeLibraryPakFileMountedCallback: PakFile 'C:/Program Files/Epic Games/UE_4.27/FeaturePacks/TP_VehicleAdvBP.upack' (chunk index -1, root 'root:/') mounted
[2023.02.15-01.42.01:936][  0]LogShaderLibrary: Display: ShaderCodeLibraryPakFileMountedCallback: pending pak file info (ChunkID:-1 Root:root:/ File:C:/Program Files/Epic Games/UE_4.27/FeaturePacks/TP_VehicleAdvBP.upack)
[2023.02.15-01.42.01:936][  0]LogPakFile: OnPakFileMounted2Time == 0.000134
[2023.02.15-01.42.01:937][  0]LogPakFile: PakFile PrimaryIndexSize=185
[2023.02.15-01.42.01:937][  0]LogPakFile: PakFile PathHashIndexSize=101
[2023.02.15-01.42.01:938][  0]LogPakFile: PakFile FullDirectoryIndexSize=144
[2023.02.15-01.42.01:938][  0]LogShaderLibrary: Display: ShaderCodeLibraryPakFileMountedCallback: PakFile 'C:/Program Files/Epic Games/UE_4.27/FeaturePacks/TP_VehicleBP.upack' (chunk index -1, root 'root:/') mounted
[2023.02.15-01.42.01:938][  0]LogShaderLibrary: Display: ShaderCodeLibraryPakFileMountedCallback: pending pak file info (ChunkID:-1 Root:root:/ File:C:/Program Files/Epic Games/UE_4.27/FeaturePacks/TP_VehicleBP.upack)
[2023.02.15-01.42.01:938][  0]LogPakFile: OnPakFileMounted2Time == 0.000157
[2023.02.15-01.42.01:939][  0]LogPakFile: PakFile PrimaryIndexSize=192
[2023.02.15-01.42.01:939][  0]LogPakFile: PakFile PathHashIndexSize=101
[2023.02.15-01.42.01:939][  0]LogPakFile: PakFile FullDirectoryIndexSize=158
[2023.02.15-01.42.01:939][  0]LogShaderLibrary: Display: ShaderCodeLibraryPakFileMountedCallback: PakFile 'C:/Program Files/Epic Games/UE_4.27/FeaturePacks/TP_VirtualRealityBP.upack' (chunk index -1, root 'root:/') mounted
[2023.02.15-01.42.01:939][  0]LogShaderLibrary: Display: ShaderCodeLibraryPakFileMountedCallback: pending pak file info (ChunkID:-1 Root:root:/ File:C:/Program Files/Epic Games/UE_4.27/FeaturePacks/TP_VirtualRealityBP.upack)
[2023.02.15-01.42.01:939][  0]LogPakFile: OnPakFileMounted2Time == 0.000159
[2023.02.15-01.42.02:019][  0]LogNativeClassHierarchy: Verbose: Native class hierarchy updated for 'AddContentDialog' in 0.0003 seconds. Added 0 classes and 0 folders.
[2023.02.15-01.42.02:024][  0]LogNativeClassHierarchy: Verbose: Native class hierarchy updated for 'SceneOutliner' in 0.0003 seconds. Added 2 classes and 0 folders.
[2023.02.15-01.42.02:073][  0]LogSlate: Took 0.000319 seconds to synchronously load lazily loaded font '../../../Engine/Content/Slate/Fonts/Roboto-Regular.ttf' (155K)
[2023.02.15-01.42.02:074][  0]LogSlate: Took 0.000216 seconds to synchronously load lazily loaded font '../../../Engine/Content/Editor/Slate/Fonts/FontAwesome.ttf' (139K)
[2023.02.15-01.42.02:076][  0]LogSlate: Took 0.000247 seconds to synchronously load lazily loaded font '../../../Engine/Content/Slate/Fonts/Roboto-Bold.ttf' (160K)
[2023.02.15-01.42.02:191][  0]LogRenderer: Reallocating scene render targets to support 1208x572 Format 10 NumSamples 1 (Frame:1).
[2023.02.15-01.42.02:295][  0]LogSlate: Took 0.000283 seconds to synchronously load lazily loaded font '../../../Engine/Content/Slate/Fonts/Roboto-Light.ttf' (167K)
[2023.02.15-01.42.02:371][  0]LogNativeClassHierarchy: Verbose: Native class hierarchy updated for 'HierarchicalLODOutliner' in 0.0003 seconds. Added 0 classes and 0 folders.
[2023.02.15-01.42.02:372][  0]LogLoad: (Engine Initialization) Total time: 11.57 seconds
[2023.02.15-01.42.02:372][  0]LogLoad: (Engine Initialization) Total Blueprint compile time: 0.00 seconds
[2023.02.15-01.42.02:417][  0]LogAssetRegistry: Asset discovery search completed in 5.8950 seconds
[2023.02.15-01.42.02:423][  0]LogCollectionManager: Fixed up redirectors for 0 collections in 0.000003 seconds (updated 0 objects)
[2023.02.15-01.42.02:424][  0]LogContentStreaming: Texture pool size now 1000 MB
[2023.02.15-01.42.06:827][481]LogEditorViewport: Clicking on Actor (LMB): FirstPersonCharacter_C (FirstPersonCharacter2)
[2023.02.15-01.42.08:788][684]LogSlate: Took 0.000325 seconds to synchronously load lazily loaded font '../../../Engine/Content/Slate/Fonts/Roboto-Italic.ttf' (157K)
[2023.02.15-01.42.23:448][294]LogTemp: Repeating last play command: Selected Viewport
[2023.02.15-01.42.23:454][294]LogPlayLevel: PlayLevel: No blueprints needed recompiling
[2023.02.15-01.42.23:454][294]PIE: New page: PIE session: FirstPersonExampleMap (Feb. 14, 2023, 9:42:23 a.m.)
[2023.02.15-01.42.23:456][294]LogOnline: OSS: Creating online subsystem instance for: NULL
[2023.02.15-01.42.23:458][294]LogOnline: OSS: TryLoadSubsystemAndSetDefault: Loaded subsystem for module [NULL]
[2023.02.15-01.42.23:458][294]LogPlayLevel: Creating play world package: /Game/FirstPersonCPP/Maps/UEDPIE_0_FirstPersonExampleMap
[2023.02.15-01.42.23:473][294]LogPlayLevel: PIE: StaticDuplicateObject took: (0.014902s)
[2023.02.15-01.42.23:474][294]LogAIModule: Creating AISystem for world FirstPersonExampleMap
[2023.02.15-01.42.23:474][294]LogPlayLevel: PIE: World Init took: (0.001180s)
[2023.02.15-01.42.23:474][294]LogPlayLevel: PIE: Created PIE world by copying editor world from /Game/FirstPersonCPP/Maps/FirstPersonExampleMap.FirstPersonExampleMap to /Game/FirstPersonCPP/Maps/UEDPIE_0_FirstPersonExampleMap.FirstPersonExampleMap (0.016465s)
[2023.02.15-01.42.23:481][294]LogUObjectHash: Compacting FUObjectHashTables data took   0.87ms
[2023.02.15-01.42.23:483][294]LogAudio: Display: Creating Audio Device:                 Id: 2, Scope: Unique, Realtime: True
[2023.02.15-01.42.23:483][294]LogAudioMixer: Display: Audio Mixer Platform Settings:
[2023.02.15-01.42.23:483][294]LogAudioMixer: Display: 	Sample Rate:						  48000
[2023.02.15-01.42.23:483][294]LogAudioMixer: Display: 	Callback Buffer Frame Size Requested: 1024
[2023.02.15-01.42.23:483][294]LogAudioMixer: Display: 	Callback Buffer Frame Size To Use:	  1024
[2023.02.15-01.42.23:483][294]LogAudioMixer: Display: 	Number of buffers to queue:			  2
[2023.02.15-01.42.23:483][294]LogAudioMixer: Display: 	Max Channels (voices):				  32
[2023.02.15-01.42.23:483][294]LogAudioMixer: Display: 	Number of Async Source Workers:		  0
[2023.02.15-01.42.23:484][294]LogAudio: Display: AudioDevice MaxSources: 32
[2023.02.15-01.42.23:484][294]LogAudio: Display: Audio Spatialization Plugin: None (built-in).
[2023.02.15-01.42.23:484][294]LogAudio: Display: Audio Reverb Plugin: None (built-in).
[2023.02.15-01.42.23:484][294]LogAudio: Display: Audio Occlusion Plugin: None (built-in).
[2023.02.15-01.42.23:484][294]LogAudioMixer: Display: Initializing audio mixer.
[2023.02.15-01.42.23:493][294]LogAudioMixer: Display: 0: FrontLeft
[2023.02.15-01.42.23:493][294]LogAudioMixer: Display: 1: FrontRight
[2023.02.15-01.42.23:493][294]LogAudioMixer: Display: 2: FrontCenter
[2023.02.15-01.42.23:493][294]LogAudioMixer: Display: 3: LowFrequency
[2023.02.15-01.42.23:493][294]LogAudioMixer: Display: 4: BackLeft
[2023.02.15-01.42.23:493][294]LogAudioMixer: Display: 5: BackRight
[2023.02.15-01.42.23:493][294]LogAudioMixer: Display: 6: SideLeft
[2023.02.15-01.42.23:493][294]LogAudioMixer: Display: 7: SideRight
[2023.02.15-01.42.23:510][294]LogAudioMixer: Display: Using Audio Device Speakers (Logitech G935/G933s Gaming Headset)
[2023.02.15-01.42.23:510][294]LogAudioMixer: Display: Initializing Sound Submixes...
[2023.02.15-01.42.23:510][294]LogAudioMixer: Display: Creating Master Submix 'MasterSubmixDefault'
[2023.02.15-01.42.23:510][294]LogAudioMixer: Display: Creating Master Submix 'MasterReverbSubmixDefault'
[2023.02.15-01.42.23:511][294]LogAudioMixer: Display: Creating Master Submix 'MasterEQSubmixDefault'
[2023.02.15-01.42.23:511][294]LogAudioMixer: FMixerPlatformXAudio2::StartAudioStream() called
[2023.02.15-01.42.23:511][294]LogAudioMixer: Display: Output buffers initialized: Frames=1024, Channels=8, Samples=8192
[2023.02.15-01.42.23:513][294]LogAudioMixer: Display: Starting AudioMixerPlatformInterface::RunInternal()
[2023.02.15-01.42.23:514][294]LogAudioMixer: Display: FMixerPlatformXAudio2::SubmitBuffer() called for the first time
[2023.02.15-01.42.23:514][294]LogInit: FAudioDevice initialized.
[2023.02.15-01.42.23:514][294]LogAudio: Display: Audio Device (ID: 2) registered with world 'FirstPersonExampleMap'.
[2023.02.15-01.42.23:525][294]LogLoad: Game class is 'ElementalBrawlGameMode'
[2023.02.15-01.42.23:527][294]LogWorld: Bringing World /Game/FirstPersonCPP/Maps/UEDPIE_0_FirstPersonExampleMap.FirstPersonExampleMap up for play (max tick rate 0) at 2023.02.14-17.42.23
[2023.02.15-01.42.23:527][294]LogWorld: Bringing up level for play took: 0.001794
[2023.02.15-01.42.23:527][294]LogOnline: OSS: Creating online subsystem instance for: :Context_4
[2023.02.15-01.42.23:532][294]LogNativeClassHierarchy: Verbose: Native class hierarchy updated for 'MovieSceneCapture' in 0.0004 seconds. Added 20 classes and 0 folders.
[2023.02.15-01.42.23:532][294]LogOutputDevice: Warning: 

Script Stack (0 frames):

[2023.02.15-01.42.23:532][294]LogOutputDevice: Error: Ensure condition failed: Component->HasBegunPlay() [File:D:/Build/++UE4/Sync/Engine/Source/Runtime/Engine/Private/Actor.cpp] [Line: 3557] 
Failed to route BeginPlay (AirMoveset /Game/FirstPersonCPP/Maps/UEDPIE_0_FirstPersonExampleMap.FirstPersonExampleMap:PersistentLevel.FirstPersonCharacter_C_0.AirMoveset)

[2023.02.15-01.42.23:532][294]LogStats:             FDebug::EnsureFailed -  0.000 s
[2023.02.15-01.42.32:826][294]PIE: Server logged in
[2023.02.15-01.42.32:828][294]PIE: Play in editor total start time 9.375 seconds.
[2023.02.15-01.42.46:091][697]LogEditorViewport: Clicking on Actor (LMB): FirstPersonCharacter_C (FirstPersonCharacter2)
