Log file open, 01/24/23 19:07:57
LogWindows: Failed to load 'aqProf.dll' (GetLastError=126)
LogWindows: File 'aqProf.dll' does not exist
LogWindows: Failed to load 'VtuneApi.dll' (GetLastError=126)
LogWindows: File 'VtuneApi.dll' does not exist
LogWindows: Failed to load 'VtuneApi32e.dll' (GetLastError=126)
LogWindows: File 'VtuneApi32e.dll' does not exist
LogConsoleResponse: Display: Failed to find resolution value strings in scalability ini. Falling back to default.
LogConsoleResponse: Display: Failed to find resolution value strings in scalability ini. Falling back to default.
LogInit: Display: Running engine for game: ElementalBrawl
LogPlatformFile: Not using cached read wrapper
LogTaskGraph: Started task graph with 5 named threads and 35 total threads with 3 sets of task threads.
LogStats: Stats thread started at 0.402121
LogICUInternationalization: ICU TimeZone Detection - Raw Offset: -8:00, Platform Override: ''
LogInit: Display: Loading text-based GConfig....
LogPluginManager: Mounting plugin MeshPainting
LogPluginManager: Mounting plugin XGEController
LogPluginManager: Mounting plugin Paper2D
LogPluginManager: Mounting plugin AISupport
LogPluginManager: Mounting plugin EnvironmentQueryEditor
LogPluginManager: Mounting plugin LightPropagationVolume
LogPluginManager: Mounting plugin CameraShakePreviewer
LogPluginManager: Mounting plugin LiveLink
LogPluginManager: Mounting plugin AssetManagerEditor
LogPluginManager: Mounting plugin OodleData
LogPluginManager: Mounting plugin AlembicImporter
LogPluginManager: Mounting plugin AutomationUtils
LogPluginManager: Mounting plugin GameplayCameras
LogPluginManager: Mounting plugin BackChannel
LogPluginManager: Mounting plugin AnimationSharing
LogPluginManager: Mounting plugin ChaosCloth
LogPluginManager: Mounting plugin OodleNetwork
LogPluginManager: Mounting plugin ChaosClothEditor
LogPluginManager: Mounting plugin ChaosEditor
LogPluginManager: Mounting plugin ChaosSolverPlugin
LogPluginManager: Mounting plugin ChaosNiagara
LogPluginManager: Mounting plugin CharacterAI
LogPluginManager: Mounting plugin GeometryCache
LogPluginManager: Mounting plugin CLionSourceCodeAccess
LogPluginManager: Mounting plugin GeometryCollectionPlugin
LogPluginManager: Mounting plugin GitSourceControl
LogPluginManager: Mounting plugin KDevelopSourceCodeAccess
LogPluginManager: Mounting plugin CodeLiteSourceCodeAccess
LogPluginManager: Mounting plugin NullSourceCodeAccess
LogPluginManager: Mounting plugin PixWinPlugin
LogPluginManager: Mounting plugin PerforceSourceControl
LogPluginManager: Mounting plugin PlasticSourceControl
LogPluginManager: Mounting plugin PluginUtils
LogPluginManager: Mounting plugin RiderSourceCodeAccess
LogPluginManager: Mounting plugin SubversionSourceControl
LogPluginManager: Mounting plugin DatasmithContent
LogPluginManager: Mounting plugin TextureFormatOodle
LogPluginManager: Mounting plugin UObjectPlugin
LogPluginManager: Mounting plugin VariantManagerContent
LogPluginManager: Mounting plugin XCodeSourceCodeAccess
LogPluginManager: Mounting plugin GeometryProcessing
LogPluginManager: Mounting plugin PropertyAccessNode
LogPluginManager: Mounting plugin VisualStudioCodeSourceCodeAccess
LogPluginManager: Mounting plugin OpenImageDenoise
LogPluginManager: Mounting plugin MotoSynth
LogPluginManager: Mounting plugin PlanarCut
LogPluginManager: Mounting plugin PlatformCrypto
LogPluginManager: Mounting plugin ProxyLODPlugin
LogPluginManager: Mounting plugin PythonScriptPlugin
LogPluginManager: Mounting plugin SkeletalReduction
LogPluginManager: Mounting plugin Niagara
LogPluginManager: Mounting plugin VisualStudioSourceCodeAccess
LogPluginManager: Mounting plugin LuminPlatformFeatures
LogPluginManager: Mounting plugin MagicLeap
LogPluginManager: Mounting plugin MagicLeapLightEstimation
LogPluginManager: Mounting plugin MagicLeapMedia
LogPluginManager: Mounting plugin MagicLeapPassableWorld
LogPluginManager: Mounting plugin MLSDK
LogPluginManager: Mounting plugin AndroidMedia
LogPluginManager: Mounting plugin AvfMedia
LogPluginManager: Mounting plugin MediaCompositing
LogPluginManager: Mounting plugin MediaPlayerEditor
LogPluginManager: Mounting plugin WmfMedia
LogPluginManager: Mounting plugin CurveEditorTools
LogPluginManager: Mounting plugin DataValidation
LogPluginManager: Mounting plugin FacialAnimation
LogPluginManager: Mounting plugin GeometryMode
LogPluginManager: Mounting plugin GameplayTagsEditor
LogPluginManager: Mounting plugin ImgMedia
LogPluginManager: Mounting plugin CryptoKeys
LogPluginManager: Mounting plugin MacGraphicsSwitching
LogPluginManager: Mounting plugin MaterialAnalyzer
LogPluginManager: Mounting plugin ActorSequence
LogPluginManager: Mounting plugin MobileLauncherProfileWizard
LogPluginManager: Mounting plugin PluginBrowser
LogPluginManager: Mounting plugin SpeedTreeImporter
LogPluginManager: Mounting plugin LevelSequenceEditor
LogPluginManager: Mounting plugin MatineeToLevelSequence
LogPluginManager: Mounting plugin TemplateSequence
LogPluginManager: Mounting plugin ActorLayerUtilities
LogPluginManager: Mounting plugin TcpMessaging
LogPluginManager: Mounting plugin UdpMessaging
LogPluginManager: Mounting plugin AndroidDeviceProfileSelector
LogPluginManager: Mounting plugin AndroidPermission
LogPluginManager: Mounting plugin AppleImageUtils
LogPluginManager: Mounting plugin AppleMoviePlayer
LogPluginManager: Mounting plugin AssetTags
LogPluginManager: Mounting plugin ArchVisCharacter
LogPluginManager: Mounting plugin AudioCapture
LogPluginManager: Mounting plugin AudioSynesthesia
LogPluginManager: Mounting plugin ChunkDownloader
LogPluginManager: Mounting plugin CableComponent
LogPluginManager: Mounting plugin CustomMeshComponent
LogPluginManager: Mounting plugin LauncherChunkInstaller
LogPluginManager: Mounting plugin AndroidMoviePlayer
LogPluginManager: Mounting plugin EditableMesh
LogPluginManager: Mounting plugin WebMMedia
LogPluginManager: Mounting plugin ExampleDeviceProfileSelector
LogPluginManager: Mounting plugin GoogleCloudMessaging
LogPluginManager: Mounting plugin GooglePAD
LogPluginManager: Mounting plugin ScreenshotTools
LogPluginManager: Mounting plugin IOSDeviceProfileSelector
LogPluginManager: Mounting plugin LinuxDeviceProfileSelector
LogPluginManager: Mounting plugin LocationServicesBPLibrary
LogPluginManager: Mounting plugin MobilePatchingUtils
LogPluginManager: Mounting plugin OpenXR
LogPluginManager: Mounting plugin OpenXRHandTracking
LogPluginManager: Mounting plugin OpenXREyeTracker
LogPluginManager: Mounting plugin OnlineSubsystem
LogPluginManager: Mounting plugin PhysXVehicles
LogPluginManager: Mounting plugin OnlineSubsystemNull
LogPluginManager: Mounting plugin OnlineSubsystemUtils
LogPluginManager: Mounting plugin Takes
LogPluginManager: Mounting plugin PostSplashScreen
LogPluginManager: Mounting plugin ProceduralMeshComponent
LogPluginManager: Mounting plugin PropertyAccessEditor
LogPluginManager: Mounting plugin SignificanceManager
LogPluginManager: Mounting plugin RuntimePhysXCooking
LogPluginManager: Mounting plugin SoundFields
LogPluginManager: Mounting plugin Synthesis
LogPluginManager: Mounting plugin WebMMoviePlayer
LogPluginManager: Mounting plugin WindowsMoviePlayer
LogPluginManager: Mounting plugin ContentBrowserAssetDataSource
LogPluginManager: Mounting plugin ContentBrowserClassDataSource
LogPluginManager: Mounting plugin ContentBrowserFileDataSource
LogPluginManager: Mounting plugin OculusVR
LogPluginManager: Mounting plugin OnlineSubsystemGooglePlay
LogPluginManager: Mounting plugin OnlineSubsystemIOS
LogPluginManager: Mounting plugin SteamVR
PixWinPlugin: PIX capture plugin failed to initialize! Check that the process is launched from PIX.
LogInit: Using libcurl 7.55.1-DEV
LogInit:  - built for x86_64-pc-win32
LogInit:  - supports SSL with OpenSSL/1.1.1
LogInit:  - supports HTTP deflate (compression) using libz 1.2.8
LogInit:  - other features:
LogInit:      CURL_VERSION_SSL
LogInit:      CURL_VERSION_LIBZ
LogInit:      CURL_VERSION_IPV6
LogInit:      CURL_VERSION_ASYNCHDNS
LogInit:      CURL_VERSION_LARGEFILE
LogInit:      CURL_VERSION_IDN
LogInit:  CurlRequestOptions (configurable via config and command line):
LogInit:  - bVerifyPeer = true  - Libcurl will verify peer certificate
LogInit:  - bUseHttpProxy = false  - Libcurl will NOT use HTTP proxy
LogInit:  - bDontReuseConnections = false  - Libcurl will reuse connections
LogInit:  - MaxHostConnections = 16  - Libcurl will limit the number of connections to a host
LogInit:  - LocalHostAddr = Default
LogInit:  - BufferSize = 65536
LogOnline: OSS: Creating online subsystem instance for: NULL
LogInit: WinSock: version 1.1 (2.2), MaxSocks=32767, MaxUdp=65467
LogOnline: OSS: TryLoadSubsystemAndSetDefault: Loaded subsystem for module [NULL]
LogOculusPluginWrapper: OculusPlugin initialized successfully
LogHMD: Failed initializing OVRPlugin 1.59.0
LogInit: Build: ++UE4+Release-4.27-CL-18319896
LogInit: Engine Version: 4.27.2-18319896+++UE4+Release-4.27
LogInit: Compatible Engine Version: 4.27.0-17155196+++UE4+Release-4.27
LogInit: Net CL: 17155196
LogInit: OS: Windows 10 (Release 2009) (), CPU: Intel(R) Core(TM) i7-6850K CPU @ 3.60GHz, GPU: NVIDIA GeForce GTX 1080
LogInit: Compiled (64-bit): Nov 30 2021 07:12:08
LogInit: Compiled with Visual C++: 19.24.28315.00
LogInit: Build Configuration: Development
LogInit: Branch Name: ++UE4+Release-4.27
LogInit: Command Line:  -skipcompile
LogInit: Base Directory: C:/Program Files/Epic Games/UE_4.27/Engine/Binaries/Win64/
LogInit: Allocator: TBB
LogInit: Installed Engine Build: 1
LogDevObjectVersion: Number of dev versions registered: 29
LogDevObjectVersion:   Dev-Blueprints (B0D832E4-1F89-4F0D-ACCF-7EB736FD4AA2): 10
LogDevObjectVersion:   Dev-Build (E1C64328-A22C-4D53-A36C-8E866417BD8C): 0
LogDevObjectVersion:   Dev-Core (375EC13C-06E4-48FB-B500-84F0262A717E): 4
LogDevObjectVersion:   Dev-Editor (E4B068ED-F494-42E9-A231-DA0B2E46BB41): 40
LogDevObjectVersion:   Dev-Framework (CFFC743F-43B0-4480-9391-14DF171D2073): 37
LogDevObjectVersion:   Dev-Mobile (B02B49B5-BB20-44E9-A304-32B752E40360): 3
LogDevObjectVersion:   Dev-Networking (A4E4105C-59A1-49B5-A7C5-40C4547EDFEE): 0
LogDevObjectVersion:   Dev-Online (39C831C9-5AE6-47DC-9A44-9C173E1C8E7C): 0
LogDevObjectVersion:   Dev-Physics (78F01B33-EBEA-4F98-B9B4-84EACCB95AA2): 14
LogDevObjectVersion:   Dev-Platform (6631380F-2D4D-43E0-8009-CF276956A95A): 0
LogDevObjectVersion:   Dev-Rendering (12F88B9F-8875-4AFC-A67C-D90C383ABD29): 45
LogDevObjectVersion:   Dev-Sequencer (7B5AE74C-D270-4C10-A958-57980B212A5A): 13
LogDevObjectVersion:   Dev-VR (D7296918-1DD6-4BDD-9DE2-64A83CC13884): 3
LogDevObjectVersion:   Dev-LoadTimes (C2A15278-BFE7-4AFE-6C17-90FF531DF755): 1
LogDevObjectVersion:   Private-Geometry (6EACA3D4-40EC-4CC1-B786-8BED09428FC5): 3
LogDevObjectVersion:   Dev-AnimPhys (29E575DD-E0A3-4627-9D10-D276232CDCEA): 17
LogDevObjectVersion:   Dev-Anim (AF43A65D-7FD3-4947-9873-3E8ED9C1BB05): 15
LogDevObjectVersion:   Dev-ReflectionCapture (6B266CEC-1EC7-4B8F-A30B-E4D90942FC07): 1
LogDevObjectVersion:   Dev-Automation (0DF73D61-A23F-47EA-B727-89E90C41499A): 1
LogDevObjectVersion:   FortniteMain (601D1886-AC64-4F84-AA16-D3DE0DEAC7D6): 47
LogDevObjectVersion:   FortniteRelease (E7086368-6B23-4C58-8439-1B7016265E91): 1
LogDevObjectVersion:   Dev-Enterprise (9DFFBCD6-494F-0158-E221-12823C92A888): 10
LogDevObjectVersion:   Dev-Niagara (F2AED0AC-9AFE-416F-8664-AA7FFA26D6FC): 1
LogDevObjectVersion:   Dev-Destruction (174F1F0B-B4C6-45A5-B13F-2EE8D0FB917D): 10
LogDevObjectVersion:   Dev-Physics-Ext (35F94A83-E258-406C-A318-09F59610247C): 41
LogDevObjectVersion:   Dev-PhysicsMaterial-Chaos (B68FC16E-8B1B-42E2-B453-215C058844FE): 1
LogDevObjectVersion:   Dev-CineCamera (B2E18506-4273-CFC2-A54E-F4BB758BBA07): 1
LogDevObjectVersion:   Dev-VirtualProduction (64F58936-FD1B-42BA-BA96-7289D5D0FA4E): 1
LogDevObjectVersion:   Dev-MediaFramework (6F0ED827-A609-4895-9C91-998D90180EA4): 2
LogInit: Presizing for max 25165824 objects, including 0 objects not considered by GC, pre-allocating 0 bytes for permanent pool.
LogConfig: Applying CVar settings from Section [/Script/Engine.StreamingSettings] File [D:/Programming/ElementalBrawl/ElementalBrawl/ElementalBrawl/Saved/Config/Windows/Engine.ini]
LogConfig: Setting CVar [[s.MinBulkDataSizeForAsyncLoading:131072]]
LogConfig: Setting CVar [[s.AsyncLoadingThreadEnabled:0]]
LogConfig: Setting CVar [[s.EventDrivenLoaderEnabled:1]]
LogConfig: Setting CVar [[s.WarnIfTimeLimitExceeded:0]]
LogConfig: Setting CVar [[s.TimeLimitExceededMultiplier:1.5]]
LogConfig: Setting CVar [[s.TimeLimitExceededMinTime:0.005]]
LogConfig: Setting CVar [[s.UseBackgroundLevelStreaming:1]]
LogConfig: Setting CVar [[s.PriorityAsyncLoadingExtraTime:15.0]]
LogConfig: Setting CVar [[s.LevelStreamingActorsUpdateTimeLimit:5.0]]
LogConfig: Setting CVar [[s.PriorityLevelStreamingActorsUpdateExtraTime:5.0]]
LogConfig: Setting CVar [[s.LevelStreamingComponentsRegistrationGranularity:10]]
LogConfig: Setting CVar [[s.UnregisterComponentsTimeLimit:1.0]]
LogConfig: Setting CVar [[s.LevelStreamingComponentsUnregistrationGranularity:5]]
LogConfig: Setting CVar [[s.FlushStreamingOnExit:1]]
LogInit: Object subsystem initialized
LogConfig: Setting CVar [[con.DebugEarlyDefault:1]]
LogConfig: Setting CVar [[r.setres:1280x720]]
[2023.01.25-03.07.59:843][  0]LogConfig: Setting CVar [[r.VSync:0]]
[2023.01.25-03.07.59:843][  0]LogConfig: Setting CVar [[r.RHICmdBypass:0]]
[2023.01.25-03.07.59:843][  0]LogConfig: Applying CVar settings from Section [/Script/Engine.RendererSettings] File [D:/Programming/ElementalBrawl/ElementalBrawl/ElementalBrawl/Saved/Config/Windows/Engine.ini]
[2023.01.25-03.07.59:844][  0]LogConfig: Setting CVar [[r.GPUCrashDebugging:0]]
[2023.01.25-03.07.59:844][  0]LogConfig: Applying CVar settings from Section [/Script/Engine.RendererOverrideSettings] File [D:/Programming/ElementalBrawl/ElementalBrawl/ElementalBrawl/Saved/Config/Windows/Engine.ini]
[2023.01.25-03.07.59:844][  0]LogConfig: Applying CVar settings from Section [/Script/Engine.StreamingSettings] File [D:/Programming/ElementalBrawl/ElementalBrawl/ElementalBrawl/Saved/Config/Windows/Engine.ini]
[2023.01.25-03.07.59:844][  0]LogConfig: Setting CVar [[s.MinBulkDataSizeForAsyncLoading:131072]]
[2023.01.25-03.07.59:844][  0]LogConfig: Setting CVar [[s.AsyncLoadingThreadEnabled:0]]
[2023.01.25-03.07.59:844][  0]LogConfig: Setting CVar [[s.EventDrivenLoaderEnabled:1]]
[2023.01.25-03.07.59:844][  0]LogConfig: Setting CVar [[s.WarnIfTimeLimitExceeded:0]]
[2023.01.25-03.07.59:844][  0]LogConfig: Setting CVar [[s.TimeLimitExceededMultiplier:1.5]]
[2023.01.25-03.07.59:844][  0]LogConfig: Setting CVar [[s.TimeLimitExceededMinTime:0.005]]
[2023.01.25-03.07.59:844][  0]LogConfig: Setting CVar [[s.UseBackgroundLevelStreaming:1]]
[2023.01.25-03.07.59:845][  0]LogConfig: Setting CVar [[s.PriorityAsyncLoadingExtraTime:15.0]]
[2023.01.25-03.07.59:845][  0]LogConfig: Setting CVar [[s.LevelStreamingActorsUpdateTimeLimit:5.0]]
[2023.01.25-03.07.59:845][  0]LogConfig: Setting CVar [[s.PriorityLevelStreamingActorsUpdateExtraTime:5.0]]
[2023.01.25-03.07.59:845][  0]LogConfig: Setting CVar [[s.LevelStreamingComponentsRegistrationGranularity:10]]
[2023.01.25-03.07.59:845][  0]LogConfig: Setting CVar [[s.UnregisterComponentsTimeLimit:1.0]]
[2023.01.25-03.07.59:845][  0]LogConfig: Setting CVar [[s.LevelStreamingComponentsUnregistrationGranularity:5]]
[2023.01.25-03.07.59:845][  0]LogConfig: Setting CVar [[s.FlushStreamingOnExit:1]]
[2023.01.25-03.07.59:845][  0]LogConfig: Applying CVar settings from Section [/Script/Engine.GarbageCollectionSettings] File [D:/Programming/ElementalBrawl/ElementalBrawl/ElementalBrawl/Saved/Config/Windows/Engine.ini]
[2023.01.25-03.07.59:845][  0]LogConfig: Setting CVar [[gc.MaxObjectsNotConsideredByGC:1]]
[2023.01.25-03.07.59:845][  0]LogConfig: Setting CVar [[gc.SizeOfPermanentObjectPool:0]]
[2023.01.25-03.07.59:845][  0]LogConfig: Setting CVar [[gc.FlushStreamingOnGC:0]]
[2023.01.25-03.07.59:845][  0]LogConfig: Setting CVar [[gc.NumRetriesBeforeForcingGC:10]]
[2023.01.25-03.07.59:845][  0]LogConfig: Setting CVar [[gc.AllowParallelGC:1]]
[2023.01.25-03.07.59:846][  0]LogConfig: Setting CVar [[gc.TimeBetweenPurgingPendingKillObjects:61.1]]
[2023.01.25-03.07.59:846][  0]LogConfig: Setting CVar [[gc.MaxObjectsInEditor:25165824]]
[2023.01.25-03.07.59:846][  0]LogConfig: Setting CVar [[gc.IncrementalBeginDestroyEnabled:1]]
[2023.01.25-03.07.59:846][  0]LogConfig: Setting CVar [[gc.CreateGCClusters:1]]
[2023.01.25-03.07.59:846][  0]LogConfig: Setting CVar [[gc.MinGCClusterSize:5]]
[2023.01.25-03.07.59:846][  0]LogConfig: Setting CVar [[gc.ActorClusteringEnabled:0]]
[2023.01.25-03.07.59:846][  0]LogConfig: Setting CVar [[gc.BlueprintClusteringEnabled:0]]
[2023.01.25-03.07.59:846][  0]LogConfig: Setting CVar [[gc.UseDisregardForGCOnDedicatedServers:0]]
[2023.01.25-03.07.59:846][  0]LogConfig: Setting CVar [[gc.MultithreadedDestructionEnabled:1]]
[2023.01.25-03.07.59:846][  0]LogConfig: Applying CVar settings from Section [/Script/Engine.NetworkSettings] File [D:/Programming/ElementalBrawl/ElementalBrawl/ElementalBrawl/Saved/Config/Windows/Engine.ini]
[2023.01.25-03.07.59:846][  0]LogConfig: Applying CVar settings from Section [/Script/UnrealEd.CookerSettings] File [D:/Programming/ElementalBrawl/ElementalBrawl/ElementalBrawl/Saved/Config/Windows/Engine.ini]
[2023.01.25-03.07.59:901][  0]LogConfig: Applying CVar settings from Section [ViewDistanceQuality@3] File [D:/Programming/ElementalBrawl/ElementalBrawl/ElementalBrawl/Saved/Config/Windows/Scalability.ini]
[2023.01.25-03.07.59:905][  0]LogConfig: Setting CVar [[r.SkeletalMeshLODBias:0]]
[2023.01.25-03.07.59:905][  0]LogConfig: Setting CVar [[r.ViewDistanceScale:1.0]]
[2023.01.25-03.07.59:905][  0]LogConfig: Applying CVar settings from Section [AntiAliasingQuality@3] File [D:/Programming/ElementalBrawl/ElementalBrawl/ElementalBrawl/Saved/Config/Windows/Scalability.ini]
[2023.01.25-03.07.59:906][  0]LogConfig: Setting CVar [[r.PostProcessAAQuality:4]]
[2023.01.25-03.07.59:909][  0]LogConfig: Applying CVar settings from Section [ShadowQuality@3] File [D:/Programming/ElementalBrawl/ElementalBrawl/ElementalBrawl/Saved/Config/Windows/Scalability.ini]
[2023.01.25-03.07.59:910][  0]LogConfig: Setting CVar [[r.LightFunctionQuality:1]]
[2023.01.25-03.07.59:910][  0]LogConfig: Setting CVar [[r.ShadowQuality:5]]
[2023.01.25-03.07.59:911][  0]LogConfig: Setting CVar [[r.Shadow.CSM.MaxCascades:10]]
[2023.01.25-03.07.59:911][  0]LogConfig: Setting CVar [[r.Shadow.MaxResolution:2048]]
[2023.01.25-03.07.59:911][  0]LogConfig: Setting CVar [[r.Shadow.MaxCSMResolution:2048]]
[2023.01.25-03.07.59:911][  0]LogConfig: Setting CVar [[r.Shadow.RadiusThreshold:0.01]]
[2023.01.25-03.07.59:911][  0]LogConfig: Setting CVar [[r.Shadow.DistanceScale:1.0]]
[2023.01.25-03.07.59:912][  0]LogConfig: Setting CVar [[r.Shadow.CSM.TransitionScale:1.0]]
[2023.01.25-03.07.59:912][  0]LogConfig: Setting CVar [[r.Shadow.PreShadowResolutionFactor:1.0]]
[2023.01.25-03.07.59:912][  0]LogConfig: Setting CVar [[r.DistanceFieldShadowing:1]]
[2023.01.25-03.07.59:912][  0]LogConfig: Setting CVar [[r.DistanceFieldAO:1]]
[2023.01.25-03.07.59:912][  0]LogConfig: Setting CVar [[r.AOQuality:2]]
[2023.01.25-03.07.59:912][  0]LogConfig: Setting CVar [[r.VolumetricFog:1]]
[2023.01.25-03.07.59:913][  0]LogConfig: Setting CVar [[r.VolumetricFog.GridPixelSize:8]]
[2023.01.25-03.07.59:913][  0]LogConfig: Setting CVar [[r.VolumetricFog.GridSizeZ:128]]
[2023.01.25-03.07.59:913][  0]LogConfig: Setting CVar [[r.VolumetricFog.HistoryMissSupersampleCount:4]]
[2023.01.25-03.07.59:913][  0]LogConfig: Setting CVar [[r.LightMaxDrawDistanceScale:1]]
[2023.01.25-03.07.59:913][  0]LogConfig: Setting CVar [[r.CapsuleShadows:1]]
[2023.01.25-03.07.59:913][  0]LogConfig: Applying CVar settings from Section [PostProcessQuality@3] File [D:/Programming/ElementalBrawl/ElementalBrawl/ElementalBrawl/Saved/Config/Windows/Scalability.ini]
[2023.01.25-03.07.59:914][  0]LogConfig: Setting CVar [[r.MotionBlurQuality:4]]
[2023.01.25-03.07.59:914][  0]LogConfig: Setting CVar [[r.AmbientOcclusionMipLevelFactor:0.4]]
[2023.01.25-03.07.59:914][  0]LogConfig: Setting CVar [[r.AmbientOcclusionMaxQuality:100]]
[2023.01.25-03.07.59:914][  0]LogConfig: Setting CVar [[r.AmbientOcclusionLevels:-1]]
[2023.01.25-03.07.59:914][  0]LogConfig: Setting CVar [[r.AmbientOcclusionRadiusScale:1.0]]
[2023.01.25-03.07.59:914][  0]LogConfig: Setting CVar [[r.DepthOfFieldQuality:2]]
[2023.01.25-03.07.59:914][  0]LogConfig: Setting CVar [[r.RenderTargetPoolMin:400]]
[2023.01.25-03.07.59:914][  0]LogConfig: Setting CVar [[r.LensFlareQuality:2]]
[2023.01.25-03.07.59:914][  0]LogConfig: Setting CVar [[r.SceneColorFringeQuality:1]]
[2023.01.25-03.07.59:914][  0]LogConfig: Setting CVar [[r.EyeAdaptationQuality:2]]
[2023.01.25-03.07.59:914][  0]LogConfig: Setting CVar [[r.BloomQuality:5]]
[2023.01.25-03.07.59:915][  0]LogConfig: Setting CVar [[r.FastBlurThreshold:100]]
[2023.01.25-03.07.59:915][  0]LogConfig: Setting CVar [[r.Upscale.Quality:3]]
[2023.01.25-03.07.59:915][  0]LogConfig: Setting CVar [[r.Tonemapper.GrainQuantization:1]]
[2023.01.25-03.07.59:915][  0]LogConfig: Setting CVar [[r.LightShaftQuality:1]]
[2023.01.25-03.07.59:915][  0]LogConfig: Setting CVar [[r.Filter.SizeScale:1]]
[2023.01.25-03.07.59:917][  0]LogConfig: Setting CVar [[r.Tonemapper.Quality:5]]
[2023.01.25-03.07.59:917][  0]LogConfig: Setting CVar [[r.DOF.Gather.AccumulatorQuality:1        ; higher gathering accumulator quality]]
[2023.01.25-03.07.59:917][  0]LogConfig: Setting CVar [[r.DOF.Gather.PostfilterMethod:1          ; Median3x3 postfilering method]]
[2023.01.25-03.07.59:918][  0]LogConfig: Setting CVar [[r.DOF.Gather.EnableBokehSettings:0       ; no bokeh simulation when gathering]]
[2023.01.25-03.07.59:918][  0]LogConfig: Setting CVar [[r.DOF.Gather.RingCount:4                 ; medium number of samples when gathering]]
[2023.01.25-03.07.59:918][  0]LogConfig: Setting CVar [[r.DOF.Scatter.ForegroundCompositing:1    ; additive foreground scattering]]
[2023.01.25-03.07.59:918][  0]LogConfig: Setting CVar [[r.DOF.Scatter.BackgroundCompositing:2    ; additive background scattering]]
[2023.01.25-03.07.59:918][  0]LogConfig: Setting CVar [[r.DOF.Scatter.EnableBokehSettings:1      ; bokeh simulation when scattering]]
[2023.01.25-03.07.59:918][  0]LogConfig: Setting CVar [[r.DOF.Scatter.MaxSpriteRatio:0.1         ; only a maximum of 10% of scattered bokeh]]
[2023.01.25-03.07.59:918][  0]LogConfig: Setting CVar [[r.DOF.Recombine.Quality:1                ; cheap slight out of focus]]
[2023.01.25-03.07.59:918][  0]LogConfig: Setting CVar [[r.DOF.Recombine.EnableBokehSettings:0    ; no bokeh simulation on slight out of focus]]
[2023.01.25-03.07.59:919][  0]LogConfig: Setting CVar [[r.DOF.TemporalAAQuality:1                ; more stable temporal accumulation]]
[2023.01.25-03.07.59:919][  0]LogConfig: Setting CVar [[r.DOF.Kernel.MaxForegroundRadius:0.025]]
[2023.01.25-03.07.59:922][  0]LogConfig: Setting CVar [[r.DOF.Kernel.MaxBackgroundRadius:0.025]]
[2023.01.25-03.07.59:923][  0]LogConfig: Applying CVar settings from Section [TextureQuality@3] File [D:/Programming/ElementalBrawl/ElementalBrawl/ElementalBrawl/Saved/Config/Windows/Scalability.ini]
[2023.01.25-03.07.59:923][  0]LogConfig: Setting CVar [[r.Streaming.MipBias:0]]
[2023.01.25-03.07.59:923][  0]LogConfig: Setting CVar [[r.Streaming.AmortizeCPUToGPUCopy:0]]
[2023.01.25-03.07.59:923][  0]LogConfig: Setting CVar [[r.Streaming.MaxNumTexturesToStreamPerFrame:0]]
[2023.01.25-03.07.59:923][  0]LogConfig: Setting CVar [[r.Streaming.Boost:1]]
[2023.01.25-03.07.59:924][  0]LogConfig: Setting CVar [[r.MaxAnisotropy:8]]
[2023.01.25-03.07.59:924][  0]LogConfig: Setting CVar [[r.VT.MaxAnisotropy:8]]
[2023.01.25-03.07.59:925][  0]LogConfig: Setting CVar [[r.Streaming.LimitPoolSizeToVRAM:0]]
[2023.01.25-03.07.59:925][  0]LogConfig: Setting CVar [[r.Streaming.PoolSize:1000]]
[2023.01.25-03.07.59:925][  0]LogConfig: Setting CVar [[r.Streaming.MaxEffectiveScreenSize:0]]
[2023.01.25-03.07.59:926][  0]LogConfig: Applying CVar settings from Section [EffectsQuality@3] File [D:/Programming/ElementalBrawl/ElementalBrawl/ElementalBrawl/Saved/Config/Windows/Scalability.ini]
[2023.01.25-03.07.59:926][  0]LogConfig: Setting CVar [[r.TranslucencyLightingVolumeDim:64]]
[2023.01.25-03.07.59:926][  0]LogConfig: Setting CVar [[r.RefractionQuality:2]]
[2023.01.25-03.07.59:926][  0]LogConfig: Setting CVar [[r.SSR.Quality:3]]
[2023.01.25-03.07.59:926][  0]LogConfig: Setting CVar [[r.SSR.HalfResSceneColor:0]]
[2023.01.25-03.07.59:926][  0]LogConfig: Setting CVar [[r.SceneColorFormat:4]]
[2023.01.25-03.07.59:926][  0]LogConfig: Setting CVar [[r.DetailMode:2]]
[2023.01.25-03.07.59:926][  0]LogConfig: Setting CVar [[r.TranslucencyVolumeBlur:1]]
[2023.01.25-03.07.59:926][  0]LogConfig: Setting CVar [[r.MaterialQualityLevel:1 ; High quality]]
[2023.01.25-03.07.59:926][  0]LogConfig: Setting CVar [[r.AnisotropicMaterials:1]]
[2023.01.25-03.07.59:926][  0]LogConfig: Setting CVar [[r.SSS.Scale:1]]
[2023.01.25-03.07.59:926][  0]LogConfig: Setting CVar [[r.SSS.SampleSet:2]]
[2023.01.25-03.07.59:926][  0]LogConfig: Setting CVar [[r.SSS.Quality:1]]
[2023.01.25-03.07.59:927][  0]LogConfig: Setting CVar [[r.SSS.HalfRes:0]]
[2023.01.25-03.07.59:927][  0]LogConfig: Setting CVar [[r.SSGI.Quality:3]]
[2023.01.25-03.07.59:927][  0]LogConfig: Setting CVar [[r.EmitterSpawnRateScale:1.0]]
[2023.01.25-03.07.59:927][  0]LogConfig: Setting CVar [[r.ParticleLightQuality:2]]
[2023.01.25-03.07.59:928][  0]LogConfig: Setting CVar [[r.SkyAtmosphere.AerialPerspectiveLUT.FastApplyOnOpaque:1 ; Always have FastSkyLUT 1 in this case to avoid wrong sky]]
[2023.01.25-03.07.59:928][  0]LogConfig: Setting CVar [[r.SkyAtmosphere.AerialPerspectiveLUT.SampleCountMaxPerSlice:4]]
[2023.01.25-03.07.59:929][  0]LogConfig: Setting CVar [[r.SkyAtmosphere.AerialPerspectiveLUT.DepthResolution:16.0]]
[2023.01.25-03.07.59:929][  0]LogConfig: Setting CVar [[r.SkyAtmosphere.FastSkyLUT:1]]
[2023.01.25-03.07.59:929][  0]LogConfig: Setting CVar [[r.SkyAtmosphere.FastSkyLUT.SampleCountMin:4.0]]
[2023.01.25-03.07.59:929][  0]LogConfig: Setting CVar [[r.SkyAtmosphere.FastSkyLUT.SampleCountMax:128.0]]
[2023.01.25-03.07.59:929][  0]LogConfig: Setting CVar [[r.SkyAtmosphere.SampleCountMin:4.0]]
[2023.01.25-03.07.59:929][  0]LogConfig: Setting CVar [[r.SkyAtmosphere.SampleCountMax:128.0]]
[2023.01.25-03.07.59:929][  0]LogConfig: Setting CVar [[r.SkyAtmosphere.TransmittanceLUT.UseSmallFormat:0]]
[2023.01.25-03.07.59:929][  0]LogConfig: Setting CVar [[r.SkyAtmosphere.TransmittanceLUT.SampleCount:10.0]]
[2023.01.25-03.07.59:930][  0]LogConfig: Setting CVar [[r.SkyAtmosphere.MultiScatteringLUT.SampleCount:15.0]]
[2023.01.25-03.07.59:930][  0]LogConfig: Setting CVar [[r.SkyLight.RealTimeReflectionCapture:1]]
[2023.01.25-03.07.59:930][  0]LogConfig: Applying CVar settings from Section [FoliageQuality@3] File [D:/Programming/ElementalBrawl/ElementalBrawl/ElementalBrawl/Saved/Config/Windows/Scalability.ini]
[2023.01.25-03.07.59:930][  0]LogConfig: Setting CVar [[foliage.DensityScale:1.0]]
[2023.01.25-03.07.59:930][  0]LogConfig: Setting CVar [[grass.DensityScale:1.0]]
[2023.01.25-03.07.59:930][  0]LogConfig: Applying CVar settings from Section [ShadingQuality@3] File [D:/Programming/ElementalBrawl/ElementalBrawl/ElementalBrawl/Saved/Config/Windows/Scalability.ini]
[2023.01.25-03.07.59:930][  0]LogConfig: Setting CVar [[r.HairStrands.SkyLighting.IntegrationType:2]]
[2023.01.25-03.07.59:930][  0]LogConfig: Setting CVar [[r.HairStrands.SkyAO.SampleCount:4]]
[2023.01.25-03.07.59:930][  0]LogConfig: Setting CVar [[r.HairStrands.Visibility.MSAA.SamplePerPixel:4]]
[2023.01.25-03.07.59:930][  0]LogInit: Selected Device Profile: [Windows]
[2023.01.25-03.07.59:931][  0]LogInit: Applying CVar settings loaded from the selected device profile: [Windows]
[2023.01.25-03.07.59:931][  0]LogHAL: Display: Platform has ~ 64 GB [68625903616 / 68719476736 / 64], which maps to Largest [LargestMinGB=32, LargerMinGB=12, DefaultMinGB=8, SmallerMinGB=6, SmallestMinGB=0)
[2023.01.25-03.07.59:931][  0]LogInit: Going up to parent DeviceProfile []
[2023.01.25-03.07.59:931][  0]LogConfig: Applying CVar settings from Section [ViewDistanceQuality@3] File [D:/Programming/ElementalBrawl/ElementalBrawl/ElementalBrawl/Saved/Config/Windows/Scalability.ini]
[2023.01.25-03.07.59:931][  0]LogConfig: Setting CVar [[r.SkeletalMeshLODBias:0]]
[2023.01.25-03.07.59:932][  0]LogConfig: Setting CVar [[r.ViewDistanceScale:1.0]]
[2023.01.25-03.07.59:932][  0]LogConfig: Applying CVar settings from Section [AntiAliasingQuality@3] File [D:/Programming/ElementalBrawl/ElementalBrawl/ElementalBrawl/Saved/Config/Windows/Scalability.ini]
[2023.01.25-03.07.59:932][  0]LogConfig: Setting CVar [[r.PostProcessAAQuality:4]]
[2023.01.25-03.07.59:932][  0]LogConfig: Applying CVar settings from Section [ShadowQuality@3] File [D:/Programming/ElementalBrawl/ElementalBrawl/ElementalBrawl/Saved/Config/Windows/Scalability.ini]
[2023.01.25-03.07.59:932][  0]LogConfig: Setting CVar [[r.LightFunctionQuality:1]]
[2023.01.25-03.07.59:932][  0]LogConfig: Setting CVar [[r.ShadowQuality:5]]
[2023.01.25-03.07.59:933][  0]LogConfig: Setting CVar [[r.Shadow.CSM.MaxCascades:10]]
[2023.01.25-03.07.59:933][  0]LogConfig: Setting CVar [[r.Shadow.MaxResolution:2048]]
[2023.01.25-03.07.59:933][  0]LogConfig: Setting CVar [[r.Shadow.MaxCSMResolution:2048]]
[2023.01.25-03.07.59:933][  0]LogConfig: Setting CVar [[r.Shadow.RadiusThreshold:0.01]]
[2023.01.25-03.07.59:933][  0]LogConfig: Setting CVar [[r.Shadow.DistanceScale:1.0]]
[2023.01.25-03.07.59:933][  0]LogConfig: Setting CVar [[r.Shadow.CSM.TransitionScale:1.0]]
[2023.01.25-03.07.59:933][  0]LogConfig: Setting CVar [[r.Shadow.PreShadowResolutionFactor:1.0]]
[2023.01.25-03.07.59:933][  0]LogConfig: Setting CVar [[r.DistanceFieldShadowing:1]]
[2023.01.25-03.07.59:933][  0]LogConfig: Setting CVar [[r.DistanceFieldAO:1]]
[2023.01.25-03.07.59:933][  0]LogConfig: Setting CVar [[r.AOQuality:2]]
[2023.01.25-03.07.59:933][  0]LogConfig: Setting CVar [[r.VolumetricFog:1]]
[2023.01.25-03.07.59:933][  0]LogConfig: Setting CVar [[r.VolumetricFog.GridPixelSize:8]]
[2023.01.25-03.07.59:933][  0]LogConfig: Setting CVar [[r.VolumetricFog.GridSizeZ:128]]
[2023.01.25-03.07.59:934][  0]LogConfig: Setting CVar [[r.VolumetricFog.HistoryMissSupersampleCount:4]]
[2023.01.25-03.07.59:934][  0]LogConfig: Setting CVar [[r.LightMaxDrawDistanceScale:1]]
[2023.01.25-03.07.59:934][  0]LogConfig: Setting CVar [[r.CapsuleShadows:1]]
[2023.01.25-03.07.59:934][  0]LogConfig: Applying CVar settings from Section [PostProcessQuality@3] File [D:/Programming/ElementalBrawl/ElementalBrawl/ElementalBrawl/Saved/Config/Windows/Scalability.ini]
[2023.01.25-03.07.59:934][  0]LogConfig: Setting CVar [[r.MotionBlurQuality:4]]
[2023.01.25-03.07.59:934][  0]LogConfig: Setting CVar [[r.AmbientOcclusionMipLevelFactor:0.4]]
[2023.01.25-03.07.59:934][  0]LogConfig: Setting CVar [[r.AmbientOcclusionMaxQuality:100]]
[2023.01.25-03.07.59:934][  0]LogConfig: Setting CVar [[r.AmbientOcclusionLevels:-1]]
[2023.01.25-03.07.59:934][  0]LogConfig: Setting CVar [[r.AmbientOcclusionRadiusScale:1.0]]
[2023.01.25-03.07.59:934][  0]LogConfig: Setting CVar [[r.DepthOfFieldQuality:2]]
[2023.01.25-03.07.59:934][  0]LogConfig: Setting CVar [[r.RenderTargetPoolMin:400]]
[2023.01.25-03.07.59:935][  0]LogConfig: Setting CVar [[r.LensFlareQuality:2]]
[2023.01.25-03.07.59:935][  0]LogConfig: Setting CVar [[r.SceneColorFringeQuality:1]]
[2023.01.25-03.07.59:935][  0]LogConfig: Setting CVar [[r.EyeAdaptationQuality:2]]
[2023.01.25-03.07.59:935][  0]LogConfig: Setting CVar [[r.BloomQuality:5]]
[2023.01.25-03.07.59:935][  0]LogConfig: Setting CVar [[r.FastBlurThreshold:100]]
[2023.01.25-03.07.59:935][  0]LogConfig: Setting CVar [[r.Upscale.Quality:3]]
[2023.01.25-03.07.59:935][  0]LogConfig: Setting CVar [[r.Tonemapper.GrainQuantization:1]]
[2023.01.25-03.07.59:935][  0]LogConfig: Setting CVar [[r.LightShaftQuality:1]]
[2023.01.25-03.07.59:936][  0]LogConfig: Setting CVar [[r.Filter.SizeScale:1]]
[2023.01.25-03.07.59:937][  0]LogConfig: Setting CVar [[r.Tonemapper.Quality:5]]
[2023.01.25-03.07.59:937][  0]LogConfig: Setting CVar [[r.DOF.Gather.AccumulatorQuality:1        ; higher gathering accumulator quality]]
[2023.01.25-03.07.59:937][  0]LogConfig: Setting CVar [[r.DOF.Gather.PostfilterMethod:1          ; Median3x3 postfilering method]]
[2023.01.25-03.07.59:937][  0]LogConfig: Setting CVar [[r.DOF.Gather.EnableBokehSettings:0       ; no bokeh simulation when gathering]]
[2023.01.25-03.07.59:937][  0]LogConfig: Setting CVar [[r.DOF.Gather.RingCount:4                 ; medium number of samples when gathering]]
[2023.01.25-03.07.59:937][  0]LogConfig: Setting CVar [[r.DOF.Scatter.ForegroundCompositing:1    ; additive foreground scattering]]
[2023.01.25-03.07.59:938][  0]LogConfig: Setting CVar [[r.DOF.Scatter.BackgroundCompositing:2    ; additive background scattering]]
[2023.01.25-03.07.59:938][  0]LogConfig: Setting CVar [[r.DOF.Scatter.EnableBokehSettings:1      ; bokeh simulation when scattering]]
[2023.01.25-03.07.59:938][  0]LogConfig: Setting CVar [[r.DOF.Scatter.MaxSpriteRatio:0.1         ; only a maximum of 10% of scattered bokeh]]
[2023.01.25-03.07.59:938][  0]LogConfig: Setting CVar [[r.DOF.Recombine.Quality:1                ; cheap slight out of focus]]
[2023.01.25-03.07.59:938][  0]LogConfig: Setting CVar [[r.DOF.Recombine.EnableBokehSettings:0    ; no bokeh simulation on slight out of focus]]
[2023.01.25-03.07.59:938][  0]LogConfig: Setting CVar [[r.DOF.TemporalAAQuality:1                ; more stable temporal accumulation]]
[2023.01.25-03.07.59:938][  0]LogConfig: Setting CVar [[r.DOF.Kernel.MaxForegroundRadius:0.025]]
[2023.01.25-03.07.59:938][  0]LogConfig: Setting CVar [[r.DOF.Kernel.MaxBackgroundRadius:0.025]]
[2023.01.25-03.07.59:939][  0]LogConfig: Applying CVar settings from Section [TextureQuality@3] File [D:/Programming/ElementalBrawl/ElementalBrawl/ElementalBrawl/Saved/Config/Windows/Scalability.ini]
[2023.01.25-03.07.59:939][  0]LogConfig: Setting CVar [[r.Streaming.MipBias:0]]
[2023.01.25-03.07.59:939][  0]LogConfig: Setting CVar [[r.Streaming.AmortizeCPUToGPUCopy:0]]
[2023.01.25-03.07.59:939][  0]LogConfig: Setting CVar [[r.Streaming.MaxNumTexturesToStreamPerFrame:0]]
[2023.01.25-03.07.59:939][  0]LogConfig: Setting CVar [[r.Streaming.Boost:1]]
[2023.01.25-03.07.59:939][  0]LogConfig: Setting CVar [[r.MaxAnisotropy:8]]
[2023.01.25-03.07.59:939][  0]LogConfig: Setting CVar [[r.VT.MaxAnisotropy:8]]
[2023.01.25-03.07.59:939][  0]LogConfig: Setting CVar [[r.Streaming.LimitPoolSizeToVRAM:0]]
[2023.01.25-03.07.59:939][  0]LogConfig: Setting CVar [[r.Streaming.PoolSize:1000]]
[2023.01.25-03.07.59:939][  0]LogConfig: Setting CVar [[r.Streaming.MaxEffectiveScreenSize:0]]
[2023.01.25-03.07.59:939][  0]LogConfig: Applying CVar settings from Section [EffectsQuality@3] File [D:/Programming/ElementalBrawl/ElementalBrawl/ElementalBrawl/Saved/Config/Windows/Scalability.ini]
[2023.01.25-03.07.59:939][  0]LogConfig: Setting CVar [[r.TranslucencyLightingVolumeDim:64]]
[2023.01.25-03.07.59:940][  0]LogConfig: Setting CVar [[r.RefractionQuality:2]]
[2023.01.25-03.07.59:940][  0]LogConfig: Setting CVar [[r.SSR.Quality:3]]
[2023.01.25-03.07.59:940][  0]LogConfig: Setting CVar [[r.SSR.HalfResSceneColor:0]]
[2023.01.25-03.07.59:940][  0]LogConfig: Setting CVar [[r.SceneColorFormat:4]]
[2023.01.25-03.07.59:940][  0]LogConfig: Setting CVar [[r.DetailMode:2]]
[2023.01.25-03.07.59:940][  0]LogConfig: Setting CVar [[r.TranslucencyVolumeBlur:1]]
[2023.01.25-03.07.59:940][  0]LogConfig: Setting CVar [[r.MaterialQualityLevel:1 ; High quality]]
[2023.01.25-03.07.59:940][  0]LogConfig: Setting CVar [[r.AnisotropicMaterials:1]]
[2023.01.25-03.07.59:940][  0]LogConfig: Setting CVar [[r.SSS.Scale:1]]
[2023.01.25-03.07.59:940][  0]LogConfig: Setting CVar [[r.SSS.SampleSet:2]]
[2023.01.25-03.07.59:940][  0]LogConfig: Setting CVar [[r.SSS.Quality:1]]
[2023.01.25-03.07.59:940][  0]LogConfig: Setting CVar [[r.SSS.HalfRes:0]]
[2023.01.25-03.07.59:940][  0]LogConfig: Setting CVar [[r.SSGI.Quality:3]]
[2023.01.25-03.07.59:941][  0]LogConfig: Setting CVar [[r.EmitterSpawnRateScale:1.0]]
[2023.01.25-03.07.59:941][  0]LogConfig: Setting CVar [[r.ParticleLightQuality:2]]
[2023.01.25-03.07.59:941][  0]LogConfig: Setting CVar [[r.SkyAtmosphere.AerialPerspectiveLUT.FastApplyOnOpaque:1 ; Always have FastSkyLUT 1 in this case to avoid wrong sky]]
[2023.01.25-03.07.59:941][  0]LogConfig: Setting CVar [[r.SkyAtmosphere.AerialPerspectiveLUT.SampleCountMaxPerSlice:4]]
[2023.01.25-03.07.59:941][  0]LogConfig: Setting CVar [[r.SkyAtmosphere.AerialPerspectiveLUT.DepthResolution:16.0]]
[2023.01.25-03.07.59:941][  0]LogConfig: Setting CVar [[r.SkyAtmosphere.FastSkyLUT:1]]
[2023.01.25-03.07.59:941][  0]LogConfig: Setting CVar [[r.SkyAtmosphere.FastSkyLUT.SampleCountMin:4.0]]
[2023.01.25-03.07.59:941][  0]LogConfig: Setting CVar [[r.SkyAtmosphere.FastSkyLUT.SampleCountMax:128.0]]
[2023.01.25-03.07.59:941][  0]LogConfig: Setting CVar [[r.SkyAtmosphere.SampleCountMin:4.0]]
[2023.01.25-03.07.59:941][  0]LogConfig: Setting CVar [[r.SkyAtmosphere.SampleCountMax:128.0]]
[2023.01.25-03.07.59:941][  0]LogConfig: Setting CVar [[r.SkyAtmosphere.TransmittanceLUT.UseSmallFormat:0]]
[2023.01.25-03.07.59:941][  0]LogConfig: Setting CVar [[r.SkyAtmosphere.TransmittanceLUT.SampleCount:10.0]]
[2023.01.25-03.07.59:942][  0]LogConfig: Setting CVar [[r.SkyAtmosphere.MultiScatteringLUT.SampleCount:15.0]]
[2023.01.25-03.07.59:942][  0]LogConfig: Setting CVar [[r.SkyLight.RealTimeReflectionCapture:1]]
[2023.01.25-03.07.59:942][  0]LogConfig: Applying CVar settings from Section [FoliageQuality@3] File [D:/Programming/ElementalBrawl/ElementalBrawl/ElementalBrawl/Saved/Config/Windows/Scalability.ini]
[2023.01.25-03.07.59:942][  0]LogConfig: Setting CVar [[foliage.DensityScale:1.0]]
[2023.01.25-03.07.59:942][  0]LogConfig: Setting CVar [[grass.DensityScale:1.0]]
[2023.01.25-03.07.59:942][  0]LogConfig: Applying CVar settings from Section [ShadingQuality@3] File [D:/Programming/ElementalBrawl/ElementalBrawl/ElementalBrawl/Saved/Config/Windows/Scalability.ini]
[2023.01.25-03.07.59:942][  0]LogConfig: Setting CVar [[r.HairStrands.SkyLighting.IntegrationType:2]]
[2023.01.25-03.07.59:942][  0]LogConfig: Setting CVar [[r.HairStrands.SkyAO.SampleCount:4]]
[2023.01.25-03.07.59:942][  0]LogConfig: Setting CVar [[r.HairStrands.Visibility.MSAA.SamplePerPixel:4]]
[2023.01.25-03.07.59:942][  0]LogConfig: Applying CVar settings from Section [Startup] File [../../../Engine/Config/ConsoleVariables.ini]
[2023.01.25-03.07.59:944][  0]LogConfig: Setting CVar [[net.UseAdaptiveNetUpdateFrequency:0]]
[2023.01.25-03.07.59:944][  0]LogConfig: Setting CVar [[p.chaos.AllowCreatePhysxBodies:1]]
[2023.01.25-03.07.59:944][  0]LogConfig: Setting CVar [[fx.SkipVectorVMBackendOptimizations:1]]
[2023.01.25-03.07.59:944][  0]LogConfig: Applying CVar settings from Section [ConsoleVariables] File [D:/Programming/ElementalBrawl/ElementalBrawl/ElementalBrawl/Saved/Config/Windows/Engine.ini]
[2023.01.25-03.07.59:944][  0]LogConfig: Applying CVar settings from Section [ConsoleVariables] File [D:/Programming/ElementalBrawl/ElementalBrawl/ElementalBrawl/Saved/Config/Windows/Editor.ini]
[2023.01.25-03.07.59:944][  0]LogInit: Computer: DESKTOP-2TM97B3
[2023.01.25-03.07.59:944][  0]LogInit: User: orion
[2023.01.25-03.07.59:944][  0]LogInit: CPU Page size=4096, Cores=6
[2023.01.25-03.07.59:944][  0]LogInit: High frequency timer resolution =10.000000 MHz
[2023.01.25-03.07.59:944][  0]LogMemory: Memory total: Physical=63.9GB (64GB approx)
[2023.01.25-03.07.59:945][  0]LogMemory: Platform Memory Stats for Windows
[2023.01.25-03.07.59:945][  0]LogMemory: Process Physical Memory: 152.13 MB used, 154.91 MB peak
[2023.01.25-03.07.59:945][  0]LogMemory: Process Virtual Memory: 129.90 MB used, 129.90 MB peak
[2023.01.25-03.07.59:945][  0]LogMemory: Physical Memory: 29624.04 MB used,  35822.72 MB free, 65446.76 MB total
[2023.01.25-03.07.59:945][  0]LogMemory: Virtual Memory: 134154904.00 MB used,  62827.41 MB free, 134217728.00 MB total
[2023.01.25-03.07.59:961][  0]LogWindows: WindowsPlatformFeatures enabled
[2023.01.25-03.08.00:330][  0]LogInit: Physics initialised using underlying interface: PhysX
[2023.01.25-03.08.00:332][  0]LogInit: Using OS detected language (en-US).
[2023.01.25-03.08.00:332][  0]LogInit: Using OS detected locale (en-CA).
[2023.01.25-03.08.00:349][  0]LogTextLocalizationManager: No specific localization for 'en-US' exists, so the 'en' localization will be used.
[2023.01.25-03.08.00:779][  0]LogInit: Setting process to per monitor DPI aware
[2023.01.25-03.08.00:839][  0]LogWindowsTextInputMethodSystem: Display: IME system deactivated.
[2023.01.25-03.08.00:873][  0]LogSlate: New Slate User Created.  User Index 0, Is Virtual User: 0
[2023.01.25-03.08.00:873][  0]LogSlate: Slate User Registered.  User Index 0, Is Virtual User: 0
[2023.01.25-03.08.01:118][  0]LogD3D11RHI: Loaded GFSDK_Aftermath_Lib.x64.dll
[2023.01.25-03.08.01:215][  0]LogHMD: Failed to initialize OpenVR with code 126
[2023.01.25-03.08.01:215][  0]LogD3D11RHI: D3D11 min allowed feature level: 11_0
[2023.01.25-03.08.01:216][  0]LogD3D11RHI: D3D11 max allowed feature level: 11_0
[2023.01.25-03.08.01:216][  0]LogD3D11RHI: D3D11 adapters:
[2023.01.25-03.08.01:434][  0]LogD3D11RHI:    0. 'NVIDIA GeForce GTX 1080' (Feature Level 11_0)
[2023.01.25-03.08.01:434][  0]LogD3D11RHI:       7988/0/32723 MB DedicatedVideo/DedicatedSystem/SharedSystem, Outputs:2, VendorId:0x10de
[2023.01.25-03.08.01:515][  0]LogD3D11RHI:    1. 'Microsoft Basic Render Driver' (Feature Level 11_0)
[2023.01.25-03.08.01:515][  0]LogD3D11RHI:       0/0/32723 MB DedicatedVideo/DedicatedSystem/SharedSystem, Outputs:0, VendorId:0x1414
[2023.01.25-03.08.01:515][  0]LogD3D11RHI: Chosen D3D11 Adapter:
[2023.01.25-03.08.01:515][  0]LogD3D11RHI:     Description : NVIDIA GeForce GTX 1080
[2023.01.25-03.08.01:515][  0]LogD3D11RHI:     VendorId    : 10de
[2023.01.25-03.08.01:515][  0]LogD3D11RHI:     DeviceId    : 1b80
[2023.01.25-03.08.01:515][  0]LogD3D11RHI:     SubSysId    : 85aa1043
[2023.01.25-03.08.01:515][  0]LogD3D11RHI:     Revision    : 00a1
[2023.01.25-03.08.01:515][  0]LogD3D11RHI:     DedicatedVideoMemory : 8376025088 bytes
[2023.01.25-03.08.01:515][  0]LogD3D11RHI:     DedicatedSystemMemory : 0 bytes
[2023.01.25-03.08.01:515][  0]LogD3D11RHI:     SharedSystemMemory : 34312951808 bytes
[2023.01.25-03.08.01:515][  0]LogD3D11RHI:     AdapterLuid : 0 75155
[2023.01.25-03.08.01:528][  0]LogD3D11RHI: Creating new Direct3DDevice
[2023.01.25-03.08.01:528][  0]LogD3D11RHI:     GPU DeviceId: 0x1b80 (for the marketing name, search the web for "GPU Device Id")
[2023.01.25-03.08.01:528][  0]LogWindows: EnumDisplayDevices:
[2023.01.25-03.08.01:529][  0]LogWindows:    0. 'NVIDIA GeForce GTX 1080' (P:1 D:1)
[2023.01.25-03.08.01:529][  0]LogWindows:    1. 'NVIDIA GeForce GTX 1080' (P:0 D:1)
[2023.01.25-03.08.01:530][  0]LogWindows:    2. 'NVIDIA GeForce GTX 1080' (P:0 D:0)
[2023.01.25-03.08.01:530][  0]LogWindows:    3. 'NVIDIA GeForce GTX 1080' (P:0 D:0)
[2023.01.25-03.08.01:530][  0]LogWindows: DebugString: FoundDriverCount:4 
[2023.01.25-03.08.01:530][  0]LogD3D11RHI:     Adapter Name: NVIDIA GeForce GTX 1080
[2023.01.25-03.08.01:530][  0]LogD3D11RHI:   Driver Version: 516.94 (internal:31.0.15.1694, unified:516.94)
[2023.01.25-03.08.01:530][  0]LogD3D11RHI:      Driver Date: 7-21-2022
[2023.01.25-03.08.01:531][  0]LogRHI: Texture pool is 5591 MB (70% of 7988 MB)
[2023.01.25-03.08.01:531][  0]LogD3D11RHI: Creating D3DDevice using adapter:
[2023.01.25-03.08.01:531][  0]LogD3D11RHI:     Description : NVIDIA GeForce GTX 1080
[2023.01.25-03.08.01:531][  0]LogD3D11RHI:     VendorId    : 10de
[2023.01.25-03.08.01:531][  0]LogD3D11RHI:     DeviceId    : 1b80
[2023.01.25-03.08.01:531][  0]LogD3D11RHI:     SubSysId    : 85aa1043
[2023.01.25-03.08.01:531][  0]LogD3D11RHI:     Revision    : 00a1
[2023.01.25-03.08.01:531][  0]LogD3D11RHI:     DedicatedVideoMemory : 8376025088 bytes
[2023.01.25-03.08.01:531][  0]LogD3D11RHI:     DedicatedSystemMemory : 0 bytes
[2023.01.25-03.08.01:531][  0]LogD3D11RHI:     SharedSystemMemory : 34312951808 bytes
[2023.01.25-03.08.01:531][  0]LogD3D11RHI:     AdapterLuid : 0 75155
[2023.01.25-03.08.01:627][  0]LogD3D11RHI: RHI has support for 64 bit atomics
[2023.01.25-03.08.01:628][  0]LogD3D11RHI: Async texture creation enabled
[2023.01.25-03.08.01:628][  0]LogD3D11RHI: Array index from any shader is supported
[2023.01.25-03.08.01:661][  0]LogD3D11RHI: GPU Timing Frequency: 1000.000000 (Debug: 2 1)
[2023.01.25-03.08.01:704][  0]LogRHI: GeForceNow SDK initialized: 1
[2023.01.25-03.08.02:140][  0]LogTargetPlatformManager: Display: Loaded TargetPlatform 'AllDesktop'
[2023.01.25-03.08.02:168][  0]LogTargetPlatformManager: Display: Loaded TargetPlatform 'Android'
[2023.01.25-03.08.02:168][  0]LogTargetPlatformManager: Display: Loaded TargetPlatform 'Android_ASTC'
[2023.01.25-03.08.02:168][  0]LogTargetPlatformManager: Display: Loaded TargetPlatform 'Android_DXT'
[2023.01.25-03.08.02:168][  0]LogTargetPlatformManager: Display: Loaded TargetPlatform 'Android_ETC2'
[2023.01.25-03.08.02:168][  0]LogTargetPlatformManager: Display: Loaded TargetPlatform 'AndroidClient'
[2023.01.25-03.08.02:168][  0]LogTargetPlatformManager: Display: Loaded TargetPlatform 'Android_ASTCClient'
[2023.01.25-03.08.02:168][  0]LogTargetPlatformManager: Display: Loaded TargetPlatform 'Android_DXTClient'
[2023.01.25-03.08.02:168][  0]LogTargetPlatformManager: Display: Loaded TargetPlatform 'Android_ETC2Client'
[2023.01.25-03.08.02:168][  0]LogTargetPlatformManager: Display: Loaded TargetPlatform 'Android_Multi'
[2023.01.25-03.08.02:168][  0]LogTargetPlatformManager: Display: Loaded TargetPlatform 'Android_MultiClient'
[2023.01.25-03.08.02:201][  0]LogTargetPlatformManager: Display: Loaded TargetPlatform 'IOSClient'
[2023.01.25-03.08.02:201][  0]LogTargetPlatformManager: Display: Loaded TargetPlatform 'IOS'
[2023.01.25-03.08.02:216][  0]LogTargetPlatformManager: Display: Loaded TargetPlatform 'Linux'
[2023.01.25-03.08.02:225][  0]LogTargetPlatformManager: Display: Loaded TargetPlatform 'LinuxNoEditor'
[2023.01.25-03.08.02:234][  0]LogTargetPlatformManager: Display: Loaded TargetPlatform 'LinuxClient'
[2023.01.25-03.08.02:244][  0]LogTargetPlatformManager: Display: Loaded TargetPlatform 'LinuxServer'
[2023.01.25-03.08.02:262][  0]LogTargetPlatformManager: Display: Loaded TargetPlatform 'LinuxAArch64NoEditor'
[2023.01.25-03.08.02:269][  0]LogTargetPlatformManager: Display: Loaded TargetPlatform 'LinuxAArch64Client'
[2023.01.25-03.08.02:275][  0]LogTargetPlatformManager: Display: Loaded TargetPlatform 'LinuxAArch64Server'
[2023.01.25-03.08.02:316][  0]LogTargetPlatformManager: Display: Loaded TargetPlatform 'Lumin'
[2023.01.25-03.08.02:316][  0]LogTargetPlatformManager: Display: Loaded TargetPlatform 'LuminClient'
[2023.01.25-03.08.02:331][  0]LogTargetPlatformManager: Display: Loaded TargetPlatform 'MacNoEditor'
[2023.01.25-03.08.02:338][  0]LogTargetPlatformManager: Display: Loaded TargetPlatform 'Mac'
[2023.01.25-03.08.02:343][  0]LogTargetPlatformManager: Display: Loaded TargetPlatform 'MacClient'
[2023.01.25-03.08.02:349][  0]LogTargetPlatformManager: Display: Loaded TargetPlatform 'MacServer'
[2023.01.25-03.08.02:365][  0]LogTargetPlatformManager: Display: Loaded TargetPlatform 'TVOSClient'
[2023.01.25-03.08.02:365][  0]LogTargetPlatformManager: Display: Loaded TargetPlatform 'TVOS'
[2023.01.25-03.08.02:379][  0]LogTargetPlatformManager: Display: Loaded TargetPlatform 'WindowsNoEditor'
[2023.01.25-03.08.02:389][  0]LogTargetPlatformManager: Display: Loaded TargetPlatform 'Windows'
[2023.01.25-03.08.02:396][  0]LogTargetPlatformManager: Display: Loaded TargetPlatform 'WindowsClient'
[2023.01.25-03.08.02:405][  0]LogTargetPlatformManager: Display: Loaded TargetPlatform 'WindowsServer'
[2023.01.25-03.08.02:405][  0]LogTargetPlatformManager: Display: Building Assets For Windows
[2023.01.25-03.08.02:422][  0]LogAudioDebug: Display: Lib vorbis DLL was dynamically loaded.
[2023.01.25-03.08.02:492][  0]LogTextureFormatOodle: Display: Oodle Texture 2.9.0 init RDO Off
[2023.01.25-03.08.02:574][  0]LogRendererCore: Ray tracing is disabled. Reason: r.RayTracing=0.
[2023.01.25-03.08.02:575][  0]LogShaderCompilers: Guid format shader working directory is -14 characters bigger than the processId version (D:/Programming/ElementalBrawl/ElementalBrawl/ElementalBrawl/Intermediate/Shaders/WorkingDirectory/54960/).
[2023.01.25-03.08.02:575][  0]LogShaderCompilers: Cleaned the shader compiler working directory 'C:/Users/orion/AppData/Local/Temp/UnrealShaderWorkingDir/231061E84F904836FB08CA916FFA5F0F/'.
[2023.01.25-03.08.02:575][  0]LogXGEController: Cannot use XGE Controller as Incredibuild is not installed on this machine.
[2023.01.25-03.08.02:575][  0]LogShaderCompilers: Cannot use XGE Shader Compiler as Incredibuild is not installed on this machine.
[2023.01.25-03.08.02:576][  0]LogShaderCompilers: Display: Using Local Shader Compiler.
[2023.01.25-03.08.03:513][  0]LogDerivedDataCache: Display: Max Cache Size: 512 MB
[2023.01.25-03.08.03:601][  0]LogDerivedDataCache: Loaded boot cache 0.09s 99MB C:/Users/orion/AppData/Local/UnrealEngine/4.27/DerivedDataCache/Boot.ddc.
[2023.01.25-03.08.03:601][  0]LogDerivedDataCache: Display: Loaded Boot cache: C:/Users/orion/AppData/Local/UnrealEngine/4.27/DerivedDataCache/Boot.ddc
[2023.01.25-03.08.03:601][  0]LogDerivedDataCache: FDerivedDataBackendGraph:  Pak pak cache file D:/Programming/ElementalBrawl/ElementalBrawl/ElementalBrawl/DerivedDataCache/DDC.ddp not found, will not use a pak cache.
[2023.01.25-03.08.03:602][  0]LogDerivedDataCache: Unable to find inner node Pak for hierarchical cache Hierarchy.
[2023.01.25-03.08.03:602][  0]LogDerivedDataCache: FDerivedDataBackendGraph:  CompressedPak pak cache file D:/Programming/ElementalBrawl/ElementalBrawl/ElementalBrawl/DerivedDataCache/Compressed.ddp not found, will not use a pak cache.
[2023.01.25-03.08.03:602][  0]LogDerivedDataCache: Unable to find inner node CompressedPak for hierarchical cache Hierarchy.
[2023.01.25-03.08.03:621][  0]LogDerivedDataCache: Display: Pak cache opened for reading ../../../Engine/DerivedDataCache/Compressed.ddp.
[2023.01.25-03.08.03:621][  0]LogDerivedDataCache: FDerivedDataBackendGraph:  EnterprisePak pak cache file ../../../Enterprise/DerivedDataCache/Compressed.ddp not found, will not use a pak cache.
[2023.01.25-03.08.03:621][  0]LogDerivedDataCache: Unable to find inner node EnterprisePak for hierarchical cache Hierarchy.
[2023.01.25-03.08.03:635][  0]LogDerivedDataCache: Speed tests for C:/Users/orion/AppData/Local/UnrealEngine/Common/DerivedDataCache took 0.01 seconds
[2023.01.25-03.08.03:635][  0]LogDerivedDataCache: Display: Performance to C:/Users/orion/AppData/Local/UnrealEngine/Common/DerivedDataCache: Latency=0.08ms. RandomReadSpeed=204.11MBs, RandomWriteSpeed=115.75MBs. Assigned SpeedClass 'Local'
[2023.01.25-03.08.03:637][  0]LogDerivedDataCache: Using Local data cache path C:/Users/orion/AppData/Local/UnrealEngine/Common/DerivedDataCache: Writable
[2023.01.25-03.08.03:638][  0]LogDerivedDataCache: Shared data cache path not found in *engine.ini, will not use an Shared cache.
[2023.01.25-03.08.03:638][  0]LogDerivedDataCache: Unable to find inner node Shared for hierarchical cache Hierarchy.
[2023.01.25-03.08.03:709][  0]LogSlate: Using FreeType 2.10.0
[2023.01.25-03.08.03:710][  0]LogSlate: SlateFontServices - WITH_FREETYPE: 1, WITH_HARFBUZZ: 1
[2023.01.25-03.08.03:755][  0]LogAssetRegistry: FAssetRegistry took 0.0070 seconds to start up
[2023.01.25-03.08.04:062][  0]LogInit: Selected Device Profile: [Windows]
[2023.01.25-03.08.04:062][  0]LogInit: Active device profile: [0000021767A22600][000002176056F5C0 49] Windows
[2023.01.25-03.08.04:062][  0]LogInit: Profiles: [0000021767A22600][000002176056F5C0 49] Windows, [00000217679D4200][0000021767519740 49] WindowsNoEditor, [0000021767A22E00][000002176751D8C0 49] WindowsServer, [00000217679D6A00][0000021768783A40 49] WindowsClient, [0000021767A22F00][0000021768787BC0 49] IOS, [00000217679D4F00][000002176878A1C0 49] iPadAir, [0000021767A23100][000002176878E340 49] iPadAir2, [0000021767982000][0000021768796600 49] IPadPro, [0000021767982100][0000021768792640 49] iPadAir3, [0000021767A21000][0000021767514780 49] iPadAir4, [0000021767982200][000002176879A8C0 49] iPadMini2, [0000021767A23C00][000002176879EA00 49] iPadMini3, [0000021767981D00][00000217687A2B40 49] iPadMini4, [0000021767A23400][00000217687AACC0 49] iPadMini5, [00000217679BD900][00000217687B2F80 49] iPhone6, [00000217679BDA00][00000217687AEFC0 49] iPodTouch6, [0000021767981900][00000217687BB280 49] iPhone7, [0000021767981500][00000217687B72C0 49] iPodTouch7, [00000217679BDE00][00000217687BF440 49] iPhone5S, [0000021767981700][00000217687C35C0 49] iPhone6Plus, [00000217679BE100][00000217687C7740 49] iPhone6S, [0000021767982E00][00000217687CB8C0 49] iPhone6SPlus, [00000217679BFD00][00000217687CFA40 49] iPhone7Plus, [0000021767982300][00000217687D3BC0 49] iPhoneSE, [00000217679BFA00][00000217687D61C0 49] iPhone8, [0000021767982400][00000217687DA340 49] iPhone8Plus, [00000217679BC400][00000217687DE4C0 49] iPhoneX, [0000021767983000][00000217687E2640 49] iPhoneXS, [00000217679BE900][00000217687E67C0 49] iPhoneXSMax, [0000021767980500][00000217687EA940 49] iPhoneXR, [00000217679BD200][00000217687A6A80 49] iPhone11, [0000021767981100][00000217687EEBC0 49] iPhone11Pro, [00000217679BCE00][00000217687F2D00 49] iPhone11ProMax, [0000021767982500][00000217687FAE80 49] iPhoneSE2, [00000217679BD400][00000217687FF000 49] iPhone12Mini, [0000021767981A00][0000021768803180 49] iPhone12, [00000217679BD300][0000021768807300 49] iPhone12Pro, [0000021767980900][000002176880B480 49] iPhone12ProMax, [00000217679BFE00][000002176880F600 49] iPadPro105, [0000021767980300][000002175B509780 49] iPadPro129, [00000217679BC600][000002175B511900 49] iPadPro97, [0000021767983400][000002175B521A80 49] iPadPro2_129, [00000217679BFF00][000002175C4CBC00 49] iPad5, [0000021767981300][00000217626C6200 49] iPad6, [00000217679BFC00][000002176892C380 49] iPad7, [0000021767981800][00000217626CA500 49] iPad8, [0000021767A68300][00000217626CE680 49] iPadPro11, [00000217679D5900][00000217626D6800 49] iPadPro2_11, [0000021767A68A00][0000021767344980 49] iPadPro3_129, [00000217679D7100][0000021767348B00 49] iPadPro4_129, [0000021767A69600][00000217687F6C40 49] AppleTV, [00000217679D6800][0000021768812D80 49] AppleTV4K, [0000021767A68900][0000021768826EC0 49] TVOS, [00000217679BF500][0000021767251040 49] Mac, [0000021767983D00][000002176726B1C0 49] MacClient, [00000217679BF200][000002176726F340 49] MacNoEditor, [0000021767980800][00000217672C34C0 49] MacServer, [00000217679BC300][000002176265F640 49] Linux, [0000021767983300][00000217626637C0 49] LinuxAArch64, [00000217679BCB00][0000021762667940 49] LinuxNoEditor, [0000021767983F00][000002176891DAC0 49] LinuxAArch64NoEditor, [00000217679BE600][00000217689200C0 49] LinuxClient, [0000021767982A00][0000021768924240 49] LinuxAArch64Client, [00000217679BF000][00000217689283C0 49] LinuxServer, [0000021767981600][00000217672C6540 49] LinuxAArch64Server, [00000217679BDD00][00000217672CA6C0 49] Android, [0000021767982800][000002175C4BA840 49] Android_Low, [00000217679BFB00][000002175C4C29C0 49] Android_Mid, [0000021767980600][00000217493F4B40 49] Android_High, [00000217679BCD00][000002174941CCC0 49] Android_Default, [0000021767983A00][0000021768882E00 49] Android_Adreno4xx, [00000217679BF800][0000021749420F40 49] Android_Adreno5xx_Low, [0000021767980B00][0000021769A27080 49] Android_Adreno5xx, [00000217679BC100][0000021769A2F1C0 49] Android_Adreno6xx, [0000021767982900][0000021769A37340 49] Android_Adreno6xx_Vulkan, [0000021767A69200][0000021769A454C0 49] Android_Mali_T6xx, [0000021767980C00][0000021769A49640 49] Android_Mali_T7xx, [0000021767A68400][0000021769A4D7C0 49] Android_Mali_T8xx, [0000021767981B00][0000021769A51940 49] Android_Mali_G71, [00000217679BEF00][0000021769A55AC0 49] Android_Mali_G72, [0000021767981200][0000021769A580C0 49] Android_Mali_G72_Vulkan, [00000217679BF900][0000021769A5C240 49] Android_Mali_G76, [0000021767983100][0000021769A603C0 49] Android_Mali_G76_Vulkan, [00000217679BF400][0000021769A64540 49] Android_Mali_G77, [0000021767981400][0000021769A686C0 49] Android_Mali_G77_Vulkan, [00000217679BE500][00000217673D0840 49] Android_Mali_G78, [0000021767982C00][00000217673D49C0 49] Android_Mali_G78_Vulkan, [00000217679BC200][00000217673FAB40 49] Android_Mali_G710, [0000021767983800][0000021769AA0CC0 49] Android_Mali_G710_Vulkan, [00000217679BD100][0000021769AA4E40 49] Android_Vulkan_SM5, [0000021767983B00][0000021769A32F80 49] Android_PowerVR_G6xxx, [00000217679BEB00][0000021769AA90C0 49] Android_PowerVR_GT7xxx, [0000021767981000][0000021769AAD200 49] Android_PowerVR_GE8xxx, [00000217679BF100][0000021769AB1340 49] Android_PowerVR_GM9xxx, [0000021767980700][0000021769AB94C0 49] Android_PowerVR_GM9xxx_Vulkan, [00000217679BE800][000002176A127640 49] Android_TegraK1, [00000217679D5600][000002176A12B7C0 49] Android_Unknown_Vulkan, [00000217679BEE00][000002176A12F940 49] Lumin, [0000021767A23D00][000002176A137AC0 49] Lumin_Desktop, [0000021767982B00][000002176A13A0C0 49] HoloLens, 
[2023.01.25-03.08.04:259][  0]LogMeshReduction: Using QuadricMeshReduction for automatic static mesh reduction
[2023.01.25-03.08.04:259][  0]LogMeshReduction: Using SimplygonMeshReduction for automatic skeletal mesh reduction
[2023.01.25-03.08.04:259][  0]LogMeshReduction: Using ProxyLODMeshReduction for automatic mesh merging
[2023.01.25-03.08.04:259][  0]LogMeshReduction: No distributed automatic mesh merging module available
[2023.01.25-03.08.04:259][  0]LogMeshMerging: No distributed automatic mesh merging module available
[2023.01.25-03.08.04:290][  0]LogNetVersion: ElementalBrawl 1.0.0, NetCL: 17155196, EngineNetVer: 17, GameNetVer: 0 (Checksum: 2805587885)
[2023.01.25-03.08.04:934][  0]LogTexture: Default maximum texture size for cubemaps generated from long-lat sources has been changed from 512 to unlimited. In order to preserve old behaiour for '/Engine/MapTemplates/Sky/DaylightAmbientCubemap.DaylightAmbientCubemap', its maximum texture size has been explicitly set to 512.
[2023.01.25-03.08.05:032][  0]LogHMD: PokeAHoleMaterial loaded successfully
[2023.01.25-03.08.05:041][  0]LogUObjectArray: 17178 objects as part of root set at end of initial load.
[2023.01.25-03.08.05:041][  0]LogUObjectAllocator: 4302048 out of 0 bytes used by permanent object pool.
[2023.01.25-03.08.05:041][  0]LogUObjectArray: CloseDisregardForGC: 0/0 objects in disregard for GC pool
[2023.01.25-03.08.05:491][  0]LogPython: Using Python 3.7.7
