Log file open, 02/14/23 17:43:11
LogWindows: Failed to load 'aqProf.dll' (GetLastError=126)
LogWindows: File 'aqProf.dll' does not exist
LogWindows: Failed to load 'VtuneApi.dll' (GetLastError=126)
LogWindows: File 'VtuneApi.dll' does not exist
LogWindows: Failed to load 'VtuneApi32e.dll' (GetLastError=126)
LogWindows: File 'VtuneApi32e.dll' does not exist
LogConsoleResponse: Display: Failed to find resolution value strings in scalability ini. Falling back to default.
LogConsoleResponse: Display: Failed to find resolution value strings in scalability ini. Falling back to default.
LogInit: Display: Running engine for game: ElementalBrawl
LogPlatformFile: Not using cached read wrapper
LogTaskGraph: Started task graph with 5 named threads and 35 total threads with 3 sets of task threads.
LogStats: Stats thread started at 0.375590
LogICUInternationalization: ICU TimeZone Detection - Raw Offset: -8:00, Platform Override: ''
LogInit: Display: Loading text-based GConfig....
LogPluginManager: Mounting plugin MeshPainting
LogPluginManager: Mounting plugin XGEController
LogPluginManager: Mounting plugin AISupport
LogPluginManager: Mounting plugin Paper2D
LogPluginManager: Mounting plugin EnvironmentQueryEditor
LogPluginManager: Mounting plugin LightPropagationVolume
LogPluginManager: Mounting plugin LiveLink
LogPluginManager: Mounting plugin CameraShakePreviewer
LogPluginManager: Mounting plugin GameplayCameras
LogPluginManager: Mounting plugin AnimationSharing
LogPluginManager: Mounting plugin CodeLiteSourceCodeAccess
LogPluginManager: Mounting plugin CLionSourceCodeAccess
LogPluginManager: Mounting plugin GitSourceControl
LogPluginManager: Mounting plugin KDevelopSourceCodeAccess
LogPluginManager: Mounting plugin NullSourceCodeAccess
LogPluginManager: Mounting plugin PlasticSourceControl
LogPluginManager: Mounting plugin PixWinPlugin
LogPluginManager: Mounting plugin PerforceSourceControl
LogPluginManager: Mounting plugin PluginUtils
LogPluginManager: Mounting plugin TextureFormatOodle
LogPluginManager: Mounting plugin SubversionSourceControl
LogPluginManager: Mounting plugin PropertyAccessNode
LogPluginManager: Mounting plugin UObjectPlugin
LogPluginManager: Mounting plugin VisualStudioCodeSourceCodeAccess
LogPluginManager: Mounting plugin VisualStudioSourceCodeAccess
LogPluginManager: Mounting plugin AssetManagerEditor
LogPluginManager: Mounting plugin RiderSourceCodeAccess
LogPluginManager: Mounting plugin CryptoKeys
LogPluginManager: Mounting plugin DataValidation
LogPluginManager: Mounting plugin FacialAnimation
LogPluginManager: Mounting plugin CurveEditorTools
LogPluginManager: Mounting plugin GameplayTagsEditor
LogPluginManager: Mounting plugin GeometryMode
LogPluginManager: Mounting plugin MacGraphicsSwitching
LogPluginManager: Mounting plugin MaterialAnalyzer
LogPluginManager: Mounting plugin MobileLauncherProfileWizard
LogPluginManager: Mounting plugin PluginBrowser
LogPluginManager: Mounting plugin SpeedTreeImporter
LogPluginManager: Mounting plugin LuminPlatformFeatures
LogPluginManager: Mounting plugin MagicLeapLightEstimation
LogPluginManager: Mounting plugin XCodeSourceCodeAccess
LogPluginManager: Mounting plugin MagicLeapMedia
LogPluginManager: Mounting plugin MagicLeap
LogPluginManager: Mounting plugin AlembicImporter
LogPluginManager: Mounting plugin BackChannel
LogPluginManager: Mounting plugin AutomationUtils
LogPluginManager: Mounting plugin ChaosCloth
LogPluginManager: Mounting plugin ChaosClothEditor
LogPluginManager: Mounting plugin ChaosEditor
LogPluginManager: Mounting plugin ChaosSolverPlugin
LogPluginManager: Mounting plugin CharacterAI
LogPluginManager: Mounting plugin AndroidMedia
LogPluginManager: Mounting plugin MagicLeapPassableWorld
LogPluginManager: Mounting plugin MLSDK
LogPluginManager: Mounting plugin AvfMedia
LogPluginManager: Mounting plugin ImgMedia
LogPluginManager: Mounting plugin MediaCompositing
LogPluginManager: Mounting plugin MediaPlayerEditor
LogPluginManager: Mounting plugin WebMMedia
LogPluginManager: Mounting plugin GeometryCollectionPlugin
LogPluginManager: Mounting plugin GeometryCache
LogPluginManager: Mounting plugin WmfMedia
LogPluginManager: Mounting plugin GeometryProcessing
LogPluginManager: Mounting plugin ActorSequence
LogPluginManager: Mounting plugin MotoSynth
LogPluginManager: Mounting plugin LevelSequenceEditor
LogPluginManager: Mounting plugin MatineeToLevelSequence
LogPluginManager: Mounting plugin OpenImageDenoise
LogPluginManager: Mounting plugin PlanarCut
LogPluginManager: Mounting plugin PlatformCrypto
LogPluginManager: Mounting plugin ProxyLODPlugin
LogPluginManager: Mounting plugin TemplateSequence
LogPluginManager: Mounting plugin PythonScriptPlugin
LogPluginManager: Mounting plugin SkeletalReduction
LogPluginManager: Mounting plugin UdpMessaging
LogPluginManager: Mounting plugin TcpMessaging
LogPluginManager: Mounting plugin OnlineSubsystem
LogPluginManager: Mounting plugin DatasmithContent
LogPluginManager: Mounting plugin OnlineSubsystemNull
LogPluginManager: Mounting plugin VariantManagerContent
LogPluginManager: Mounting plugin LauncherChunkInstaller
LogPluginManager: Mounting plugin OnlineSubsystemUtils
LogPluginManager: Mounting plugin ActorLayerUtilities
LogPluginManager: Mounting plugin AndroidDeviceProfileSelector
LogPluginManager: Mounting plugin AndroidMoviePlayer
LogPluginManager: Mounting plugin AndroidPermission
LogPluginManager: Mounting plugin AppleMoviePlayer
LogPluginManager: Mounting plugin AssetTags
LogPluginManager: Mounting plugin ArchVisCharacter
LogPluginManager: Mounting plugin AudioCapture
LogPluginManager: Mounting plugin CableComponent
LogPluginManager: Mounting plugin AudioSynesthesia
LogPluginManager: Mounting plugin ChunkDownloader
LogPluginManager: Mounting plugin CustomMeshComponent
LogPluginManager: Mounting plugin EditableMesh
LogPluginManager: Mounting plugin ExampleDeviceProfileSelector
LogPluginManager: Mounting plugin GoogleCloudMessaging
LogPluginManager: Mounting plugin GooglePAD
LogPluginManager: Mounting plugin Niagara
LogPluginManager: Mounting plugin LinuxDeviceProfileSelector
LogPluginManager: Mounting plugin IOSDeviceProfileSelector
LogPluginManager: Mounting plugin LocationServicesBPLibrary
LogPluginManager: Mounting plugin MobilePatchingUtils
LogPluginManager: Mounting plugin OpenXR
LogPluginManager: Mounting plugin OpenXREyeTracker
LogPluginManager: Mounting plugin OpenXRHandTracking
LogPluginManager: Mounting plugin ChaosNiagara
LogPluginManager: Mounting plugin PostSplashScreen
LogPluginManager: Mounting plugin ScreenshotTools
LogPluginManager: Mounting plugin PhysXVehicles
LogPluginManager: Mounting plugin ProceduralMeshComponent
LogPluginManager: Mounting plugin AppleImageUtils
LogPluginManager: Mounting plugin PropertyAccessEditor
LogPluginManager: Mounting plugin SignificanceManager
LogPluginManager: Mounting plugin SoundFields
LogPluginManager: Mounting plugin Synthesis
LogPluginManager: Mounting plugin RuntimePhysXCooking
LogPluginManager: Mounting plugin WebMMoviePlayer
LogPluginManager: Mounting plugin WindowsMoviePlayer
LogPluginManager: Mounting plugin Takes
LogPluginManager: Mounting plugin OodleData
LogPluginManager: Mounting plugin OodleNetwork
LogPluginManager: Mounting plugin ContentBrowserAssetDataSource
LogPluginManager: Mounting plugin ContentBrowserClassDataSource
LogPluginManager: Mounting plugin ContentBrowserFileDataSource
LogPluginManager: Mounting plugin OnlineSubsystemGooglePlay
LogPluginManager: Mounting plugin OnlineSubsystemIOS
LogPluginManager: Mounting plugin SteamVR
LogPluginManager: Mounting plugin OculusVR
PixWinPlugin: PIX capture plugin failed to initialize! Check that the process is launched from PIX.
LogInit: Using libcurl 7.55.1-DEV
LogInit:  - built for x86_64-pc-win32
LogInit:  - supports SSL with OpenSSL/1.1.1
LogInit:  - supports HTTP deflate (compression) using libz 1.2.8
LogInit:  - other features:
LogInit:      CURL_VERSION_SSL
LogInit:      CURL_VERSION_LIBZ
LogInit:      CURL_VERSION_IPV6
LogInit:      CURL_VERSION_ASYNCHDNS
LogInit:      CURL_VERSION_LARGEFILE
LogInit:      CURL_VERSION_IDN
LogInit:  CurlRequestOptions (configurable via config and command line):
LogInit:  - bVerifyPeer = true  - Libcurl will verify peer certificate
LogInit:  - bUseHttpProxy = false  - Libcurl will NOT use HTTP proxy
LogInit:  - bDontReuseConnections = false  - Libcurl will reuse connections
LogInit:  - MaxHostConnections = 16  - Libcurl will limit the number of connections to a host
LogInit:  - LocalHostAddr = Default
LogInit:  - BufferSize = 65536
LogOnline: OSS: Creating online subsystem instance for: NULL
LogInit: WinSock: version 1.1 (2.2), MaxSocks=32767, MaxUdp=65467
LogOnline: OSS: TryLoadSubsystemAndSetDefault: Loaded subsystem for module [NULL]
LogOculusPluginWrapper: OculusPlugin initialized successfully
LogHMD: Failed initializing OVRPlugin 1.59.0
LogInit: Build: ++UE4+Release-4.27-CL-18319896
LogInit: Engine Version: 4.27.2-18319896+++UE4+Release-4.27
LogInit: Compatible Engine Version: 4.27.0-17155196+++UE4+Release-4.27
LogInit: Net CL: 17155196
LogInit: OS: Windows 10 (Release 2009) (), CPU: Intel(R) Core(TM) i7-6850K CPU @ 3.60GHz, GPU: NVIDIA GeForce GTX 1080
LogInit: Compiled (64-bit): Nov 30 2021 07:12:08
LogInit: Compiled with Visual C++: 19.24.28315.00
LogInit: Build Configuration: Development
LogInit: Branch Name: ++UE4+Release-4.27
LogInit: Command Line:  -skipcompile
LogInit: Base Directory: C:/Program Files/Epic Games/UE_4.27/Engine/Binaries/Win64/
LogInit: Allocator: TBB
LogInit: Installed Engine Build: 1
LogDevObjectVersion: Number of dev versions registered: 29
LogDevObjectVersion:   Dev-Blueprints (B0D832E4-1F89-4F0D-ACCF-7EB736FD4AA2): 10
LogDevObjectVersion:   Dev-Build (E1C64328-A22C-4D53-A36C-8E866417BD8C): 0
LogDevObjectVersion:   Dev-Core (375EC13C-06E4-48FB-B500-84F0262A717E): 4
LogDevObjectVersion:   Dev-Editor (E4B068ED-F494-42E9-A231-DA0B2E46BB41): 40
LogDevObjectVersion:   Dev-Framework (CFFC743F-43B0-4480-9391-14DF171D2073): 37
LogDevObjectVersion:   Dev-Mobile (B02B49B5-BB20-44E9-A304-32B752E40360): 3
LogDevObjectVersion:   Dev-Networking (A4E4105C-59A1-49B5-A7C5-40C4547EDFEE): 0
LogDevObjectVersion:   Dev-Online (39C831C9-5AE6-47DC-9A44-9C173E1C8E7C): 0
LogDevObjectVersion:   Dev-Physics (78F01B33-EBEA-4F98-B9B4-84EACCB95AA2): 14
LogDevObjectVersion:   Dev-Platform (6631380F-2D4D-43E0-8009-CF276956A95A): 0
LogDevObjectVersion:   Dev-Rendering (12F88B9F-8875-4AFC-A67C-D90C383ABD29): 45
LogDevObjectVersion:   Dev-Sequencer (7B5AE74C-D270-4C10-A958-57980B212A5A): 13
LogDevObjectVersion:   Dev-VR (D7296918-1DD6-4BDD-9DE2-64A83CC13884): 3
LogDevObjectVersion:   Dev-LoadTimes (C2A15278-BFE7-4AFE-6C17-90FF531DF755): 1
LogDevObjectVersion:   Private-Geometry (6EACA3D4-40EC-4CC1-B786-8BED09428FC5): 3
LogDevObjectVersion:   Dev-AnimPhys (29E575DD-E0A3-4627-9D10-D276232CDCEA): 17
LogDevObjectVersion:   Dev-Anim (AF43A65D-7FD3-4947-9873-3E8ED9C1BB05): 15
LogDevObjectVersion:   Dev-ReflectionCapture (6B266CEC-1EC7-4B8F-A30B-E4D90942FC07): 1
LogDevObjectVersion:   Dev-Automation (0DF73D61-A23F-47EA-B727-89E90C41499A): 1
LogDevObjectVersion:   FortniteMain (601D1886-AC64-4F84-AA16-D3DE0DEAC7D6): 47
LogDevObjectVersion:   FortniteRelease (E7086368-6B23-4C58-8439-1B7016265E91): 1
LogDevObjectVersion:   Dev-Enterprise (9DFFBCD6-494F-0158-E221-12823C92A888): 10
LogDevObjectVersion:   Dev-Niagara (F2AED0AC-9AFE-416F-8664-AA7FFA26D6FC): 1
LogDevObjectVersion:   Dev-Destruction (174F1F0B-B4C6-45A5-B13F-2EE8D0FB917D): 10
LogDevObjectVersion:   Dev-Physics-Ext (35F94A83-E258-406C-A318-09F59610247C): 41
LogDevObjectVersion:   Dev-PhysicsMaterial-Chaos (B68FC16E-8B1B-42E2-B453-215C058844FE): 1
LogDevObjectVersion:   Dev-CineCamera (B2E18506-4273-CFC2-A54E-F4BB758BBA07): 1
LogDevObjectVersion:   Dev-VirtualProduction (64F58936-FD1B-42BA-BA96-7289D5D0FA4E): 1
LogDevObjectVersion:   Dev-MediaFramework (6F0ED827-A609-4895-9C91-998D90180EA4): 2
LogInit: Presizing for max 25165824 objects, including 0 objects not considered by GC, pre-allocating 0 bytes for permanent pool.
LogConfig: Applying CVar settings from Section [/Script/Engine.StreamingSettings] File [D:/Programming/ElementalBrawl/ElementalBrawl/ElementalBrawl/Saved/Config/Windows/Engine.ini]
LogConfig: Setting CVar [[s.MinBulkDataSizeForAsyncLoading:131072]]
LogConfig: Setting CVar [[s.AsyncLoadingThreadEnabled:0]]
LogConfig: Setting CVar [[s.EventDrivenLoaderEnabled:1]]
LogConfig: Setting CVar [[s.WarnIfTimeLimitExceeded:0]]
LogConfig: Setting CVar [[s.TimeLimitExceededMultiplier:1.5]]
LogConfig: Setting CVar [[s.TimeLimitExceededMinTime:0.005]]
LogConfig: Setting CVar [[s.UseBackgroundLevelStreaming:1]]
LogConfig: Setting CVar [[s.PriorityAsyncLoadingExtraTime:15.0]]
LogConfig: Setting CVar [[s.LevelStreamingActorsUpdateTimeLimit:5.0]]
LogConfig: Setting CVar [[s.PriorityLevelStreamingActorsUpdateExtraTime:5.0]]
LogConfig: Setting CVar [[s.LevelStreamingComponentsRegistrationGranularity:10]]
LogConfig: Setting CVar [[s.UnregisterComponentsTimeLimit:1.0]]
LogConfig: Setting CVar [[s.LevelStreamingComponentsUnregistrationGranularity:5]]
LogConfig: Setting CVar [[s.FlushStreamingOnExit:1]]
LogInit: Object subsystem initialized
LogConfig: Setting CVar [[con.DebugEarlyDefault:1]]
LogConfig: Setting CVar [[r.setres:1280x720]]
[2023.02.15-01.43.13:612][  0]LogConfig: Setting CVar [[r.VSync:0]]
[2023.02.15-01.43.13:612][  0]LogConfig: Setting CVar [[r.RHICmdBypass:0]]
[2023.02.15-01.43.13:612][  0]LogConfig: Applying CVar settings from Section [/Script/Engine.RendererSettings] File [D:/Programming/ElementalBrawl/ElementalBrawl/ElementalBrawl/Saved/Config/Windows/Engine.ini]
[2023.02.15-01.43.13:613][  0]LogConfig: Setting CVar [[r.GPUCrashDebugging:0]]
[2023.02.15-01.43.13:613][  0]LogConfig: Applying CVar settings from Section [/Script/Engine.RendererOverrideSettings] File [D:/Programming/ElementalBrawl/ElementalBrawl/ElementalBrawl/Saved/Config/Windows/Engine.ini]
[2023.02.15-01.43.13:613][  0]LogConfig: Applying CVar settings from Section [/Script/Engine.StreamingSettings] File [D:/Programming/ElementalBrawl/ElementalBrawl/ElementalBrawl/Saved/Config/Windows/Engine.ini]
[2023.02.15-01.43.13:613][  0]LogConfig: Setting CVar [[s.MinBulkDataSizeForAsyncLoading:131072]]
[2023.02.15-01.43.13:613][  0]LogConfig: Setting CVar [[s.AsyncLoadingThreadEnabled:0]]
[2023.02.15-01.43.13:613][  0]LogConfig: Setting CVar [[s.EventDrivenLoaderEnabled:1]]
[2023.02.15-01.43.13:613][  0]LogConfig: Setting CVar [[s.WarnIfTimeLimitExceeded:0]]
[2023.02.15-01.43.13:613][  0]LogConfig: Setting CVar [[s.TimeLimitExceededMultiplier:1.5]]
[2023.02.15-01.43.13:613][  0]LogConfig: Setting CVar [[s.TimeLimitExceededMinTime:0.005]]
[2023.02.15-01.43.13:613][  0]LogConfig: Setting CVar [[s.UseBackgroundLevelStreaming:1]]
[2023.02.15-01.43.13:613][  0]LogConfig: Setting CVar [[s.PriorityAsyncLoadingExtraTime:15.0]]
[2023.02.15-01.43.13:613][  0]LogConfig: Setting CVar [[s.LevelStreamingActorsUpdateTimeLimit:5.0]]
[2023.02.15-01.43.13:613][  0]LogConfig: Setting CVar [[s.PriorityLevelStreamingActorsUpdateExtraTime:5.0]]
[2023.02.15-01.43.13:613][  0]LogConfig: Setting CVar [[s.LevelStreamingComponentsRegistrationGranularity:10]]
[2023.02.15-01.43.13:613][  0]LogConfig: Setting CVar [[s.UnregisterComponentsTimeLimit:1.0]]
[2023.02.15-01.43.13:613][  0]LogConfig: Setting CVar [[s.LevelStreamingComponentsUnregistrationGranularity:5]]
[2023.02.15-01.43.13:614][  0]LogConfig: Setting CVar [[s.FlushStreamingOnExit:1]]
[2023.02.15-01.43.13:614][  0]LogConfig: Applying CVar settings from Section [/Script/Engine.GarbageCollectionSettings] File [D:/Programming/ElementalBrawl/ElementalBrawl/ElementalBrawl/Saved/Config/Windows/Engine.ini]
[2023.02.15-01.43.13:614][  0]LogConfig: Setting CVar [[gc.MaxObjectsNotConsideredByGC:1]]
[2023.02.15-01.43.13:614][  0]LogConfig: Setting CVar [[gc.SizeOfPermanentObjectPool:0]]
[2023.02.15-01.43.13:614][  0]LogConfig: Setting CVar [[gc.FlushStreamingOnGC:0]]
[2023.02.15-01.43.13:614][  0]LogConfig: Setting CVar [[gc.NumRetriesBeforeForcingGC:10]]
[2023.02.15-01.43.13:614][  0]LogConfig: Setting CVar [[gc.AllowParallelGC:1]]
[2023.02.15-01.43.13:614][  0]LogConfig: Setting CVar [[gc.TimeBetweenPurgingPendingKillObjects:61.1]]
[2023.02.15-01.43.13:614][  0]LogConfig: Setting CVar [[gc.MaxObjectsInEditor:25165824]]
[2023.02.15-01.43.13:614][  0]LogConfig: Setting CVar [[gc.IncrementalBeginDestroyEnabled:1]]
[2023.02.15-01.43.13:614][  0]LogConfig: Setting CVar [[gc.CreateGCClusters:1]]
[2023.02.15-01.43.13:614][  0]LogConfig: Setting CVar [[gc.MinGCClusterSize:5]]
[2023.02.15-01.43.13:614][  0]LogConfig: Setting CVar [[gc.ActorClusteringEnabled:0]]
[2023.02.15-01.43.13:614][  0]LogConfig: Setting CVar [[gc.BlueprintClusteringEnabled:0]]
[2023.02.15-01.43.13:614][  0]LogConfig: Setting CVar [[gc.UseDisregardForGCOnDedicatedServers:0]]
[2023.02.15-01.43.13:614][  0]LogConfig: Setting CVar [[gc.MultithreadedDestructionEnabled:1]]
[2023.02.15-01.43.13:614][  0]LogConfig: Applying CVar settings from Section [/Script/Engine.NetworkSettings] File [D:/Programming/ElementalBrawl/ElementalBrawl/ElementalBrawl/Saved/Config/Windows/Engine.ini]
[2023.02.15-01.43.13:614][  0]LogConfig: Applying CVar settings from Section [/Script/UnrealEd.CookerSettings] File [D:/Programming/ElementalBrawl/ElementalBrawl/ElementalBrawl/Saved/Config/Windows/Engine.ini]
[2023.02.15-01.43.13:637][  0]LogConfig: Applying CVar settings from Section [ViewDistanceQuality@3] File [D:/Programming/ElementalBrawl/ElementalBrawl/ElementalBrawl/Saved/Config/Windows/Scalability.ini]
[2023.02.15-01.43.13:637][  0]LogConfig: Setting CVar [[r.SkeletalMeshLODBias:0]]
[2023.02.15-01.43.13:637][  0]LogConfig: Setting CVar [[r.ViewDistanceScale:1.0]]
[2023.02.15-01.43.13:637][  0]LogConfig: Applying CVar settings from Section [AntiAliasingQuality@3] File [D:/Programming/ElementalBrawl/ElementalBrawl/ElementalBrawl/Saved/Config/Windows/Scalability.ini]
[2023.02.15-01.43.13:637][  0]LogConfig: Setting CVar [[r.PostProcessAAQuality:4]]
[2023.02.15-01.43.13:637][  0]LogConfig: Applying CVar settings from Section [ShadowQuality@3] File [D:/Programming/ElementalBrawl/ElementalBrawl/ElementalBrawl/Saved/Config/Windows/Scalability.ini]
[2023.02.15-01.43.13:637][  0]LogConfig: Setting CVar [[r.LightFunctionQuality:1]]
[2023.02.15-01.43.13:637][  0]LogConfig: Setting CVar [[r.ShadowQuality:5]]
[2023.02.15-01.43.13:637][  0]LogConfig: Setting CVar [[r.Shadow.CSM.MaxCascades:10]]
[2023.02.15-01.43.13:638][  0]LogConfig: Setting CVar [[r.Shadow.MaxResolution:2048]]
[2023.02.15-01.43.13:638][  0]LogConfig: Setting CVar [[r.Shadow.MaxCSMResolution:2048]]
[2023.02.15-01.43.13:638][  0]LogConfig: Setting CVar [[r.Shadow.RadiusThreshold:0.01]]
[2023.02.15-01.43.13:638][  0]LogConfig: Setting CVar [[r.Shadow.DistanceScale:1.0]]
[2023.02.15-01.43.13:638][  0]LogConfig: Setting CVar [[r.Shadow.CSM.TransitionScale:1.0]]
[2023.02.15-01.43.13:638][  0]LogConfig: Setting CVar [[r.Shadow.PreShadowResolutionFactor:1.0]]
[2023.02.15-01.43.13:638][  0]LogConfig: Setting CVar [[r.DistanceFieldShadowing:1]]
[2023.02.15-01.43.13:638][  0]LogConfig: Setting CVar [[r.DistanceFieldAO:1]]
[2023.02.15-01.43.13:638][  0]LogConfig: Setting CVar [[r.AOQuality:2]]
[2023.02.15-01.43.13:638][  0]LogConfig: Setting CVar [[r.VolumetricFog:1]]
[2023.02.15-01.43.13:638][  0]LogConfig: Setting CVar [[r.VolumetricFog.GridPixelSize:8]]
[2023.02.15-01.43.13:638][  0]LogConfig: Setting CVar [[r.VolumetricFog.GridSizeZ:128]]
[2023.02.15-01.43.13:638][  0]LogConfig: Setting CVar [[r.VolumetricFog.HistoryMissSupersampleCount:4]]
[2023.02.15-01.43.13:638][  0]LogConfig: Setting CVar [[r.LightMaxDrawDistanceScale:1]]
[2023.02.15-01.43.13:638][  0]LogConfig: Setting CVar [[r.CapsuleShadows:1]]
[2023.02.15-01.43.13:638][  0]LogConfig: Applying CVar settings from Section [PostProcessQuality@3] File [D:/Programming/ElementalBrawl/ElementalBrawl/ElementalBrawl/Saved/Config/Windows/Scalability.ini]
[2023.02.15-01.43.13:639][  0]LogConfig: Setting CVar [[r.MotionBlurQuality:4]]
[2023.02.15-01.43.13:639][  0]LogConfig: Setting CVar [[r.AmbientOcclusionMipLevelFactor:0.4]]
[2023.02.15-01.43.13:639][  0]LogConfig: Setting CVar [[r.AmbientOcclusionMaxQuality:100]]
[2023.02.15-01.43.13:639][  0]LogConfig: Setting CVar [[r.AmbientOcclusionLevels:-1]]
[2023.02.15-01.43.13:639][  0]LogConfig: Setting CVar [[r.AmbientOcclusionRadiusScale:1.0]]
[2023.02.15-01.43.13:639][  0]LogConfig: Setting CVar [[r.DepthOfFieldQuality:2]]
[2023.02.15-01.43.13:639][  0]LogConfig: Setting CVar [[r.RenderTargetPoolMin:400]]
[2023.02.15-01.43.13:639][  0]LogConfig: Setting CVar [[r.LensFlareQuality:2]]
[2023.02.15-01.43.13:639][  0]LogConfig: Setting CVar [[r.SceneColorFringeQuality:1]]
[2023.02.15-01.43.13:639][  0]LogConfig: Setting CVar [[r.EyeAdaptationQuality:2]]
[2023.02.15-01.43.13:639][  0]LogConfig: Setting CVar [[r.BloomQuality:5]]
[2023.02.15-01.43.13:639][  0]LogConfig: Setting CVar [[r.FastBlurThreshold:100]]
[2023.02.15-01.43.13:639][  0]LogConfig: Setting CVar [[r.Upscale.Quality:3]]
[2023.02.15-01.43.13:639][  0]LogConfig: Setting CVar [[r.Tonemapper.GrainQuantization:1]]
[2023.02.15-01.43.13:639][  0]LogConfig: Setting CVar [[r.LightShaftQuality:1]]
[2023.02.15-01.43.13:639][  0]LogConfig: Setting CVar [[r.Filter.SizeScale:1]]
[2023.02.15-01.43.13:639][  0]LogConfig: Setting CVar [[r.Tonemapper.Quality:5]]
[2023.02.15-01.43.13:639][  0]LogConfig: Setting CVar [[r.DOF.Gather.AccumulatorQuality:1        ; higher gathering accumulator quality]]
[2023.02.15-01.43.13:640][  0]LogConfig: Setting CVar [[r.DOF.Gather.PostfilterMethod:1          ; Median3x3 postfilering method]]
[2023.02.15-01.43.13:640][  0]LogConfig: Setting CVar [[r.DOF.Gather.EnableBokehSettings:0       ; no bokeh simulation when gathering]]
[2023.02.15-01.43.13:640][  0]LogConfig: Setting CVar [[r.DOF.Gather.RingCount:4                 ; medium number of samples when gathering]]
[2023.02.15-01.43.13:640][  0]LogConfig: Setting CVar [[r.DOF.Scatter.ForegroundCompositing:1    ; additive foreground scattering]]
[2023.02.15-01.43.13:640][  0]LogConfig: Setting CVar [[r.DOF.Scatter.BackgroundCompositing:2    ; additive background scattering]]
[2023.02.15-01.43.13:640][  0]LogConfig: Setting CVar [[r.DOF.Scatter.EnableBokehSettings:1      ; bokeh simulation when scattering]]
[2023.02.15-01.43.13:640][  0]LogConfig: Setting CVar [[r.DOF.Scatter.MaxSpriteRatio:0.1         ; only a maximum of 10% of scattered bokeh]]
[2023.02.15-01.43.13:640][  0]LogConfig: Setting CVar [[r.DOF.Recombine.Quality:1                ; cheap slight out of focus]]
[2023.02.15-01.43.13:640][  0]LogConfig: Setting CVar [[r.DOF.Recombine.EnableBokehSettings:0    ; no bokeh simulation on slight out of focus]]
[2023.02.15-01.43.13:640][  0]LogConfig: Setting CVar [[r.DOF.TemporalAAQuality:1                ; more stable temporal accumulation]]
[2023.02.15-01.43.13:640][  0]LogConfig: Setting CVar [[r.DOF.Kernel.MaxForegroundRadius:0.025]]
[2023.02.15-01.43.13:640][  0]LogConfig: Setting CVar [[r.DOF.Kernel.MaxBackgroundRadius:0.025]]
[2023.02.15-01.43.13:640][  0]LogConfig: Applying CVar settings from Section [TextureQuality@3] File [D:/Programming/ElementalBrawl/ElementalBrawl/ElementalBrawl/Saved/Config/Windows/Scalability.ini]
[2023.02.15-01.43.13:640][  0]LogConfig: Setting CVar [[r.Streaming.MipBias:0]]
[2023.02.15-01.43.13:640][  0]LogConfig: Setting CVar [[r.Streaming.AmortizeCPUToGPUCopy:0]]
[2023.02.15-01.43.13:640][  0]LogConfig: Setting CVar [[r.Streaming.MaxNumTexturesToStreamPerFrame:0]]
[2023.02.15-01.43.13:640][  0]LogConfig: Setting CVar [[r.Streaming.Boost:1]]
[2023.02.15-01.43.13:640][  0]LogConfig: Setting CVar [[r.MaxAnisotropy:8]]
[2023.02.15-01.43.13:641][  0]LogConfig: Setting CVar [[r.VT.MaxAnisotropy:8]]
[2023.02.15-01.43.13:641][  0]LogConfig: Setting CVar [[r.Streaming.LimitPoolSizeToVRAM:0]]
[2023.02.15-01.43.13:641][  0]LogConfig: Setting CVar [[r.Streaming.PoolSize:1000]]
[2023.02.15-01.43.13:641][  0]LogConfig: Setting CVar [[r.Streaming.MaxEffectiveScreenSize:0]]
[2023.02.15-01.43.13:641][  0]LogConfig: Applying CVar settings from Section [EffectsQuality@3] File [D:/Programming/ElementalBrawl/ElementalBrawl/ElementalBrawl/Saved/Config/Windows/Scalability.ini]
[2023.02.15-01.43.13:641][  0]LogConfig: Setting CVar [[r.TranslucencyLightingVolumeDim:64]]
[2023.02.15-01.43.13:641][  0]LogConfig: Setting CVar [[r.RefractionQuality:2]]
[2023.02.15-01.43.13:641][  0]LogConfig: Setting CVar [[r.SSR.Quality:3]]
[2023.02.15-01.43.13:641][  0]LogConfig: Setting CVar [[r.SSR.HalfResSceneColor:0]]
[2023.02.15-01.43.13:641][  0]LogConfig: Setting CVar [[r.SceneColorFormat:4]]
[2023.02.15-01.43.13:641][  0]LogConfig: Setting CVar [[r.DetailMode:2]]
[2023.02.15-01.43.13:641][  0]LogConfig: Setting CVar [[r.TranslucencyVolumeBlur:1]]
[2023.02.15-01.43.13:641][  0]LogConfig: Setting CVar [[r.MaterialQualityLevel:1 ; High quality]]
[2023.02.15-01.43.13:641][  0]LogConfig: Setting CVar [[r.AnisotropicMaterials:1]]
[2023.02.15-01.43.13:641][  0]LogConfig: Setting CVar [[r.SSS.Scale:1]]
[2023.02.15-01.43.13:641][  0]LogConfig: Setting CVar [[r.SSS.SampleSet:2]]
[2023.02.15-01.43.13:641][  0]LogConfig: Setting CVar [[r.SSS.Quality:1]]
[2023.02.15-01.43.13:642][  0]LogConfig: Setting CVar [[r.SSS.HalfRes:0]]
[2023.02.15-01.43.13:642][  0]LogConfig: Setting CVar [[r.SSGI.Quality:3]]
[2023.02.15-01.43.13:642][  0]LogConfig: Setting CVar [[r.EmitterSpawnRateScale:1.0]]
[2023.02.15-01.43.13:642][  0]LogConfig: Setting CVar [[r.ParticleLightQuality:2]]
[2023.02.15-01.43.13:642][  0]LogConfig: Setting CVar [[r.SkyAtmosphere.AerialPerspectiveLUT.FastApplyOnOpaque:1 ; Always have FastSkyLUT 1 in this case to avoid wrong sky]]
[2023.02.15-01.43.13:642][  0]LogConfig: Setting CVar [[r.SkyAtmosphere.AerialPerspectiveLUT.SampleCountMaxPerSlice:4]]
[2023.02.15-01.43.13:642][  0]LogConfig: Setting CVar [[r.SkyAtmosphere.AerialPerspectiveLUT.DepthResolution:16.0]]
[2023.02.15-01.43.13:642][  0]LogConfig: Setting CVar [[r.SkyAtmosphere.FastSkyLUT:1]]
[2023.02.15-01.43.13:642][  0]LogConfig: Setting CVar [[r.SkyAtmosphere.FastSkyLUT.SampleCountMin:4.0]]
[2023.02.15-01.43.13:642][  0]LogConfig: Setting CVar [[r.SkyAtmosphere.FastSkyLUT.SampleCountMax:128.0]]
[2023.02.15-01.43.13:642][  0]LogConfig: Setting CVar [[r.SkyAtmosphere.SampleCountMin:4.0]]
[2023.02.15-01.43.13:642][  0]LogConfig: Setting CVar [[r.SkyAtmosphere.SampleCountMax:128.0]]
[2023.02.15-01.43.13:642][  0]LogConfig: Setting CVar [[r.SkyAtmosphere.TransmittanceLUT.UseSmallFormat:0]]
[2023.02.15-01.43.13:642][  0]LogConfig: Setting CVar [[r.SkyAtmosphere.TransmittanceLUT.SampleCount:10.0]]
[2023.02.15-01.43.13:642][  0]LogConfig: Setting CVar [[r.SkyAtmosphere.MultiScatteringLUT.SampleCount:15.0]]
[2023.02.15-01.43.13:642][  0]LogConfig: Setting CVar [[r.SkyLight.RealTimeReflectionCapture:1]]
[2023.02.15-01.43.13:643][  0]LogConfig: Applying CVar settings from Section [FoliageQuality@3] File [D:/Programming/ElementalBrawl/ElementalBrawl/ElementalBrawl/Saved/Config/Windows/Scalability.ini]
[2023.02.15-01.43.13:643][  0]LogConfig: Setting CVar [[foliage.DensityScale:1.0]]
[2023.02.15-01.43.13:643][  0]LogConfig: Setting CVar [[grass.DensityScale:1.0]]
[2023.02.15-01.43.13:643][  0]LogConfig: Applying CVar settings from Section [ShadingQuality@3] File [D:/Programming/ElementalBrawl/ElementalBrawl/ElementalBrawl/Saved/Config/Windows/Scalability.ini]
[2023.02.15-01.43.13:643][  0]LogConfig: Setting CVar [[r.HairStrands.SkyLighting.IntegrationType:2]]
[2023.02.15-01.43.13:643][  0]LogConfig: Setting CVar [[r.HairStrands.SkyAO.SampleCount:4]]
[2023.02.15-01.43.13:643][  0]LogConfig: Setting CVar [[r.HairStrands.Visibility.MSAA.SamplePerPixel:4]]
[2023.02.15-01.43.13:643][  0]LogInit: Selected Device Profile: [Windows]
[2023.02.15-01.43.13:643][  0]LogInit: Applying CVar settings loaded from the selected device profile: [Windows]
[2023.02.15-01.43.13:643][  0]LogHAL: Display: Platform has ~ 64 GB [68625903616 / 68719476736 / 64], which maps to Largest [LargestMinGB=32, LargerMinGB=12, DefaultMinGB=8, SmallerMinGB=6, SmallestMinGB=0)
[2023.02.15-01.43.13:643][  0]LogInit: Going up to parent DeviceProfile []
[2023.02.15-01.43.13:643][  0]LogConfig: Applying CVar settings from Section [ViewDistanceQuality@3] File [D:/Programming/ElementalBrawl/ElementalBrawl/ElementalBrawl/Saved/Config/Windows/Scalability.ini]
[2023.02.15-01.43.13:643][  0]LogConfig: Setting CVar [[r.SkeletalMeshLODBias:0]]
[2023.02.15-01.43.13:643][  0]LogConfig: Setting CVar [[r.ViewDistanceScale:1.0]]
[2023.02.15-01.43.13:643][  0]LogConfig: Applying CVar settings from Section [AntiAliasingQuality@3] File [D:/Programming/ElementalBrawl/ElementalBrawl/ElementalBrawl/Saved/Config/Windows/Scalability.ini]
[2023.02.15-01.43.13:644][  0]LogConfig: Setting CVar [[r.PostProcessAAQuality:4]]
[2023.02.15-01.43.13:644][  0]LogConfig: Applying CVar settings from Section [ShadowQuality@3] File [D:/Programming/ElementalBrawl/ElementalBrawl/ElementalBrawl/Saved/Config/Windows/Scalability.ini]
[2023.02.15-01.43.13:644][  0]LogConfig: Setting CVar [[r.LightFunctionQuality:1]]
[2023.02.15-01.43.13:644][  0]LogConfig: Setting CVar [[r.ShadowQuality:5]]
[2023.02.15-01.43.13:644][  0]LogConfig: Setting CVar [[r.Shadow.CSM.MaxCascades:10]]
[2023.02.15-01.43.13:644][  0]LogConfig: Setting CVar [[r.Shadow.MaxResolution:2048]]
[2023.02.15-01.43.13:644][  0]LogConfig: Setting CVar [[r.Shadow.MaxCSMResolution:2048]]
[2023.02.15-01.43.13:644][  0]LogConfig: Setting CVar [[r.Shadow.RadiusThreshold:0.01]]
[2023.02.15-01.43.13:644][  0]LogConfig: Setting CVar [[r.Shadow.DistanceScale:1.0]]
[2023.02.15-01.43.13:644][  0]LogConfig: Setting CVar [[r.Shadow.CSM.TransitionScale:1.0]]
[2023.02.15-01.43.13:644][  0]LogConfig: Setting CVar [[r.Shadow.PreShadowResolutionFactor:1.0]]
[2023.02.15-01.43.13:644][  0]LogConfig: Setting CVar [[r.DistanceFieldShadowing:1]]
[2023.02.15-01.43.13:644][  0]LogConfig: Setting CVar [[r.DistanceFieldAO:1]]
[2023.02.15-01.43.13:644][  0]LogConfig: Setting CVar [[r.AOQuality:2]]
[2023.02.15-01.43.13:644][  0]LogConfig: Setting CVar [[r.VolumetricFog:1]]
[2023.02.15-01.43.13:644][  0]LogConfig: Setting CVar [[r.VolumetricFog.GridPixelSize:8]]
[2023.02.15-01.43.13:645][  0]LogConfig: Setting CVar [[r.VolumetricFog.GridSizeZ:128]]
[2023.02.15-01.43.13:645][  0]LogConfig: Setting CVar [[r.VolumetricFog.HistoryMissSupersampleCount:4]]
[2023.02.15-01.43.13:645][  0]LogConfig: Setting CVar [[r.LightMaxDrawDistanceScale:1]]
[2023.02.15-01.43.13:645][  0]LogConfig: Setting CVar [[r.CapsuleShadows:1]]
[2023.02.15-01.43.13:645][  0]LogConfig: Applying CVar settings from Section [PostProcessQuality@3] File [D:/Programming/ElementalBrawl/ElementalBrawl/ElementalBrawl/Saved/Config/Windows/Scalability.ini]
[2023.02.15-01.43.13:645][  0]LogConfig: Setting CVar [[r.MotionBlurQuality:4]]
[2023.02.15-01.43.13:645][  0]LogConfig: Setting CVar [[r.AmbientOcclusionMipLevelFactor:0.4]]
[2023.02.15-01.43.13:645][  0]LogConfig: Setting CVar [[r.AmbientOcclusionMaxQuality:100]]
[2023.02.15-01.43.13:645][  0]LogConfig: Setting CVar [[r.AmbientOcclusionLevels:-1]]
[2023.02.15-01.43.13:645][  0]LogConfig: Setting CVar [[r.AmbientOcclusionRadiusScale:1.0]]
[2023.02.15-01.43.13:645][  0]LogConfig: Setting CVar [[r.DepthOfFieldQuality:2]]
[2023.02.15-01.43.13:645][  0]LogConfig: Setting CVar [[r.RenderTargetPoolMin:400]]
[2023.02.15-01.43.13:645][  0]LogConfig: Setting CVar [[r.LensFlareQuality:2]]
[2023.02.15-01.43.13:645][  0]LogConfig: Setting CVar [[r.SceneColorFringeQuality:1]]
[2023.02.15-01.43.13:645][  0]LogConfig: Setting CVar [[r.EyeAdaptationQuality:2]]
[2023.02.15-01.43.13:645][  0]LogConfig: Setting CVar [[r.BloomQuality:5]]
[2023.02.15-01.43.13:645][  0]LogConfig: Setting CVar [[r.FastBlurThreshold:100]]
[2023.02.15-01.43.13:645][  0]LogConfig: Setting CVar [[r.Upscale.Quality:3]]
[2023.02.15-01.43.13:646][  0]LogConfig: Setting CVar [[r.Tonemapper.GrainQuantization:1]]
[2023.02.15-01.43.13:646][  0]LogConfig: Setting CVar [[r.LightShaftQuality:1]]
[2023.02.15-01.43.13:646][  0]LogConfig: Setting CVar [[r.Filter.SizeScale:1]]
[2023.02.15-01.43.13:646][  0]LogConfig: Setting CVar [[r.Tonemapper.Quality:5]]
[2023.02.15-01.43.13:646][  0]LogConfig: Setting CVar [[r.DOF.Gather.AccumulatorQuality:1        ; higher gathering accumulator quality]]
[2023.02.15-01.43.13:646][  0]LogConfig: Setting CVar [[r.DOF.Gather.PostfilterMethod:1          ; Median3x3 postfilering method]]
[2023.02.15-01.43.13:646][  0]LogConfig: Setting CVar [[r.DOF.Gather.EnableBokehSettings:0       ; no bokeh simulation when gathering]]
[2023.02.15-01.43.13:646][  0]LogConfig: Setting CVar [[r.DOF.Gather.RingCount:4                 ; medium number of samples when gathering]]
[2023.02.15-01.43.13:646][  0]LogConfig: Setting CVar [[r.DOF.Scatter.ForegroundCompositing:1    ; additive foreground scattering]]
[2023.02.15-01.43.13:646][  0]LogConfig: Setting CVar [[r.DOF.Scatter.BackgroundCompositing:2    ; additive background scattering]]
[2023.02.15-01.43.13:646][  0]LogConfig: Setting CVar [[r.DOF.Scatter.EnableBokehSettings:1      ; bokeh simulation when scattering]]
[2023.02.15-01.43.13:646][  0]LogConfig: Setting CVar [[r.DOF.Scatter.MaxSpriteRatio:0.1         ; only a maximum of 10% of scattered bokeh]]
[2023.02.15-01.43.13:646][  0]LogConfig: Setting CVar [[r.DOF.Recombine.Quality:1                ; cheap slight out of focus]]
[2023.02.15-01.43.13:646][  0]LogConfig: Setting CVar [[r.DOF.Recombine.EnableBokehSettings:0    ; no bokeh simulation on slight out of focus]]
[2023.02.15-01.43.13:646][  0]LogConfig: Setting CVar [[r.DOF.TemporalAAQuality:1                ; more stable temporal accumulation]]
[2023.02.15-01.43.13:646][  0]LogConfig: Setting CVar [[r.DOF.Kernel.MaxForegroundRadius:0.025]]
[2023.02.15-01.43.13:646][  0]LogConfig: Setting CVar [[r.DOF.Kernel.MaxBackgroundRadius:0.025]]
[2023.02.15-01.43.13:647][  0]LogConfig: Applying CVar settings from Section [TextureQuality@3] File [D:/Programming/ElementalBrawl/ElementalBrawl/ElementalBrawl/Saved/Config/Windows/Scalability.ini]
[2023.02.15-01.43.13:647][  0]LogConfig: Setting CVar [[r.Streaming.MipBias:0]]
[2023.02.15-01.43.13:647][  0]LogConfig: Setting CVar [[r.Streaming.AmortizeCPUToGPUCopy:0]]
[2023.02.15-01.43.13:647][  0]LogConfig: Setting CVar [[r.Streaming.MaxNumTexturesToStreamPerFrame:0]]
[2023.02.15-01.43.13:647][  0]LogConfig: Setting CVar [[r.Streaming.Boost:1]]
[2023.02.15-01.43.13:647][  0]LogConfig: Setting CVar [[r.MaxAnisotropy:8]]
[2023.02.15-01.43.13:647][  0]LogConfig: Setting CVar [[r.VT.MaxAnisotropy:8]]
[2023.02.15-01.43.13:647][  0]LogConfig: Setting CVar [[r.Streaming.LimitPoolSizeToVRAM:0]]
[2023.02.15-01.43.13:647][  0]LogConfig: Setting CVar [[r.Streaming.PoolSize:1000]]
[2023.02.15-01.43.13:647][  0]LogConfig: Setting CVar [[r.Streaming.MaxEffectiveScreenSize:0]]
[2023.02.15-01.43.13:647][  0]LogConfig: Applying CVar settings from Section [EffectsQuality@3] File [D:/Programming/ElementalBrawl/ElementalBrawl/ElementalBrawl/Saved/Config/Windows/Scalability.ini]
[2023.02.15-01.43.13:647][  0]LogConfig: Setting CVar [[r.TranslucencyLightingVolumeDim:64]]
[2023.02.15-01.43.13:647][  0]LogConfig: Setting CVar [[r.RefractionQuality:2]]
[2023.02.15-01.43.13:648][  0]LogConfig: Setting CVar [[r.SSR.Quality:3]]
[2023.02.15-01.43.13:648][  0]LogConfig: Setting CVar [[r.SSR.HalfResSceneColor:0]]
[2023.02.15-01.43.13:648][  0]LogConfig: Setting CVar [[r.SceneColorFormat:4]]
[2023.02.15-01.43.13:648][  0]LogConfig: Setting CVar [[r.DetailMode:2]]
[2023.02.15-01.43.13:648][  0]LogConfig: Setting CVar [[r.TranslucencyVolumeBlur:1]]
[2023.02.15-01.43.13:648][  0]LogConfig: Setting CVar [[r.MaterialQualityLevel:1 ; High quality]]
[2023.02.15-01.43.13:648][  0]LogConfig: Setting CVar [[r.AnisotropicMaterials:1]]
[2023.02.15-01.43.13:648][  0]LogConfig: Setting CVar [[r.SSS.Scale:1]]
[2023.02.15-01.43.13:648][  0]LogConfig: Setting CVar [[r.SSS.SampleSet:2]]
[2023.02.15-01.43.13:648][  0]LogConfig: Setting CVar [[r.SSS.Quality:1]]
[2023.02.15-01.43.13:648][  0]LogConfig: Setting CVar [[r.SSS.HalfRes:0]]
[2023.02.15-01.43.13:648][  0]LogConfig: Setting CVar [[r.SSGI.Quality:3]]
[2023.02.15-01.43.13:648][  0]LogConfig: Setting CVar [[r.EmitterSpawnRateScale:1.0]]
[2023.02.15-01.43.13:648][  0]LogConfig: Setting CVar [[r.ParticleLightQuality:2]]
[2023.02.15-01.43.13:648][  0]LogConfig: Setting CVar [[r.SkyAtmosphere.AerialPerspectiveLUT.FastApplyOnOpaque:1 ; Always have FastSkyLUT 1 in this case to avoid wrong sky]]
[2023.02.15-01.43.13:649][  0]LogConfig: Setting CVar [[r.SkyAtmosphere.AerialPerspectiveLUT.SampleCountMaxPerSlice:4]]
[2023.02.15-01.43.13:649][  0]LogConfig: Setting CVar [[r.SkyAtmosphere.AerialPerspectiveLUT.DepthResolution:16.0]]
[2023.02.15-01.43.13:649][  0]LogConfig: Setting CVar [[r.SkyAtmosphere.FastSkyLUT:1]]
[2023.02.15-01.43.13:649][  0]LogConfig: Setting CVar [[r.SkyAtmosphere.FastSkyLUT.SampleCountMin:4.0]]
[2023.02.15-01.43.13:649][  0]LogConfig: Setting CVar [[r.SkyAtmosphere.FastSkyLUT.SampleCountMax:128.0]]
[2023.02.15-01.43.13:649][  0]LogConfig: Setting CVar [[r.SkyAtmosphere.SampleCountMin:4.0]]
[2023.02.15-01.43.13:649][  0]LogConfig: Setting CVar [[r.SkyAtmosphere.SampleCountMax:128.0]]
[2023.02.15-01.43.13:649][  0]LogConfig: Setting CVar [[r.SkyAtmosphere.TransmittanceLUT.UseSmallFormat:0]]
[2023.02.15-01.43.13:649][  0]LogConfig: Setting CVar [[r.SkyAtmosphere.TransmittanceLUT.SampleCount:10.0]]
[2023.02.15-01.43.13:649][  0]LogConfig: Setting CVar [[r.SkyAtmosphere.MultiScatteringLUT.SampleCount:15.0]]
[2023.02.15-01.43.13:649][  0]LogConfig: Setting CVar [[r.SkyLight.RealTimeReflectionCapture:1]]
[2023.02.15-01.43.13:649][  0]LogConfig: Applying CVar settings from Section [FoliageQuality@3] File [D:/Programming/ElementalBrawl/ElementalBrawl/ElementalBrawl/Saved/Config/Windows/Scalability.ini]
[2023.02.15-01.43.13:649][  0]LogConfig: Setting CVar [[foliage.DensityScale:1.0]]
[2023.02.15-01.43.13:649][  0]LogConfig: Setting CVar [[grass.DensityScale:1.0]]
[2023.02.15-01.43.13:649][  0]LogConfig: Applying CVar settings from Section [ShadingQuality@3] File [D:/Programming/ElementalBrawl/ElementalBrawl/ElementalBrawl/Saved/Config/Windows/Scalability.ini]
[2023.02.15-01.43.13:650][  0]LogConfig: Setting CVar [[r.HairStrands.SkyLighting.IntegrationType:2]]
[2023.02.15-01.43.13:650][  0]LogConfig: Setting CVar [[r.HairStrands.SkyAO.SampleCount:4]]
[2023.02.15-01.43.13:650][  0]LogConfig: Setting CVar [[r.HairStrands.Visibility.MSAA.SamplePerPixel:4]]
[2023.02.15-01.43.13:650][  0]LogConfig: Applying CVar settings from Section [Startup] File [../../../Engine/Config/ConsoleVariables.ini]
[2023.02.15-01.43.13:651][  0]LogConfig: Setting CVar [[net.UseAdaptiveNetUpdateFrequency:0]]
[2023.02.15-01.43.13:651][  0]LogConfig: Setting CVar [[p.chaos.AllowCreatePhysxBodies:1]]
[2023.02.15-01.43.13:651][  0]LogConfig: Setting CVar [[fx.SkipVectorVMBackendOptimizations:1]]
[2023.02.15-01.43.13:651][  0]LogConfig: Applying CVar settings from Section [ConsoleVariables] File [D:/Programming/ElementalBrawl/ElementalBrawl/ElementalBrawl/Saved/Config/Windows/Engine.ini]
[2023.02.15-01.43.13:651][  0]LogConfig: Applying CVar settings from Section [ConsoleVariables] File [D:/Programming/ElementalBrawl/ElementalBrawl/ElementalBrawl/Saved/Config/Windows/Editor.ini]
[2023.02.15-01.43.13:651][  0]LogInit: Computer: DESKTOP-2TM97B3
[2023.02.15-01.43.13:651][  0]LogInit: User: orion
[2023.02.15-01.43.13:652][  0]LogInit: CPU Page size=4096, Cores=6
[2023.02.15-01.43.13:652][  0]LogInit: High frequency timer resolution =10.000000 MHz
[2023.02.15-01.43.13:652][  0]LogMemory: Memory total: Physical=63.9GB (64GB approx)
[2023.02.15-01.43.13:652][  0]LogMemory: Platform Memory Stats for Windows
[2023.02.15-01.43.13:652][  0]LogMemory: Process Physical Memory: 148.07 MB used, 150.89 MB peak
[2023.02.15-01.43.13:652][  0]LogMemory: Process Virtual Memory: 129.85 MB used, 129.85 MB peak
[2023.02.15-01.43.13:652][  0]LogMemory: Physical Memory: 23858.59 MB used,  41588.18 MB free, 65446.76 MB total
[2023.02.15-01.43.13:652][  0]LogMemory: Virtual Memory: 134172912.00 MB used,  44818.59 MB free, 134217728.00 MB total
[2023.02.15-01.43.13:660][  0]LogWindows: WindowsPlatformFeatures enabled
[2023.02.15-01.43.13:816][  0]LogInit: Physics initialised using underlying interface: PhysX
[2023.02.15-01.43.13:817][  0]LogInit: Using OS detected language (en-US).
[2023.02.15-01.43.13:817][  0]LogInit: Using OS detected locale (en-CA).
[2023.02.15-01.43.13:826][  0]LogTextLocalizationManager: No specific localization for 'en-US' exists, so the 'en' localization will be used.
[2023.02.15-01.43.14:070][  0]LogInit: Setting process to per monitor DPI aware
[2023.02.15-01.43.14:100][  0]LogWindowsTextInputMethodSystem: Display: IME system deactivated.
[2023.02.15-01.43.14:126][  0]LogSlate: New Slate User Created.  User Index 0, Is Virtual User: 0
[2023.02.15-01.43.14:126][  0]LogSlate: Slate User Registered.  User Index 0, Is Virtual User: 0
[2023.02.15-01.43.14:365][  0]LogD3D11RHI: Loaded GFSDK_Aftermath_Lib.x64.dll
[2023.02.15-01.43.14:455][  0]LogHMD: Failed to initialize OpenVR with code 108
[2023.02.15-01.43.14:455][  0]LogD3D11RHI: D3D11 min allowed feature level: 11_0
[2023.02.15-01.43.14:455][  0]LogD3D11RHI: D3D11 max allowed feature level: 11_0
[2023.02.15-01.43.14:455][  0]LogD3D11RHI: D3D11 adapters:
[2023.02.15-01.43.14:601][  0]LogD3D11RHI:    0. 'NVIDIA GeForce GTX 1080' (Feature Level 11_0)
[2023.02.15-01.43.14:601][  0]LogD3D11RHI:       7988/0/32723 MB DedicatedVideo/DedicatedSystem/SharedSystem, Outputs:2, VendorId:0x10de
[2023.02.15-01.43.14:606][  0]LogD3D11RHI:    1. 'Microsoft Basic Render Driver' (Feature Level 11_0)
[2023.02.15-01.43.14:606][  0]LogD3D11RHI:       0/0/32723 MB DedicatedVideo/DedicatedSystem/SharedSystem, Outputs:0, VendorId:0x1414
[2023.02.15-01.43.14:606][  0]LogD3D11RHI: Chosen D3D11 Adapter:
[2023.02.15-01.43.14:606][  0]LogD3D11RHI:     Description : NVIDIA GeForce GTX 1080
[2023.02.15-01.43.14:607][  0]LogD3D11RHI:     VendorId    : 10de
[2023.02.15-01.43.14:607][  0]LogD3D11RHI:     DeviceId    : 1b80
[2023.02.15-01.43.14:607][  0]LogD3D11RHI:     SubSysId    : 85aa1043
[2023.02.15-01.43.14:607][  0]LogD3D11RHI:     Revision    : 00a1
[2023.02.15-01.43.14:607][  0]LogD3D11RHI:     DedicatedVideoMemory : 8376025088 bytes
[2023.02.15-01.43.14:607][  0]LogD3D11RHI:     DedicatedSystemMemory : 0 bytes
[2023.02.15-01.43.14:607][  0]LogD3D11RHI:     SharedSystemMemory : 34312951808 bytes
[2023.02.15-01.43.14:607][  0]LogD3D11RHI:     AdapterLuid : 0 76470
[2023.02.15-01.43.14:617][  0]LogD3D11RHI: Creating new Direct3DDevice
[2023.02.15-01.43.14:617][  0]LogD3D11RHI:     GPU DeviceId: 0x1b80 (for the marketing name, search the web for "GPU Device Id")
[2023.02.15-01.43.14:617][  0]LogWindows: EnumDisplayDevices:
[2023.02.15-01.43.14:617][  0]LogWindows:    0. 'NVIDIA GeForce GTX 1080' (P:1 D:1)
[2023.02.15-01.43.14:618][  0]LogWindows:    1. 'NVIDIA GeForce GTX 1080' (P:0 D:1)
[2023.02.15-01.43.14:618][  0]LogWindows:    2. 'NVIDIA GeForce GTX 1080' (P:0 D:0)
[2023.02.15-01.43.14:619][  0]LogWindows:    3. 'NVIDIA GeForce GTX 1080' (P:0 D:0)
[2023.02.15-01.43.14:619][  0]LogWindows: DebugString: FoundDriverCount:4 
[2023.02.15-01.43.14:619][  0]LogD3D11RHI:     Adapter Name: NVIDIA GeForce GTX 1080
[2023.02.15-01.43.14:619][  0]LogD3D11RHI:   Driver Version: 516.94 (internal:31.0.15.1694, unified:516.94)
[2023.02.15-01.43.14:619][  0]LogD3D11RHI:      Driver Date: 7-21-2022
[2023.02.15-01.43.14:619][  0]LogRHI: Texture pool is 5591 MB (70% of 7988 MB)
[2023.02.15-01.43.14:619][  0]LogD3D11RHI: Creating D3DDevice using adapter:
[2023.02.15-01.43.14:619][  0]LogD3D11RHI:     Description : NVIDIA GeForce GTX 1080
[2023.02.15-01.43.14:619][  0]LogD3D11RHI:     VendorId    : 10de
[2023.02.15-01.43.14:619][  0]LogD3D11RHI:     DeviceId    : 1b80
[2023.02.15-01.43.14:619][  0]LogD3D11RHI:     SubSysId    : 85aa1043
[2023.02.15-01.43.14:619][  0]LogD3D11RHI:     Revision    : 00a1
[2023.02.15-01.43.14:619][  0]LogD3D11RHI:     DedicatedVideoMemory : 8376025088 bytes
[2023.02.15-01.43.14:619][  0]LogD3D11RHI:     DedicatedSystemMemory : 0 bytes
[2023.02.15-01.43.14:619][  0]LogD3D11RHI:     SharedSystemMemory : 34312951808 bytes
[2023.02.15-01.43.14:620][  0]LogD3D11RHI:     AdapterLuid : 0 76470
[2023.02.15-01.43.14:715][  0]LogD3D11RHI: RHI has support for 64 bit atomics
[2023.02.15-01.43.14:715][  0]LogD3D11RHI: Async texture creation enabled
[2023.02.15-01.43.14:715][  0]LogD3D11RHI: Array index from any shader is supported
[2023.02.15-01.43.14:744][  0]LogD3D11RHI: GPU Timing Frequency: 1000.000000 (Debug: 2 1)
[2023.02.15-01.43.14:783][  0]LogRHI: GeForceNow SDK initialized: 1
[2023.02.15-01.43.15:121][  0]LogTargetPlatformManager: Display: Loaded TargetPlatform 'AllDesktop'
[2023.02.15-01.43.15:147][  0]LogTargetPlatformManager: Display: Loaded TargetPlatform 'Android'
[2023.02.15-01.43.15:147][  0]LogTargetPlatformManager: Display: Loaded TargetPlatform 'Android_ASTC'
[2023.02.15-01.43.15:147][  0]LogTargetPlatformManager: Display: Loaded TargetPlatform 'Android_DXT'
[2023.02.15-01.43.15:147][  0]LogTargetPlatformManager: Display: Loaded TargetPlatform 'Android_ETC2'
[2023.02.15-01.43.15:147][  0]LogTargetPlatformManager: Display: Loaded TargetPlatform 'AndroidClient'
[2023.02.15-01.43.15:147][  0]LogTargetPlatformManager: Display: Loaded TargetPlatform 'Android_ASTCClient'
[2023.02.15-01.43.15:147][  0]LogTargetPlatformManager: Display: Loaded TargetPlatform 'Android_DXTClient'
[2023.02.15-01.43.15:147][  0]LogTargetPlatformManager: Display: Loaded TargetPlatform 'Android_ETC2Client'
[2023.02.15-01.43.15:148][  0]LogTargetPlatformManager: Display: Loaded TargetPlatform 'Android_Multi'
[2023.02.15-01.43.15:148][  0]LogTargetPlatformManager: Display: Loaded TargetPlatform 'Android_MultiClient'
[2023.02.15-01.43.15:173][  0]LogTargetPlatformManager: Display: Loaded TargetPlatform 'IOSClient'
[2023.02.15-01.43.15:173][  0]LogTargetPlatformManager: Display: Loaded TargetPlatform 'IOS'
[2023.02.15-01.43.15:188][  0]LogTargetPlatformManager: Display: Loaded TargetPlatform 'Linux'
[2023.02.15-01.43.15:195][  0]LogTargetPlatformManager: Display: Loaded TargetPlatform 'LinuxNoEditor'
[2023.02.15-01.43.15:201][  0]LogTargetPlatformManager: Display: Loaded TargetPlatform 'LinuxClient'
[2023.02.15-01.43.15:207][  0]LogTargetPlatformManager: Display: Loaded TargetPlatform 'LinuxServer'
[2023.02.15-01.43.15:223][  0]LogTargetPlatformManager: Display: Loaded TargetPlatform 'LinuxAArch64NoEditor'
[2023.02.15-01.43.15:230][  0]LogTargetPlatformManager: Display: Loaded TargetPlatform 'LinuxAArch64Client'
[2023.02.15-01.43.15:235][  0]LogTargetPlatformManager: Display: Loaded TargetPlatform 'LinuxAArch64Server'
[2023.02.15-01.43.15:271][  0]LogTargetPlatformManager: Display: Loaded TargetPlatform 'Lumin'
[2023.02.15-01.43.15:271][  0]LogTargetPlatformManager: Display: Loaded TargetPlatform 'LuminClient'
[2023.02.15-01.43.15:285][  0]LogTargetPlatformManager: Display: Loaded TargetPlatform 'MacNoEditor'
[2023.02.15-01.43.15:291][  0]LogTargetPlatformManager: Display: Loaded TargetPlatform 'Mac'
[2023.02.15-01.43.15:297][  0]LogTargetPlatformManager: Display: Loaded TargetPlatform 'MacClient'
[2023.02.15-01.43.15:303][  0]LogTargetPlatformManager: Display: Loaded TargetPlatform 'MacServer'
[2023.02.15-01.43.15:317][  0]LogTargetPlatformManager: Display: Loaded TargetPlatform 'TVOSClient'
[2023.02.15-01.43.15:317][  0]LogTargetPlatformManager: Display: Loaded TargetPlatform 'TVOS'
[2023.02.15-01.43.15:330][  0]LogTargetPlatformManager: Display: Loaded TargetPlatform 'WindowsNoEditor'
[2023.02.15-01.43.15:337][  0]LogTargetPlatformManager: Display: Loaded TargetPlatform 'Windows'
[2023.02.15-01.43.15:343][  0]LogTargetPlatformManager: Display: Loaded TargetPlatform 'WindowsClient'
[2023.02.15-01.43.15:350][  0]LogTargetPlatformManager: Display: Loaded TargetPlatform 'WindowsServer'
[2023.02.15-01.43.15:350][  0]LogTargetPlatformManager: Display: Building Assets For Windows
[2023.02.15-01.43.15:364][  0]LogAudioDebug: Display: Lib vorbis DLL was dynamically loaded.
[2023.02.15-01.43.15:422][  0]LogTextureFormatOodle: Display: Oodle Texture 2.9.0 init RDO Off
[2023.02.15-01.43.15:479][  0]LogRendererCore: Ray tracing is disabled. Reason: r.RayTracing=0.
[2023.02.15-01.43.15:479][  0]LogShaderCompilers: Guid format shader working directory is -14 characters bigger than the processId version (D:/Programming/ElementalBrawl/ElementalBrawl/ElementalBrawl/Intermediate/Shaders/WorkingDirectory/32560/).
[2023.02.15-01.43.15:480][  0]LogShaderCompilers: Cleaned the shader compiler working directory 'C:/Users/orion/AppData/Local/Temp/UnrealShaderWorkingDir/7B87AEEA462B028EB8691AB02743331D/'.
[2023.02.15-01.43.15:480][  0]LogXGEController: Cannot use XGE Controller as Incredibuild is not installed on this machine.
[2023.02.15-01.43.15:480][  0]LogShaderCompilers: Cannot use XGE Shader Compiler as Incredibuild is not installed on this machine.
[2023.02.15-01.43.15:480][  0]LogShaderCompilers: Display: Using Local Shader Compiler.
[2023.02.15-01.43.16:244][  0]LogDerivedDataCache: Display: Max Cache Size: 512 MB
[2023.02.15-01.43.16:330][  0]LogDerivedDataCache: Loaded boot cache 0.08s 99MB C:/Users/orion/AppData/Local/UnrealEngine/4.27/DerivedDataCache/Boot.ddc.
[2023.02.15-01.43.16:330][  0]LogDerivedDataCache: Display: Loaded Boot cache: C:/Users/orion/AppData/Local/UnrealEngine/4.27/DerivedDataCache/Boot.ddc
[2023.02.15-01.43.16:330][  0]LogDerivedDataCache: FDerivedDataBackendGraph:  Pak pak cache file D:/Programming/ElementalBrawl/ElementalBrawl/ElementalBrawl/DerivedDataCache/DDC.ddp not found, will not use a pak cache.
[2023.02.15-01.43.16:330][  0]LogDerivedDataCache: Unable to find inner node Pak for hierarchical cache Hierarchy.
[2023.02.15-01.43.16:330][  0]LogDerivedDataCache: FDerivedDataBackendGraph:  CompressedPak pak cache file D:/Programming/ElementalBrawl/ElementalBrawl/ElementalBrawl/DerivedDataCache/Compressed.ddp not found, will not use a pak cache.
[2023.02.15-01.43.16:330][  0]LogDerivedDataCache: Unable to find inner node CompressedPak for hierarchical cache Hierarchy.
[2023.02.15-01.43.16:348][  0]LogDerivedDataCache: Display: Pak cache opened for reading ../../../Engine/DerivedDataCache/Compressed.ddp.
[2023.02.15-01.43.16:348][  0]LogDerivedDataCache: FDerivedDataBackendGraph:  EnterprisePak pak cache file ../../../Enterprise/DerivedDataCache/Compressed.ddp not found, will not use a pak cache.
[2023.02.15-01.43.16:348][  0]LogDerivedDataCache: Unable to find inner node EnterprisePak for hierarchical cache Hierarchy.
[2023.02.15-01.43.16:361][  0]LogDerivedDataCache: Speed tests for C:/Users/orion/AppData/Local/UnrealEngine/Common/DerivedDataCache took 0.01 seconds
[2023.02.15-01.43.16:361][  0]LogDerivedDataCache: Display: Performance to C:/Users/orion/AppData/Local/UnrealEngine/Common/DerivedDataCache: Latency=0.08ms. RandomReadSpeed=259.94MBs, RandomWriteSpeed=117.85MBs. Assigned SpeedClass 'Local'
[2023.02.15-01.43.16:363][  0]LogDerivedDataCache: Using Local data cache path C:/Users/orion/AppData/Local/UnrealEngine/Common/DerivedDataCache: Writable
[2023.02.15-01.43.16:363][  0]LogDerivedDataCache: Shared data cache path not found in *engine.ini, will not use an Shared cache.
[2023.02.15-01.43.16:363][  0]LogDerivedDataCache: Unable to find inner node Shared for hierarchical cache Hierarchy.
[2023.02.15-01.43.16:422][  0]LogSlate: Using FreeType 2.10.0
[2023.02.15-01.43.16:423][  0]LogSlate: SlateFontServices - WITH_FREETYPE: 1, WITH_HARFBUZZ: 1
[2023.02.15-01.43.16:456][  0]LogAssetRegistry: FAssetRegistry took 0.0043 seconds to start up
[2023.02.15-01.43.16:711][  0]LogInit: Selected Device Profile: [Windows]
[2023.02.15-01.43.16:711][  0]LogInit: Active device profile: [000001CD1F05E600][000001CD1E5BD440 49] Windows
[2023.02.15-01.43.16:711][  0]LogInit: Profiles: [000001CD1F05E600][000001CD1E5BD440 49] Windows, [000001CD1F014200][000001CD166135C0 49] WindowsNoEditor, [000001CD1F05EE00][000001CD1E945740 49] WindowsServer, [000001CD1F016A00][000001CD1E9498C0 49] WindowsClient, [000001CD1F05EF00][000001CD1E94DA40 49] IOS, [000001CD1F014F00][000001CD131C5BC0 49] iPadAir, [000001CD1F05F100][000001CD131C81C0 49] iPadAir2, [000001CD1EFC6000][000001CD131D0480 49] IPadPro, [000001CD1EFC6100][000001CD131CC4C0 49] iPadAir3, [000001CD1F05D000][000001CD131D4640 49] iPadAir4, [000001CD1EFC6200][000001CD1660E780 49] iPadMini2, [000001CD1F05FC00][000001CD131D88C0 49] iPadMini3, [000001CD1EFC5D00][000001CD131DCA00 49] iPadMini4, [000001CD1F05F400][000001CD131E0B40 49] iPadMini5, [000001CD1F005900][000001CD131ECE00 49] iPhone6, [000001CD1F005A00][000001CD131E8E40 49] iPodTouch6, [000001CD1EFC5900][000001CD131F5100 49] iPhone7, [000001CD1EFC5500][000001CD131F1140 49] iPodTouch7, [000001CD1F005E00][000001CD131F92C0 49] iPhone5S, [000001CD1EFC5700][000001CD131FD440 49] iPhone6Plus, [000001CD1F006100][000001CD132015C0 49] iPhone6S, [000001CD1EFC6E00][000001CD1664F740 49] iPhone6SPlus, [000001CD1F007D00][000001CD166538C0 49] iPhone7Plus, [000001CD1EFC6300][000001CD16657A40 49] iPhoneSE, [000001CD1F007A00][000001CD1665BBC0 49] iPhone8, [000001CD1EFC6400][000001CD1665E1C0 49] iPhone8Plus, [000001CD1F004400][000001CD16662340 49] iPhoneX, [000001CD1EFC7000][000001CD166664C0 49] iPhoneXS, [000001CD1F006900][000001CD1666A640 49] iPhoneXSMax, [000001CD1EFC4500][000001CD1666E7C0 49] iPhoneXR, [000001CD1F005200][000001CD16672940 49] iPhone11, [000001CD1EFC5100][000001CD131E4A80 49] iPhone11Pro, [000001CD1F004E00][000001CD16676BC0 49] iPhone11ProMax, [000001CD1EFC6500][000001CD1667AD00 49] iPhoneSE2, [000001CD1F005400][000001CD16682E80 49] iPhone12Mini, [000001CD1EFC5A00][000001CD16687000 49] iPhone12, [000001CD1F005300][000001CD1668B180 49] iPhone12Pro, [000001CD1EFC4900][000001CD1668F300 49] iPhone12ProMax, [000001CD1F007E00][000001CD1EBC3480 49] iPadPro105, [000001CD1EFC4300][000001CD1EBC7600 49] iPadPro129, [000001CD1F004600][000001CD1EBCB780 49] iPadPro97, [000001CD1EFC7400][000001CD1EBCF900 49] iPadPro2_129, [000001CD1F007F00][000001CD1EBD3A80 49] iPad5, [000001CD1EFC5300][000001CD1EBD7C00 49] iPad6, [000001CD1F007C00][000001CD1EBDA200 49] iPad7, [000001CD1EFC5800][000001CD1EBDE380 49] iPad8, [000001CD1F09C300][000001CD1EBE2500 49] iPadPro11, [000001CD1F015900][000001CD1EBE6680 49] iPadPro2_11, [000001CD1F09CA00][000001CD1EBEA800 49] iPadPro3_129, [000001CD1F017100][000001CD1EBEE980 49] iPadPro4_129, [000001CD1F09D600][000001CD1EBF2B00 49] AppleTV, [000001CD1F016800][000001CD1667EC40 49] AppleTV4K, [000001CD1F09C900][000001CD1EBF6D80 49] TVOS, [000001CD1F007500][000001CD1EBFAEC0 49] Mac, [000001CD1EFC7D00][000001CD1EC03040 49] MacClient, [000001CD1F007200][000001CD1EC071C0 49] MacNoEditor, [000001CD1EFC4800][000001CD1EC0B340 49] MacServer, [000001CD1F004300][000001CD1EC0F4C0 49] Linux, [000001CD1EFC7300][000001CD1EC13640 49] LinuxAArch64, [000001CD1F004B00][000001CD1EC177C0 49] LinuxNoEditor, [000001CD1EFC7F00][000001CD1EC1B940 49] LinuxAArch64NoEditor, [000001CD1F006600][000001CD1EC1FAC0 49] LinuxClient, [000001CD1EFC6A00][000001CD1EC220C0 49] LinuxAArch64Client, [000001CD1F007000][000001CD1EC26240 49] LinuxServer, [000001CD1EFC5600][000001CD1EC2A3C0 49] LinuxAArch64Server, [000001CD1F005D00][000001CD1EC2E540 49] Android, [000001CD1EFC6800][000001CD1EC326C0 49] Android_Low, [000001CD1F007B00][000001CD1EC36840 49] Android_Mid, [000001CD1EFC4600][000001CD1EC3A9C0 49] Android_High, [000001CD1F004D00][000001CD1EC3EB40 49] Android_Default, [000001CD1EFC7A00][000001CD1EC42CC0 49] Android_Adreno4xx, [000001CD1F007800][000001CD1EBFEE00 49] Android_Adreno5xx_Low, [000001CD1EFC4B00][000001CD1EC46F40 49] Android_Adreno5xx, [000001CD1F004100][000001CD1EC4B080 49] Android_Adreno6xx, [000001CD1EFC6900][000001CD1EC4F1C0 49] Android_Adreno6xx_Vulkan, [000001CD1F09D200][000001CD1EC57340 49] Android_Mali_T6xx, [000001CD1EFC4C00][000001CD1EC5B4C0 49] Android_Mali_T7xx, [000001CD1F09C400][000001CD1EC5F640 49] Android_Mali_T8xx, [000001CD1EFC5B00][000001CD1EC637C0 49] Android_Mali_G71, [000001CD1F006F00][000001CD1EC67940 49] Android_Mali_G72, [000001CD1EFC5200][000001CD1EC6BAC0 49] Android_Mali_G72_Vulkan, [000001CD1F007900][000001CD1EC6E0C0 49] Android_Mali_G76, [000001CD1EFC7100][000001CD1EC72240 49] Android_Mali_G76_Vulkan, [000001CD1F007400][000001CD1EC763C0 49] Android_Mali_G77, [000001CD1EFC5400][000001CD1EC7A540 49] Android_Mali_G77_Vulkan, [000001CD1F006500][000001CD1ED326C0 49] Android_Mali_G78, [000001CD1EFC6C00][000001CD1ED36840 49] Android_Mali_G78_Vulkan, [000001CD1F004200][000001CD1ED3E9C0 49] Android_Mali_G710, [000001CD1EFC7800][000001CD1ED46B40 49] Android_Mali_G710_Vulkan, [000001CD1F005100][000001CD1ED4ACC0 49] Android_Vulkan_SM5, [000001CD1EFC7B00][000001CD1ED4EE40 49] Android_PowerVR_G6xxx, [000001CD1F006B00][000001CD1EC52F80 49] Android_PowerVR_GT7xxx, [000001CD1EFC5000][000001CD1ED5B0C0 49] Android_PowerVR_GE8xxx, [000001CD1F007100][000001CD1ED53200 49] Android_PowerVR_GM9xxx, [000001CD1EFC4700][000001CD20115340 49] Android_PowerVR_GM9xxx_Vulkan, [000001CD1F006800][000001CD2011D4C0 49] Android_TegraK1, [000001CD1F015600][000001CD1E839640 49] Android_Unknown_Vulkan, [000001CD1F006E00][000001CD1E83D7C0 49] Lumin, [000001CD1F05FD00][000001CD1E8AF940 49] Lumin_Desktop, [000001CD1EFC6B00][000001CD1E8B3AC0 49] HoloLens, 
[2023.02.15-01.43.16:864][  0]LogMeshReduction: Using QuadricMeshReduction for automatic static mesh reduction
[2023.02.15-01.43.16:865][  0]LogMeshReduction: Using SimplygonMeshReduction for automatic skeletal mesh reduction
[2023.02.15-01.43.16:865][  0]LogMeshReduction: Using ProxyLODMeshReduction for automatic mesh merging
[2023.02.15-01.43.16:865][  0]LogMeshReduction: No distributed automatic mesh merging module available
[2023.02.15-01.43.16:865][  0]LogMeshMerging: No distributed automatic mesh merging module available
[2023.02.15-01.43.16:891][  0]LogNetVersion: ElementalBrawl 1.0.0, NetCL: 17155196, EngineNetVer: 17, GameNetVer: 0 (Checksum: 2805587885)
[2023.02.15-01.43.17:350][  0]LogTexture: Default maximum texture size for cubemaps generated from long-lat sources has been changed from 512 to unlimited. In order to preserve old behaiour for '/Engine/MapTemplates/Sky/DaylightAmbientCubemap.DaylightAmbientCubemap', its maximum texture size has been explicitly set to 512.
[2023.02.15-01.43.17:417][  0]LogHMD: PokeAHoleMaterial loaded successfully
[2023.02.15-01.43.17:422][  0]LogUObjectArray: 17178 objects as part of root set at end of initial load.
[2023.02.15-01.43.17:422][  0]LogUObjectAllocator: 4302048 out of 0 bytes used by permanent object pool.
[2023.02.15-01.43.17:422][  0]LogUObjectArray: CloseDisregardForGC: 0/0 objects in disregard for GC pool
[2023.02.15-01.43.17:932][  0]LogPython: Using Python 3.7.7
[2023.02.15-01.43.18:446][  0]LogUdpMessaging: Initializing bridge on interface 0.0.0.0:0 to multicast group 230.0.0.1:6666.
[2023.02.15-01.43.18:457][  0]LogTcpMessaging: Initializing TcpMessaging bridge
[2023.02.15-01.43.18:497][  0]LogNiagaraDebuggerClient: Niagara Debugger Client Initialized | Session: 4CB1A27946B5CB5B9A61F1843180289F | Instance: 1FDAAB7640E86135E1548281BCE7C2E7 (DESKTOP-2TM97B3-32560).
[2023.02.15-01.43.18:959][  0]SourceControl: Source control is disabled
[2023.02.15-01.43.18:959][  0]SourceControl: Source control is disabled
[2023.02.15-01.43.18:964][  0]SourceControl: Source control is disabled
[2023.02.15-01.43.18:968][  0]SourceControl: Source control is disabled
[2023.02.15-01.43.18:977][  0]SourceControl: Source control is disabled
[2023.02.15-01.43.18:987][  0]LogUProjectInfo: Found projects:
[2023.02.15-01.43.19:323][  0]LogOpenImageDenoise: OIDN starting up
[2023.02.15-01.43.19:362][  0]LogAndroidPermission: UAndroidPermissionCallbackProxy::GetInstance
[2023.02.15-01.43.19:385][  0]LogAudioCaptureCore: Display: No Audio Capture implementations found. Audio input will be silent.
[2023.02.15-01.43.19:385][  0]LogAudioCaptureCore: Display: No Audio Capture implementations found. Audio input will be silent.
[2023.02.15-01.43.19:573][  0]LogCollectionManager: Loaded 0 collections in 0.001742 seconds
[2023.02.15-01.43.19:611][  0]LogFileCache: Scanning file cache for directory 'D:/Programming/ElementalBrawl/ElementalBrawl/ElementalBrawl/Saved/Collections/' took 0.00s
[2023.02.15-01.43.19:611][  0]LogFileCache: Scanning file cache for directory 'D:/Programming/ElementalBrawl/ElementalBrawl/ElementalBrawl/Content/Developers/orion/Collections/' took 0.00s
[2023.02.15-01.43.19:611][  0]LogFileCache: Scanning file cache for directory 'D:/Programming/ElementalBrawl/ElementalBrawl/ElementalBrawl/Content/Collections/' took 0.00s
[2023.02.15-01.43.19:611][  0]LogOcInput: OculusInput pre-init called
[2023.02.15-01.43.19:865][  0]LogEngine: Initializing Engine...
[2023.02.15-01.43.19:962][  0]LogHMD: Failed to initialize OpenVR with code 108
[2023.02.15-01.43.19:988][  0]LogHMD: Optional extension XR_VARJO_quad_views is not available
[2023.02.15-01.43.19:988][  0]LogHMD: Warning: Required extension XR_EXT_eye_gaze_interaction is not available
[2023.02.15-01.43.19:988][  0]LogHMD: Could not enable all required OpenXR extensions for OpenXREyeTracker on current system. This plugin will be loaded but ignored, but will be enabled on a target platform that supports the required extension.
[2023.02.15-01.43.20:039][  0]LogHMD: Failed to create an OpenXR instance, result is XR_ERROR_RUNTIME_FAILURE. Please check if you have an OpenXR runtime installed. The following extensions were enabled:
[2023.02.15-01.43.20:039][  0]LogHMD: - XR_KHR_D3D11_enable
[2023.02.15-01.43.20:039][  0]LogHMD: - XR_KHR_D3D12_enable
[2023.02.15-01.43.20:039][  0]LogHMD: - XR_KHR_opengl_enable
[2023.02.15-01.43.20:039][  0]LogHMD: - XR_KHR_vulkan_enable
[2023.02.15-01.43.20:039][  0]LogHMD: - XR_KHR_composition_layer_depth
[2023.02.15-01.43.20:039][  0]LogHMD: - XR_KHR_visibility_mask
[2023.02.15-01.43.20:039][  0]LogHMD: - XR_EXT_hand_tracking
[2023.02.15-01.43.20:039][  0]LogMagicLeap: Warning: VR disabled because ZI is not enabled.  To enable, in the editor, Edit -> Project Settings -> Plugins -> Magic Leap Plugin -> Enable Zero Iteration
[2023.02.15-01.43.20:041][  0]LogStats: UGameplayTagsManager::InitializeManager -  0.000 s
[2023.02.15-01.43.20:171][  0]LogInit: Initializing FReadOnlyCVARCache
[2023.02.15-01.43.20:181][  0]LogAIModule: Creating AISystem for world Untitled
[2023.02.15-01.43.20:191][  0]LogAudio: Display: Initializing Audio Device Manager...
[2023.02.15-01.43.20:196][  0]LogAudio: Display: Loading Default Audio Settings Objects...
[2023.02.15-01.43.20:197][  0]LogAudio: Display: No default SoundConcurrencyObject specified (or failed to load).
[2023.02.15-01.43.20:197][  0]LogAudio: Display: Audio Device Manager Initialized
[2023.02.15-01.43.20:197][  0]LogAudio: Display: Creating Audio Device:                 Id: 1, Scope: Shared, Realtime: True
[2023.02.15-01.43.20:198][  0]LogAudioMixer: Display: Audio Mixer Platform Settings:
[2023.02.15-01.43.20:198][  0]LogAudioMixer: Display: 	Sample Rate:						  48000
[2023.02.15-01.43.20:198][  0]LogAudioMixer: Display: 	Callback Buffer Frame Size Requested: 1024
[2023.02.15-01.43.20:198][  0]LogAudioMixer: Display: 	Callback Buffer Frame Size To Use:	  1024
[2023.02.15-01.43.20:198][  0]LogAudioMixer: Display: 	Number of buffers to queue:			  2
[2023.02.15-01.43.20:198][  0]LogAudioMixer: Display: 	Max Channels (voices):				  32
[2023.02.15-01.43.20:198][  0]LogAudioMixer: Display: 	Number of Async Source Workers:		  0
[2023.02.15-01.43.20:198][  0]LogAudio: Display: AudioDevice MaxSources: 32
[2023.02.15-01.43.20:198][  0]LogAudio: Display: Audio Spatialization Plugin: None (built-in).
[2023.02.15-01.43.20:198][  0]LogAudio: Display: Audio Reverb Plugin: None (built-in).
[2023.02.15-01.43.20:199][  0]LogAudio: Display: Audio Occlusion Plugin: None (built-in).
[2023.02.15-01.43.20:199][  0]LogAudioMixer: Display: Initializing audio mixer.
[2023.02.15-01.43.20:232][  0]LogAudioMixer: Display: 0: FrontLeft
[2023.02.15-01.43.20:233][  0]LogAudioMixer: Display: 1: FrontRight
[2023.02.15-01.43.20:235][  0]LogAudioMixer: Display: 2: FrontCenter
[2023.02.15-01.43.20:235][  0]LogAudioMixer: Display: 3: LowFrequency
[2023.02.15-01.43.20:235][  0]LogAudioMixer: Display: 4: BackLeft
[2023.02.15-01.43.20:235][  0]LogAudioMixer: Display: 5: BackRight
[2023.02.15-01.43.20:235][  0]LogAudioMixer: Display: 6: SideLeft
[2023.02.15-01.43.20:235][  0]LogAudioMixer: Display: 7: SideRight
[2023.02.15-01.43.20:273][  0]LogAudioMixer: Display: Using Audio Device Speakers (Logitech G935/G933s Gaming Headset)
[2023.02.15-01.43.20:280][  0]LogAudioMixer: Display: Initializing Sound Submixes...
[2023.02.15-01.43.20:283][  0]LogAudioMixer: Display: Creating Master Submix 'MasterSubmixDefault'
[2023.02.15-01.43.20:284][  0]LogAudioMixer: Display: Creating Master Submix 'MasterReverbSubmixDefault'
[2023.02.15-01.43.20:285][  0]LogAudioMixer: Display: Creating Master Submix 'MasterEQSubmixDefault'
[2023.02.15-01.43.20:285][  0]LogAudioMixer: FMixerPlatformXAudio2::StartAudioStream() called
[2023.02.15-01.43.20:285][  0]LogAudioMixer: Display: Output buffers initialized: Frames=1024, Channels=8, Samples=8192
[2023.02.15-01.43.20:287][  0]LogAudioMixer: Display: Starting AudioMixerPlatformInterface::RunInternal()
[2023.02.15-01.43.20:287][  0]LogAudioMixer: Display: FMixerPlatformXAudio2::SubmitBuffer() called for the first time
[2023.02.15-01.43.20:287][  0]LogInit: FAudioDevice initialized.
[2023.02.15-01.43.20:287][  0]LogAudio: Display: Audio Device (ID: 1) registered with world 'Untitled'.
[2023.02.15-01.43.20:287][  0]LogNetVersion: Set ProjectVersion to 1.0.0.0. Version Checksum will be recalculated on next use.
[2023.02.15-01.43.20:364][  0]LogDerivedDataCache: Saved boot cache 0.08s 99MB C:/Users/orion/AppData/Local/UnrealEngine/4.27/DerivedDataCache/Boot.ddc.
[2023.02.15-01.43.20:365][  0]LogInit: Texture streaming: Enabled
[2023.02.15-01.43.20:384][  0]LogAnalytics: Display: [UEEditor.Rocket.Release] APIServer = https://datarouter.ol.epicgames.com/. AppVersion = 4.27.2-18319896+++UE4+Release-4.27
[2023.02.15-01.43.20:390][  0]LogEngineSessionManager: EngineSessionManager initialized
[2023.02.15-01.43.20:390][  0]LogEditorSessionSummary: Verbose: Initializing EditorSessionSummaryWriter for editor session tracking
[2023.02.15-01.43.20:393][  0]LogEditorSessionSummary: EditorSessionSummaryWriter initialized
[2023.02.15-01.43.20:417][  0]LogInit: Transaction tracking system initialized
[2023.02.15-01.43.20:450][  0]BlueprintLog: New page: Editor Load
[2023.02.15-01.43.20:535][  0]LocalizationService: Localization service is disabled
[2023.02.15-01.43.20:570][  0]TimingProfiler: Initialize
[2023.02.15-01.43.20:571][  0]TimingProfiler: OnSessionChanged
[2023.02.15-01.43.20:571][  0]LoadingProfiler: Initialize
[2023.02.15-01.43.20:571][  0]LoadingProfiler: OnSessionChanged
[2023.02.15-01.43.20:571][  0]NetworkingProfiler: Initialize
[2023.02.15-01.43.20:571][  0]NetworkingProfiler: OnSessionChanged
[2023.02.15-01.43.20:571][  0]MemoryProfiler: Initialize
[2023.02.15-01.43.20:571][  0]MemoryProfiler: OnSessionChanged
[2023.02.15-01.43.20:781][  0]LogCook: Display: CookSettings for Memory: MemoryMaxUsedVirtual 0MiB, MemoryMaxUsedPhysical 16384MiB, MemoryMinFreeVirtual 0MiB, MemoryMinFreePhysical 1024MiB
[2023.02.15-01.43.20:781][  0]LogCook: Display: Mobile HDR setting 1
[2023.02.15-01.43.21:060][  0]LogFileCache: Scanning file cache for directory 'D:/Programming/ElementalBrawl/ElementalBrawl/ElementalBrawl/Content/' took 0.01s
[2023.02.15-01.43.21:271][  0]LogInit: Display: Engine is initialized. Leaving FEngineLoop::Init()
[2023.02.15-01.43.21:278][  0]SourceControl: Source control is disabled
[2023.02.15-01.43.21:279][  0]LogUnrealEdMisc: Loading editor; pre map load, took 10.612
[2023.02.15-01.43.21:279][  0]Cmd: MAP LOAD FILE="D:/Programming/ElementalBrawl/ElementalBrawl/ElementalBrawl/Content/FirstPersonCPP/Maps/FirstPersonExampleMap.umap" TEMPLATE=0 SHOWPROGRESS=1 FEATURELEVEL=3
[2023.02.15-01.43.21:280][  0]LightingResults: New page: Lighting Build
[2023.02.15-01.43.21:282][  0]LogWorld: UWorld::CleanupWorld for Untitled, bSessionEnded=true, bCleanupResources=true
[2023.02.15-01.43.21:283][  0]LogSlate: InvalidateAllWidgets triggered.  All widgets were invalidated
[2023.02.15-01.43.21:283][  0]MapCheck: New page: Map Check
[2023.02.15-01.43.21:284][  0]LightingResults: New page: Lighting Build
[2023.02.15-01.43.21:289][  0]LogAudio: Display: Audio Device unregistered from world 'None'.
[2023.02.15-01.43.21:293][  0]LogUObjectHash: Compacting FUObjectHashTables data took   0.89ms
[2023.02.15-01.43.21:408][  0]LogAudio: Display: Audio Device (ID: 1) registered with world 'FirstPersonExampleMap'.
[2023.02.15-01.43.21:410][  0]LogAIModule: Creating AISystem for world FirstPersonExampleMap
[2023.02.15-01.43.21:417][  0]LogEditorServer: Finished looking for orphan Actors (0.000 secs)
[2023.02.15-01.43.21:446][  0]LogUObjectHash: Compacting FUObjectHashTables data took   0.90ms
[2023.02.15-01.43.21:446][  0]Cmd: MAP CHECKDEP NOCLEARLOG
[2023.02.15-01.43.21:446][  0]MapCheck: Map check complete: 0 Error(s), 0 Warning(s), took 0.134ms to complete.
[2023.02.15-01.43.21:447][  0]LogFileHelpers: Loading map 'FirstPersonExampleMap' took 0.168
[2023.02.15-01.43.21:450][  0]LogUnrealEdMisc: Total Editor Startup Time, took 10.783
[2023.02.15-01.43.21:593][  0]LogSlate: Updating window title bar state: overlay mode, drag disabled, window buttons hidden, title bar hidden
[2023.02.15-01.43.21:600][  0]LogSlate: Updating window title bar state: overlay mode, drag disabled, window buttons hidden, title bar hidden
[2023.02.15-01.43.21:606][  0]LogSlate: Updating window title bar state: overlay mode, drag disabled, window buttons hidden, title bar hidden
[2023.02.15-01.43.21:614][  0]LogSlate: Updating window title bar state: overlay mode, drag disabled, window buttons hidden, title bar hidden
[2023.02.15-01.43.21:635][  0]LogNativeClassHierarchy: Verbose: Native class hierarchy populated in 0.0134 seconds. Added 3838 classes and 931 folders.
[2023.02.15-01.43.21:637][  0]LogNativeClassHierarchy: Verbose: Native class hierarchy updated for 'WidgetCarousel' in 0.0003 seconds. Added 0 classes and 0 folders.
[2023.02.15-01.43.21:639][  0]LogPakFile: PakFile PrimaryIndexSize=187
[2023.02.15-01.43.21:640][  0]LogPakFile: PakFile PathHashIndexSize=101
[2023.02.15-01.43.21:640][  0]LogPakFile: PakFile FullDirectoryIndexSize=148
[2023.02.15-01.43.21:640][  0]LogShaderLibrary: Display: ShaderCodeLibraryPakFileMountedCallback: PakFile 'C:/Program Files/Epic Games/UE_4.27/FeaturePacks/FP_FirstPerson.upack' (chunk index -1, root 'root:/') mounted
[2023.02.15-01.43.21:640][  0]LogShaderLibrary: Display: ShaderCodeLibraryPakFileMountedCallback: pending pak file info (ChunkID:-1 Root:root:/ File:C:/Program Files/Epic Games/UE_4.27/FeaturePacks/FP_FirstPerson.upack)
[2023.02.15-01.43.21:640][  0]LogPakFile: OnPakFileMounted2Time == 0.000178
[2023.02.15-01.43.21:641][  0]LogPakFile: PakFile PrimaryIndexSize=189
[2023.02.15-01.43.21:641][  0]LogPakFile: PakFile PathHashIndexSize=101
[2023.02.15-01.43.21:641][  0]LogPakFile: PakFile FullDirectoryIndexSize=152
[2023.02.15-01.43.21:641][  0]LogShaderLibrary: Display: ShaderCodeLibraryPakFileMountedCallback: PakFile 'C:/Program Files/Epic Games/UE_4.27/FeaturePacks/FP_FirstPersonBP.upack' (chunk index -1, root 'root:/') mounted
[2023.02.15-01.43.21:641][  0]LogShaderLibrary: Display: ShaderCodeLibraryPakFileMountedCallback: pending pak file info (ChunkID:-1 Root:root:/ File:C:/Program Files/Epic Games/UE_4.27/FeaturePacks/FP_FirstPersonBP.upack)
[2023.02.15-01.43.21:642][  0]LogPakFile: OnPakFileMounted2Time == 0.000178
[2023.02.15-01.43.21:643][  0]LogPakFile: PakFile PrimaryIndexSize=191
[2023.02.15-01.43.21:643][  0]LogPakFile: PakFile PathHashIndexSize=101
[2023.02.15-01.43.21:643][  0]LogPakFile: PakFile FullDirectoryIndexSize=160
[2023.02.15-01.43.21:643][  0]LogShaderLibrary: Display: ShaderCodeLibraryPakFileMountedCallback: PakFile 'C:/Program Files/Epic Games/UE_4.27/FeaturePacks/MobileStarterContent.upack' (chunk index -1, root 'root:/') mounted
[2023.02.15-01.43.21:643][  0]LogShaderLibrary: Display: ShaderCodeLibraryPakFileMountedCallback: pending pak file info (ChunkID:-1 Root:root:/ File:C:/Program Files/Epic Games/UE_4.27/FeaturePacks/MobileStarterContent.upack)
[2023.02.15-01.43.21:643][  0]LogPakFile: OnPakFileMounted2Time == 0.000154
[2023.02.15-01.43.21:646][  0]LogPakFile: PakFile PrimaryIndexSize=185
[2023.02.15-01.43.21:646][  0]LogPakFile: PakFile PathHashIndexSize=101
[2023.02.15-01.43.21:646][  0]LogPakFile: PakFile FullDirectoryIndexSize=148
[2023.02.15-01.43.21:646][  0]LogShaderLibrary: Display: ShaderCodeLibraryPakFileMountedCallback: PakFile 'C:/Program Files/Epic Games/UE_4.27/FeaturePacks/StarterContent.upack' (chunk index -1, root 'root:/') mounted
[2023.02.15-01.43.21:646][  0]LogShaderLibrary: Display: ShaderCodeLibraryPakFileMountedCallback: pending pak file info (ChunkID:-1 Root:root:/ File:C:/Program Files/Epic Games/UE_4.27/FeaturePacks/StarterContent.upack)
[2023.02.15-01.43.21:646][  0]LogPakFile: OnPakFileMounted2Time == 0.000159
[2023.02.15-01.43.21:647][  0]LogPakFile: PakFile PrimaryIndexSize=190
[2023.02.15-01.43.21:647][  0]LogPakFile: PakFile PathHashIndexSize=101
[2023.02.15-01.43.21:647][  0]LogPakFile: PakFile FullDirectoryIndexSize=154
[2023.02.15-01.43.21:647][  0]LogShaderLibrary: Display: ShaderCodeLibraryPakFileMountedCallback: PakFile 'C:/Program Files/Epic Games/UE_4.27/FeaturePacks/TP_2DSideScroller.upack' (chunk index -1, root 'root:/') mounted
[2023.02.15-01.43.21:647][  0]LogShaderLibrary: Display: ShaderCodeLibraryPakFileMountedCallback: pending pak file info (ChunkID:-1 Root:root:/ File:C:/Program Files/Epic Games/UE_4.27/FeaturePacks/TP_2DSideScroller.upack)
[2023.02.15-01.43.21:648][  0]LogPakFile: OnPakFileMounted2Time == 0.000154
[2023.02.15-01.43.21:649][  0]LogPakFile: PakFile PrimaryIndexSize=192
[2023.02.15-01.43.21:649][  0]LogPakFile: PakFile PathHashIndexSize=101
[2023.02.15-01.43.21:649][  0]LogPakFile: PakFile FullDirectoryIndexSize=158
[2023.02.15-01.43.21:649][  0]LogShaderLibrary: Display: ShaderCodeLibraryPakFileMountedCallback: PakFile 'C:/Program Files/Epic Games/UE_4.27/FeaturePacks/TP_2DSideScrollerBP.upack' (chunk index -1, root 'root:/') mounted
[2023.02.15-01.43.21:649][  0]LogShaderLibrary: Display: ShaderCodeLibraryPakFileMountedCallback: pending pak file info (ChunkID:-1 Root:root:/ File:C:/Program Files/Epic Games/UE_4.27/FeaturePacks/TP_2DSideScrollerBP.upack)
[2023.02.15-01.43.21:649][  0]LogPakFile: OnPakFileMounted2Time == 0.000189
[2023.02.15-01.43.21:651][  0]LogPakFile: PakFile PrimaryIndexSize=182
[2023.02.15-01.43.21:651][  0]LogPakFile: PakFile PathHashIndexSize=101
[2023.02.15-01.43.21:651][  0]LogPakFile: PakFile FullDirectoryIndexSize=138
[2023.02.15-01.43.21:651][  0]LogShaderLibrary: Display: ShaderCodeLibraryPakFileMountedCallback: PakFile 'C:/Program Files/Epic Games/UE_4.27/FeaturePacks/TP_Flying.upack' (chunk index -1, root 'root:/') mounted
[2023.02.15-01.43.21:651][  0]LogShaderLibrary: Display: ShaderCodeLibraryPakFileMountedCallback: pending pak file info (ChunkID:-1 Root:root:/ File:C:/Program Files/Epic Games/UE_4.27/FeaturePacks/TP_Flying.upack)
[2023.02.15-01.43.21:651][  0]LogPakFile: OnPakFileMounted2Time == 0.000175
[2023.02.15-01.43.21:652][  0]LogPakFile: PakFile PrimaryIndexSize=184
[2023.02.15-01.43.21:653][  0]LogPakFile: PakFile PathHashIndexSize=101
[2023.02.15-01.43.21:653][  0]LogPakFile: PakFile FullDirectoryIndexSize=142
[2023.02.15-01.43.21:653][  0]LogShaderLibrary: Display: ShaderCodeLibraryPakFileMountedCallback: PakFile 'C:/Program Files/Epic Games/UE_4.27/FeaturePacks/TP_FlyingBP.upack' (chunk index -1, root 'root:/') mounted
[2023.02.15-01.43.21:653][  0]LogShaderLibrary: Display: ShaderCodeLibraryPakFileMountedCallback: pending pak file info (ChunkID:-1 Root:root:/ File:C:/Program Files/Epic Games/UE_4.27/FeaturePacks/TP_FlyingBP.upack)
[2023.02.15-01.43.21:653][  0]LogPakFile: OnPakFileMounted2Time == 0.000165
[2023.02.15-01.43.21:654][  0]LogPakFile: PakFile PrimaryIndexSize=188
[2023.02.15-01.43.21:654][  0]LogPakFile: PakFile PathHashIndexSize=101
[2023.02.15-01.43.21:654][  0]LogPakFile: PakFile FullDirectoryIndexSize=150
[2023.02.15-01.43.21:654][  0]LogShaderLibrary: Display: ShaderCodeLibraryPakFileMountedCallback: PakFile 'C:/Program Files/Epic Games/UE_4.27/FeaturePacks/TP_HandheldARBP.upack' (chunk index -1, root 'root:/') mounted
[2023.02.15-01.43.21:654][  0]LogShaderLibrary: Display: ShaderCodeLibraryPakFileMountedCallback: pending pak file info (ChunkID:-1 Root:root:/ File:C:/Program Files/Epic Games/UE_4.27/FeaturePacks/TP_HandheldARBP.upack)
[2023.02.15-01.43.21:654][  0]LogPakFile: OnPakFileMounted2Time == 0.000167
[2023.02.15-01.43.21:656][  0]LogPakFile: PakFile PrimaryIndexSize=182
[2023.02.15-01.43.21:656][  0]LogPakFile: PakFile PathHashIndexSize=101
[2023.02.15-01.43.21:656][  0]LogPakFile: PakFile FullDirectoryIndexSize=138
[2023.02.15-01.43.21:656][  0]LogShaderLibrary: Display: ShaderCodeLibraryPakFileMountedCallback: PakFile 'C:/Program Files/Epic Games/UE_4.27/FeaturePacks/TP_Puzzle.upack' (chunk index -1, root 'root:/') mounted
[2023.02.15-01.43.21:656][  0]LogShaderLibrary: Display: ShaderCodeLibraryPakFileMountedCallback: pending pak file info (ChunkID:-1 Root:root:/ File:C:/Program Files/Epic Games/UE_4.27/FeaturePacks/TP_Puzzle.upack)
[2023.02.15-01.43.21:656][  0]LogPakFile: OnPakFileMounted2Time == 0.000175
[2023.02.15-01.43.21:658][  0]LogPakFile: PakFile PrimaryIndexSize=184
[2023.02.15-01.43.21:658][  0]LogPakFile: PakFile PathHashIndexSize=101
[2023.02.15-01.43.21:658][  0]LogPakFile: PakFile FullDirectoryIndexSize=142
[2023.02.15-01.43.21:658][  0]LogShaderLibrary: Display: ShaderCodeLibraryPakFileMountedCallback: PakFile 'C:/Program Files/Epic Games/UE_4.27/FeaturePacks/TP_PuzzleBP.upack' (chunk index -1, root 'root:/') mounted
[2023.02.15-01.43.21:658][  0]LogShaderLibrary: Display: ShaderCodeLibraryPakFileMountedCallback: pending pak file info (ChunkID:-1 Root:root:/ File:C:/Program Files/Epic Games/UE_4.27/FeaturePacks/TP_PuzzleBP.upack)
[2023.02.15-01.43.21:658][  0]LogPakFile: OnPakFileMounted2Time == 0.000180
[2023.02.15-01.43.21:659][  0]LogPakFile: PakFile PrimaryIndexSize=183
[2023.02.15-01.43.21:659][  0]LogPakFile: PakFile PathHashIndexSize=101
[2023.02.15-01.43.21:660][  0]LogPakFile: PakFile FullDirectoryIndexSize=140
[2023.02.15-01.43.21:660][  0]LogShaderLibrary: Display: ShaderCodeLibraryPakFileMountedCallback: PakFile 'C:/Program Files/Epic Games/UE_4.27/FeaturePacks/TP_Rolling.upack' (chunk index -1, root 'root:/') mounted
[2023.02.15-01.43.21:660][  0]LogShaderLibrary: Display: ShaderCodeLibraryPakFileMountedCallback: pending pak file info (ChunkID:-1 Root:root:/ File:C:/Program Files/Epic Games/UE_4.27/FeaturePacks/TP_Rolling.upack)
[2023.02.15-01.43.21:660][  0]LogPakFile: OnPakFileMounted2Time == 0.000192
[2023.02.15-01.43.21:661][  0]LogPakFile: PakFile PrimaryIndexSize=185
[2023.02.15-01.43.21:661][  0]LogPakFile: PakFile PathHashIndexSize=101
[2023.02.15-01.43.21:661][  0]LogPakFile: PakFile FullDirectoryIndexSize=144
[2023.02.15-01.43.21:661][  0]LogShaderLibrary: Display: ShaderCodeLibraryPakFileMountedCallback: PakFile 'C:/Program Files/Epic Games/UE_4.27/FeaturePacks/TP_RollingBP.upack' (chunk index -1, root 'root:/') mounted
[2023.02.15-01.43.21:662][  0]LogShaderLibrary: Display: ShaderCodeLibraryPakFileMountedCallback: pending pak file info (ChunkID:-1 Root:root:/ File:C:/Program Files/Epic Games/UE_4.27/FeaturePacks/TP_RollingBP.upack)
[2023.02.15-01.43.21:662][  0]LogPakFile: OnPakFileMounted2Time == 0.000184
[2023.02.15-01.43.21:663][  0]LogPakFile: PakFile PrimaryIndexSize=188
[2023.02.15-01.43.21:663][  0]LogPakFile: PakFile PathHashIndexSize=101
[2023.02.15-01.43.21:663][  0]LogPakFile: PakFile FullDirectoryIndexSize=150
[2023.02.15-01.43.21:663][  0]LogShaderLibrary: Display: ShaderCodeLibraryPakFileMountedCallback: PakFile 'C:/Program Files/Epic Games/UE_4.27/FeaturePacks/TP_SideScroller.upack' (chunk index -1, root 'root:/') mounted
[2023.02.15-01.43.21:663][  0]LogShaderLibrary: Display: ShaderCodeLibraryPakFileMountedCallback: pending pak file info (ChunkID:-1 Root:root:/ File:C:/Program Files/Epic Games/UE_4.27/FeaturePacks/TP_SideScroller.upack)
[2023.02.15-01.43.21:663][  0]LogPakFile: OnPakFileMounted2Time == 0.000158
[2023.02.15-01.43.21:664][  0]LogPakFile: PakFile PrimaryIndexSize=190
[2023.02.15-01.43.21:665][  0]LogPakFile: PakFile PathHashIndexSize=101
[2023.02.15-01.43.21:665][  0]LogPakFile: PakFile FullDirectoryIndexSize=154
[2023.02.15-01.43.21:665][  0]LogShaderLibrary: Display: ShaderCodeLibraryPakFileMountedCallback: PakFile 'C:/Program Files/Epic Games/UE_4.27/FeaturePacks/TP_SideScrollerBP.upack' (chunk index -1, root 'root:/') mounted
[2023.02.15-01.43.21:665][  0]LogShaderLibrary: Display: ShaderCodeLibraryPakFileMountedCallback: pending pak file info (ChunkID:-1 Root:root:/ File:C:/Program Files/Epic Games/UE_4.27/FeaturePacks/TP_SideScrollerBP.upack)
[2023.02.15-01.43.21:665][  0]LogPakFile: OnPakFileMounted2Time == 0.000171
[2023.02.15-01.43.21:666][  0]LogPakFile: PakFile PrimaryIndexSize=187
[2023.02.15-01.43.21:666][  0]LogPakFile: PakFile PathHashIndexSize=101
[2023.02.15-01.43.21:666][  0]LogPakFile: PakFile FullDirectoryIndexSize=148
[2023.02.15-01.43.21:666][  0]LogShaderLibrary: Display: ShaderCodeLibraryPakFileMountedCallback: PakFile 'C:/Program Files/Epic Games/UE_4.27/FeaturePacks/TP_ThirdPerson.upack' (chunk index -1, root 'root:/') mounted
[2023.02.15-01.43.21:666][  0]LogShaderLibrary: Display: ShaderCodeLibraryPakFileMountedCallback: pending pak file info (ChunkID:-1 Root:root:/ File:C:/Program Files/Epic Games/UE_4.27/FeaturePacks/TP_ThirdPerson.upack)
[2023.02.15-01.43.21:666][  0]LogPakFile: OnPakFileMounted2Time == 0.000144
[2023.02.15-01.43.21:668][  0]LogPakFile: PakFile PrimaryIndexSize=189
[2023.02.15-01.43.21:668][  0]LogPakFile: PakFile PathHashIndexSize=101
[2023.02.15-01.43.21:668][  0]LogPakFile: PakFile FullDirectoryIndexSize=152
[2023.02.15-01.43.21:668][  0]LogShaderLibrary: Display: ShaderCodeLibraryPakFileMountedCallback: PakFile 'C:/Program Files/Epic Games/UE_4.27/FeaturePacks/TP_ThirdPersonBP.upack' (chunk index -1, root 'root:/') mounted
[2023.02.15-01.43.21:668][  0]LogShaderLibrary: Display: ShaderCodeLibraryPakFileMountedCallback: pending pak file info (ChunkID:-1 Root:root:/ File:C:/Program Files/Epic Games/UE_4.27/FeaturePacks/TP_ThirdPersonBP.upack)
[2023.02.15-01.43.21:668][  0]LogPakFile: OnPakFileMounted2Time == 0.000152
[2023.02.15-01.43.21:670][  0]LogPakFile: PakFile PrimaryIndexSize=183
[2023.02.15-01.43.21:670][  0]LogPakFile: PakFile PathHashIndexSize=101
[2023.02.15-01.43.21:670][  0]LogPakFile: PakFile FullDirectoryIndexSize=140
[2023.02.15-01.43.21:670][  0]LogShaderLibrary: Display: ShaderCodeLibraryPakFileMountedCallback: PakFile 'C:/Program Files/Epic Games/UE_4.27/FeaturePacks/TP_TopDown.upack' (chunk index -1, root 'root:/') mounted
[2023.02.15-01.43.21:670][  0]LogShaderLibrary: Display: ShaderCodeLibraryPakFileMountedCallback: pending pak file info (ChunkID:-1 Root:root:/ File:C:/Program Files/Epic Games/UE_4.27/FeaturePacks/TP_TopDown.upack)
[2023.02.15-01.43.21:670][  0]LogPakFile: OnPakFileMounted2Time == 0.000212
[2023.02.15-01.43.21:671][  0]LogPakFile: PakFile PrimaryIndexSize=185
[2023.02.15-01.43.21:671][  0]LogPakFile: PakFile PathHashIndexSize=101
[2023.02.15-01.43.21:672][  0]LogPakFile: PakFile FullDirectoryIndexSize=144
[2023.02.15-01.43.21:672][  0]LogShaderLibrary: Display: ShaderCodeLibraryPakFileMountedCallback: PakFile 'C:/Program Files/Epic Games/UE_4.27/FeaturePacks/TP_TopDownBP.upack' (chunk index -1, root 'root:/') mounted
[2023.02.15-01.43.21:672][  0]LogShaderLibrary: Display: ShaderCodeLibraryPakFileMountedCallback: pending pak file info (ChunkID:-1 Root:root:/ File:C:/Program Files/Epic Games/UE_4.27/FeaturePacks/TP_TopDownBP.upack)
[2023.02.15-01.43.21:672][  0]LogPakFile: OnPakFileMounted2Time == 0.000200
[2023.02.15-01.43.21:673][  0]LogPakFile: PakFile PrimaryIndexSize=185
[2023.02.15-01.43.21:673][  0]LogPakFile: PakFile PathHashIndexSize=101
[2023.02.15-01.43.21:673][  0]LogPakFile: PakFile FullDirectoryIndexSize=144
[2023.02.15-01.43.21:673][  0]LogShaderLibrary: Display: ShaderCodeLibraryPakFileMountedCallback: PakFile 'C:/Program Files/Epic Games/UE_4.27/FeaturePacks/TP_TwinStick.upack' (chunk index -1, root 'root:/') mounted
[2023.02.15-01.43.21:673][  0]LogShaderLibrary: Display: ShaderCodeLibraryPakFileMountedCallback: pending pak file info (ChunkID:-1 Root:root:/ File:C:/Program Files/Epic Games/UE_4.27/FeaturePacks/TP_TwinStick.upack)
[2023.02.15-01.43.21:674][  0]LogPakFile: OnPakFileMounted2Time == 0.000211
[2023.02.15-01.43.21:674][  0]LogPakFile: PakFile PrimaryIndexSize=187
[2023.02.15-01.43.21:674][  0]LogPakFile: PakFile PathHashIndexSize=101
[2023.02.15-01.43.21:674][  0]LogPakFile: PakFile FullDirectoryIndexSize=148
[2023.02.15-01.43.21:674][  0]LogShaderLibrary: Display: ShaderCodeLibraryPakFileMountedCallback: PakFile 'C:/Program Files/Epic Games/UE_4.27/FeaturePacks/TP_TwinStickBP.upack' (chunk index -1, root 'root:/') mounted
[2023.02.15-01.43.21:675][  0]LogShaderLibrary: Display: ShaderCodeLibraryPakFileMountedCallback: pending pak file info (ChunkID:-1 Root:root:/ File:C:/Program Files/Epic Games/UE_4.27/FeaturePacks/TP_TwinStickBP.upack)
[2023.02.15-01.43.21:675][  0]LogPakFile: OnPakFileMounted2Time == 0.000192
[2023.02.15-01.43.21:676][  0]LogPakFile: PakFile PrimaryIndexSize=183
[2023.02.15-01.43.21:677][  0]LogPakFile: PakFile PathHashIndexSize=101
[2023.02.15-01.43.21:677][  0]LogPakFile: PakFile FullDirectoryIndexSize=140
[2023.02.15-01.43.21:677][  0]LogShaderLibrary: Display: ShaderCodeLibraryPakFileMountedCallback: PakFile 'C:/Program Files/Epic Games/UE_4.27/FeaturePacks/TP_Vehicle.upack' (chunk index -1, root 'root:/') mounted
[2023.02.15-01.43.21:677][  0]LogShaderLibrary: Display: ShaderCodeLibraryPakFileMountedCallback: pending pak file info (ChunkID:-1 Root:root:/ File:C:/Program Files/Epic Games/UE_4.27/FeaturePacks/TP_Vehicle.upack)
[2023.02.15-01.43.21:677][  0]LogPakFile: OnPakFileMounted2Time == 0.000176
[2023.02.15-01.43.21:678][  0]LogPakFile: PakFile PrimaryIndexSize=186
[2023.02.15-01.43.21:678][  0]LogPakFile: PakFile PathHashIndexSize=101
[2023.02.15-01.43.21:678][  0]LogPakFile: PakFile FullDirectoryIndexSize=146
[2023.02.15-01.43.21:679][  0]LogShaderLibrary: Display: ShaderCodeLibraryPakFileMountedCallback: PakFile 'C:/Program Files/Epic Games/UE_4.27/FeaturePacks/TP_VehicleAdv.upack' (chunk index -1, root 'root:/') mounted
[2023.02.15-01.43.21:679][  0]LogShaderLibrary: Display: ShaderCodeLibraryPakFileMountedCallback: pending pak file info (ChunkID:-1 Root:root:/ File:C:/Program Files/Epic Games/UE_4.27/FeaturePacks/TP_VehicleAdv.upack)
[2023.02.15-01.43.21:679][  0]LogPakFile: OnPakFileMounted2Time == 0.000223
[2023.02.15-01.43.21:681][  0]LogPakFile: PakFile PrimaryIndexSize=188
[2023.02.15-01.43.21:681][  0]LogPakFile: PakFile PathHashIndexSize=101
[2023.02.15-01.43.21:681][  0]LogPakFile: PakFile FullDirectoryIndexSize=150
[2023.02.15-01.43.21:681][  0]LogShaderLibrary: Display: ShaderCodeLibraryPakFileMountedCallback: PakFile 'C:/Program Files/Epic Games/UE_4.27/FeaturePacks/TP_VehicleAdvBP.upack' (chunk index -1, root 'root:/') mounted
[2023.02.15-01.43.21:681][  0]LogShaderLibrary: Display: ShaderCodeLibraryPakFileMountedCallback: pending pak file info (ChunkID:-1 Root:root:/ File:C:/Program Files/Epic Games/UE_4.27/FeaturePacks/TP_VehicleAdvBP.upack)
[2023.02.15-01.43.21:681][  0]LogPakFile: OnPakFileMounted2Time == 0.000182
[2023.02.15-01.43.21:683][  0]LogPakFile: PakFile PrimaryIndexSize=185
[2023.02.15-01.43.21:683][  0]LogPakFile: PakFile PathHashIndexSize=101
[2023.02.15-01.43.21:683][  0]LogPakFile: PakFile FullDirectoryIndexSize=144
[2023.02.15-01.43.21:683][  0]LogShaderLibrary: Display: ShaderCodeLibraryPakFileMountedCallback: PakFile 'C:/Program Files/Epic Games/UE_4.27/FeaturePacks/TP_VehicleBP.upack' (chunk index -1, root 'root:/') mounted
[2023.02.15-01.43.21:683][  0]LogShaderLibrary: Display: ShaderCodeLibraryPakFileMountedCallback: pending pak file info (ChunkID:-1 Root:root:/ File:C:/Program Files/Epic Games/UE_4.27/FeaturePacks/TP_VehicleBP.upack)
[2023.02.15-01.43.21:683][  0]LogPakFile: OnPakFileMounted2Time == 0.000162
[2023.02.15-01.43.21:684][  0]LogPakFile: PakFile PrimaryIndexSize=192
[2023.02.15-01.43.21:684][  0]LogPakFile: PakFile PathHashIndexSize=101
[2023.02.15-01.43.21:684][  0]LogPakFile: PakFile FullDirectoryIndexSize=158
[2023.02.15-01.43.21:685][  0]LogShaderLibrary: Display: ShaderCodeLibraryPakFileMountedCallback: PakFile 'C:/Program Files/Epic Games/UE_4.27/FeaturePacks/TP_VirtualRealityBP.upack' (chunk index -1, root 'root:/') mounted
[2023.02.15-01.43.21:685][  0]LogShaderLibrary: Display: ShaderCodeLibraryPakFileMountedCallback: pending pak file info (ChunkID:-1 Root:root:/ File:C:/Program Files/Epic Games/UE_4.27/FeaturePacks/TP_VirtualRealityBP.upack)
[2023.02.15-01.43.21:685][  0]LogPakFile: OnPakFileMounted2Time == 0.000213
[2023.02.15-01.43.21:763][  0]LogNativeClassHierarchy: Verbose: Native class hierarchy updated for 'AddContentDialog' in 0.0003 seconds. Added 0 classes and 0 folders.
[2023.02.15-01.43.21:768][  0]LogNativeClassHierarchy: Verbose: Native class hierarchy updated for 'SceneOutliner' in 0.0003 seconds. Added 2 classes and 0 folders.
[2023.02.15-01.43.21:810][  0]LogSlate: Took 0.000246 seconds to synchronously load lazily loaded font '../../../Engine/Content/Slate/Fonts/Roboto-Regular.ttf' (155K)
[2023.02.15-01.43.21:811][  0]LogSlate: Took 0.000205 seconds to synchronously load lazily loaded font '../../../Engine/Content/Editor/Slate/Fonts/FontAwesome.ttf' (139K)
[2023.02.15-01.43.21:813][  0]LogSlate: Took 0.000518 seconds to synchronously load lazily loaded font '../../../Engine/Content/Slate/Fonts/Roboto-Bold.ttf' (160K)
[2023.02.15-01.43.21:937][  0]LogRenderer: Reallocating scene render targets to support 1208x572 Format 10 NumSamples 1 (Frame:1).
[2023.02.15-01.43.22:043][  0]LogSlate: Took 0.000303 seconds to synchronously load lazily loaded font '../../../Engine/Content/Slate/Fonts/Roboto-Light.ttf' (167K)
[2023.02.15-01.43.22:115][  0]LogNativeClassHierarchy: Verbose: Native class hierarchy updated for 'HierarchicalLODOutliner' in 0.0003 seconds. Added 0 classes and 0 folders.
[2023.02.15-01.43.22:115][  0]LogLoad: (Engine Initialization) Total time: 11.45 seconds
[2023.02.15-01.43.22:116][  0]LogLoad: (Engine Initialization) Total Blueprint compile time: 0.00 seconds
[2023.02.15-01.43.22:162][  0]LogAssetRegistry: Asset discovery search completed in 5.7084 seconds
[2023.02.15-01.43.22:168][  0]LogCollectionManager: Fixed up redirectors for 0 collections in 0.000003 seconds (updated 0 objects)
[2023.02.15-01.43.22:169][  0]LogContentStreaming: Texture pool size now 1000 MB
[2023.02.15-01.43.25:251][309]LogEditorViewport: Clicking on Actor (LMB): FirstPersonCharacter_C (FirstPersonCharacter2)
[2023.02.15-01.43.27:612][534]LogSlate: Took 0.000422 seconds to synchronously load lazily loaded font '../../../Engine/Content/Slate/Fonts/Roboto-Italic.ttf' (157K)
[2023.02.15-01.43.37:904][644]LogTemp: Repeating last play command: Selected Viewport
[2023.02.15-01.43.37:909][644]LogPlayLevel: PlayLevel: No blueprints needed recompiling
[2023.02.15-01.43.37:910][644]PIE: New page: PIE session: FirstPersonExampleMap (Feb. 14, 2023, 9:43:37 a.m.)
[2023.02.15-01.43.37:912][644]LogOnline: OSS: Creating online subsystem instance for: NULL
[2023.02.15-01.43.37:914][644]LogOnline: OSS: TryLoadSubsystemAndSetDefault: Loaded subsystem for module [NULL]
[2023.02.15-01.43.37:914][644]LogPlayLevel: Creating play world package: /Game/FirstPersonCPP/Maps/UEDPIE_0_FirstPersonExampleMap
[2023.02.15-01.43.37:930][644]LogPlayLevel: PIE: StaticDuplicateObject took: (0.015244s)
[2023.02.15-01.43.37:931][644]LogAIModule: Creating AISystem for world FirstPersonExampleMap
[2023.02.15-01.43.37:931][644]LogPlayLevel: PIE: World Init took: (0.001036s)
[2023.02.15-01.43.37:931][644]LogPlayLevel: PIE: Created PIE world by copying editor world from /Game/FirstPersonCPP/Maps/FirstPersonExampleMap.FirstPersonExampleMap to /Game/FirstPersonCPP/Maps/UEDPIE_0_FirstPersonExampleMap.FirstPersonExampleMap (0.016637s)
[2023.02.15-01.43.37:936][644]LogUObjectHash: Compacting FUObjectHashTables data took   0.65ms
[2023.02.15-01.43.37:938][644]LogAudio: Display: Creating Audio Device:                 Id: 2, Scope: Unique, Realtime: True
[2023.02.15-01.43.37:939][644]LogAudioMixer: Display: Audio Mixer Platform Settings:
[2023.02.15-01.43.37:939][644]LogAudioMixer: Display: 	Sample Rate:						  48000
[2023.02.15-01.43.37:939][644]LogAudioMixer: Display: 	Callback Buffer Frame Size Requested: 1024
[2023.02.15-01.43.37:939][644]LogAudioMixer: Display: 	Callback Buffer Frame Size To Use:	  1024
[2023.02.15-01.43.37:939][644]LogAudioMixer: Display: 	Number of buffers to queue:			  2
[2023.02.15-01.43.37:939][644]LogAudioMixer: Display: 	Max Channels (voices):				  32
[2023.02.15-01.43.37:939][644]LogAudioMixer: Display: 	Number of Async Source Workers:		  0
[2023.02.15-01.43.37:939][644]LogAudio: Display: AudioDevice MaxSources: 32
[2023.02.15-01.43.37:940][644]LogAudio: Display: Audio Spatialization Plugin: None (built-in).
[2023.02.15-01.43.37:940][644]LogAudio: Display: Audio Reverb Plugin: None (built-in).
[2023.02.15-01.43.37:941][644]LogAudio: Display: Audio Occlusion Plugin: None (built-in).
[2023.02.15-01.43.37:941][644]LogAudioMixer: Display: Initializing audio mixer.
[2023.02.15-01.43.37:949][644]LogAudioMixer: Display: 0: FrontLeft
[2023.02.15-01.43.37:949][644]LogAudioMixer: Display: 1: FrontRight
[2023.02.15-01.43.37:949][644]LogAudioMixer: Display: 2: FrontCenter
[2023.02.15-01.43.37:949][644]LogAudioMixer: Display: 3: LowFrequency
[2023.02.15-01.43.37:949][644]LogAudioMixer: Display: 4: BackLeft
[2023.02.15-01.43.37:949][644]LogAudioMixer: Display: 5: BackRight
[2023.02.15-01.43.37:949][644]LogAudioMixer: Display: 6: SideLeft
[2023.02.15-01.43.37:949][644]LogAudioMixer: Display: 7: SideRight
[2023.02.15-01.43.37:965][644]LogAudioMixer: Display: Using Audio Device Speakers (Logitech G935/G933s Gaming Headset)
[2023.02.15-01.43.37:966][644]LogAudioMixer: Display: Initializing Sound Submixes...
[2023.02.15-01.43.37:966][644]LogAudioMixer: Display: Creating Master Submix 'MasterSubmixDefault'
[2023.02.15-01.43.37:966][644]LogAudioMixer: Display: Creating Master Submix 'MasterReverbSubmixDefault'
[2023.02.15-01.43.37:966][644]LogAudioMixer: Display: Creating Master Submix 'MasterEQSubmixDefault'
[2023.02.15-01.43.37:966][644]LogAudioMixer: FMixerPlatformXAudio2::StartAudioStream() called
[2023.02.15-01.43.37:966][644]LogAudioMixer: Display: Output buffers initialized: Frames=1024, Channels=8, Samples=8192
[2023.02.15-01.43.37:968][644]LogAudioMixer: Display: Starting AudioMixerPlatformInterface::RunInternal()
[2023.02.15-01.43.37:968][644]LogAudioMixer: Display: FMixerPlatformXAudio2::SubmitBuffer() called for the first time
[2023.02.15-01.43.37:968][644]LogInit: FAudioDevice initialized.
[2023.02.15-01.43.37:968][644]LogAudio: Display: Audio Device (ID: 2) registered with world 'FirstPersonExampleMap'.
[2023.02.15-01.43.37:984][644]LogLoad: Game class is 'ElementalBrawlGameMode'
[2023.02.15-01.43.37:986][644]LogWorld: Bringing World /Game/FirstPersonCPP/Maps/UEDPIE_0_FirstPersonExampleMap.FirstPersonExampleMap up for play (max tick rate 0) at 2023.02.14-17.43.37
[2023.02.15-01.43.37:986][644]LogWorld: Bringing up level for play took: 0.001798
[2023.02.15-01.43.37:987][644]LogOnline: OSS: Creating online subsystem instance for: :Context_4
[2023.02.15-01.43.37:991][644]LogNativeClassHierarchy: Verbose: Native class hierarchy updated for 'MovieSceneCapture' in 0.0004 seconds. Added 20 classes and 0 folders.
[2023.02.15-01.43.37:991][644]LogOutputDevice: Warning: 

Script Stack (0 frames):

[2023.02.15-01.43.37:991][644]LogOutputDevice: Error: Ensure condition failed: Component->HasBegunPlay() [File:D:/Build/++UE4/Sync/Engine/Source/Runtime/Engine/Private/Actor.cpp] [Line: 3557] 
Failed to route BeginPlay (AirMoveset /Game/FirstPersonCPP/Maps/UEDPIE_0_FirstPersonExampleMap.FirstPersonExampleMap:PersistentLevel.FirstPersonCharacter_C_0.AirMoveset)

[2023.02.15-01.43.37:992][644]LogStats:             FDebug::EnsureFailed -  0.000 s
[2023.02.15-01.43.40:406][644]LogTemp: Moveset Attached
[2023.02.15-01.43.40:406][644]PIE: Server logged in
[2023.02.15-01.43.40:408][644]PIE: Play in editor total start time 2.499 seconds.
[2023.02.15-01.43.42:196][734]LogTemp: Time: 0.106166
[2023.02.15-01.43.42:514][772]LogTemp: Projectile Damage: 2.318499
[2023.02.15-01.43.43:072][839]LogTemp: Time: 0.099227
[2023.02.15-01.43.43:397][878]LogTemp: Projectile Damage: 2.297680
[2023.02.15-01.43.46:538][255]LogTemp: Time: 3.566067
[2023.02.15-01.43.46:789][285]LogTemp: Projectile Damage: 0.000000
[2023.02.15-01.43.51:118][799]LogSlate: Updating window title bar state: overlay mode, drag disabled, window buttons hidden, title bar hidden
[2023.02.15-01.43.51:118][799]LogWorld: BeginTearingDown for /Game/FirstPersonCPP/Maps/UEDPIE_0_FirstPersonExampleMap
[2023.02.15-01.43.51:118][799]LogWorld: UWorld::CleanupWorld for FirstPersonExampleMap, bSessionEnded=true, bCleanupResources=true
[2023.02.15-01.43.51:119][799]LogSlate: InvalidateAllWidgets triggered.  All widgets were invalidated
[2023.02.15-01.43.51:130][799]LogPlayLevel: Display: Shutting down PIE online subsystems
[2023.02.15-01.43.51:229][799]LogSlate: InvalidateAllWidgets triggered.  All widgets were invalidated
[2023.02.15-01.43.51:234][799]LogAudio: Display: Audio Device unregistered from world 'None'.
[2023.02.15-01.43.51:235][799]LogAudioMixer: FMixerPlatformXAudio2::StopAudioStream() called
[2023.02.15-01.43.51:236][799]LogAudioMixer: FMixerPlatformXAudio2::StopAudioStream() called
[2023.02.15-01.43.51:239][799]LogSlate: Updating window title bar state: overlay mode, drag disabled, window buttons hidden, title bar hidden
[2023.02.15-01.43.51:241][799]LogUObjectHash: Compacting FUObjectHashTables data took   0.69ms
[2023.02.15-01.43.51:278][800]LogPlayLevel: Display: Destroying online subsystem :Context_4
